<?xml version="1.0" encoding="UTF-8"?>
<coverage generated="1767974895153" clover="3.2.0">
  <project timestamp="1767974895153" name="All files">
    <metrics statements="1930" coveredstatements="309" conditionals="1187" coveredconditionals="142" methods="174" coveredmethods="33" elements="3291" coveredelements="484" complexity="0" loc="1930" ncloc="1930" packages="6" files="59" classes="59"/>
    <package name="controllers">
      <metrics statements="1229" coveredstatements="189" conditionals="909" coveredconditionals="123" methods="81" coveredmethods="12"/>
      <file name="attendanceController.js" path="D:\FuelFlow\server\src\controllers\attendanceController.js">
        <metrics statements="57" coveredstatements="0" conditionals="49" coveredconditionals="0" methods="3" coveredmethods="0"/>
        <line num="10" count="0" type="stmt"/>
        <line num="11" count="0" type="stmt"/>
        <line num="12" count="0" type="stmt"/>
        <line num="15" count="0" type="cond" truecount="0" falsecount="5"/>
        <line num="16" count="0" type="stmt"/>
        <line num="22" count="0" type="stmt"/>
        <line num="23" count="0" type="stmt"/>
        <line num="24" count="0" type="stmt"/>
        <line num="25" count="0" type="stmt"/>
        <line num="27" count="0" type="cond" truecount="0" falsecount="2"/>
        <line num="28" count="0" type="stmt"/>
        <line num="33" count="0" type="cond" truecount="0" falsecount="2"/>
        <line num="34" count="0" type="stmt"/>
        <line num="40" count="0" type="stmt"/>
        <line num="41" count="0" type="cond" truecount="0" falsecount="2"/>
        <line num="42" count="0" type="stmt"/>
        <line num="48" count="0" type="cond" truecount="0" falsecount="4"/>
        <line num="49" count="0" type="stmt"/>
        <line num="55" count="0" type="stmt"/>
        <line num="57" count="0" type="cond" truecount="0" falsecount="2"/>
        <line num="59" count="0" type="stmt"/>
        <line num="60" count="0" type="cond" truecount="0" falsecount="2"/>
        <line num="61" count="0" type="cond" truecount="0" falsecount="2"/>
        <line num="62" count="0" type="cond" truecount="0" falsecount="2"/>
        <line num="64" count="0" type="stmt"/>
        <line num="66" count="0" type="stmt"/>
        <line num="72" count="0" type="stmt"/>
        <line num="82" count="0" type="stmt"/>
        <line num="86" count="0" type="stmt"/>
        <line num="94" count="0" type="stmt"/>
        <line num="95" count="0" type="stmt"/>
        <line num="96" count="0" type="stmt"/>
        <line num="98" count="0" type="stmt"/>
        <line num="101" count="0" type="cond" truecount="0" falsecount="2"/>
        <line num="102" count="0" type="cond" truecount="0" falsecount="2"/>
        <line num="105" count="0" type="cond" truecount="0" falsecount="4"/>
        <line num="106" count="0" type="stmt"/>
        <line num="107" count="0" type="cond" truecount="0" falsecount="2"/>
        <line num="108" count="0" type="cond" truecount="0" falsecount="2"/>
        <line num="112" count="0" type="cond" truecount="0" falsecount="2"/>
        <line num="113" count="0" type="stmt"/>
        <line num="114" count="0" type="cond" truecount="0" falsecount="4"/>
        <line num="115" count="0" type="stmt"/>
        <line num="118" count="0" type="stmt"/>
        <line num="123" count="0" type="stmt"/>
        <line num="125" count="0" type="stmt"/>
        <line num="133" count="0" type="stmt"/>
        <line num="134" count="0" type="stmt"/>
        <line num="135" count="0" type="stmt"/>
        <line num="137" count="0" type="stmt"/>
        <line num="140" count="0" type="cond" truecount="0" falsecount="4"/>
        <line num="141" count="0" type="stmt"/>
        <line num="142" count="0" type="cond" truecount="0" falsecount="2"/>
        <line num="143" count="0" type="cond" truecount="0" falsecount="2"/>
        <line num="146" count="0" type="stmt"/>
        <line num="150" count="0" type="stmt"/>
        <line num="152" count="0" type="stmt"/>
      </file>
      <file name="auditLogController.js" path="D:\FuelFlow\server\src\controllers\auditLogController.js">
        <metrics statements="15" coveredstatements="0" conditionals="16" coveredconditionals="0" methods="1" coveredmethods="0"/>
        <line num="9" count="0" type="stmt"/>
        <line num="10" count="0" type="stmt"/>
        <line num="18" count="0" type="stmt"/>
        <line num="21" count="0" type="stmt"/>
        <line num="27" count="0" type="cond" truecount="0" falsecount="2"/>
        <line num="28" count="0" type="stmt"/>
        <line num="29" count="0" type="cond" truecount="0" falsecount="4"/>
        <line num="30" count="0" type="stmt"/>
        <line num="33" count="0" type="cond" truecount="0" falsecount="2"/>
        <line num="34" count="0" type="cond" truecount="0" falsecount="2"/>
        <line num="35" count="0" type="cond" truecount="0" falsecount="2"/>
        <line num="36" count="0" type="cond" truecount="0" falsecount="2"/>
        <line num="38" count="0" type="stmt"/>
        <line num="40" count="0" type="stmt"/>
        <line num="42" count="0" type="stmt"/>
      </file>
      <file name="authController.js" path="D:\FuelFlow\server\src\controllers\authController.js">
        <metrics statements="92" coveredstatements="63" conditionals="38" coveredconditionals="26" methods="6" coveredmethods="5"/>
        <line num="11" count="2" type="stmt"/>
        <line num="12" count="15" type="stmt"/>
        <line num="13" count="15" type="stmt"/>
        <line num="16" count="15" type="cond" truecount="4" falsecount="0"/>
        <line num="17" count="4" type="stmt"/>
        <line num="23" count="11" type="stmt"/>
        <line num="25" count="11" type="cond" truecount="2" falsecount="0"/>
        <line num="26" count="2" type="stmt"/>
        <line num="32" count="9" type="cond" truecount="2" falsecount="0"/>
        <line num="33" count="1" type="stmt"/>
        <line num="39" count="8" type="stmt"/>
        <line num="41" count="8" type="cond" truecount="2" falsecount="0"/>
        <line num="42" count="2" type="stmt"/>
        <line num="48" count="6" type="stmt"/>
        <line num="51" count="6" type="stmt"/>
        <line num="62" count="6" type="stmt"/>
        <line num="73" count="0" type="stmt"/>
        <line num="81" count="2" type="stmt"/>
        <line num="82" count="4" type="stmt"/>
        <line num="83" count="4" type="stmt"/>
        <line num="85" count="4" type="cond" truecount="2" falsecount="0"/>
        <line num="86" count="1" type="stmt"/>
        <line num="93" count="3" type="stmt"/>
        <line num="94" count="3" type="stmt"/>
        <line num="96" count="2" type="stmt"/>
        <line num="102" count="1" type="stmt"/>
        <line num="104" count="1" type="cond" truecount="1" falsecount="1"/>
        <line num="105" count="0" type="stmt"/>
        <line num="110" count="1" type="cond" truecount="1" falsecount="1"/>
        <line num="111" count="0" type="stmt"/>
        <line num="117" count="1" type="stmt"/>
        <line num="119" count="1" type="stmt"/>
        <line num="123" count="0" type="stmt"/>
        <line num="131" count="2" type="stmt"/>
        <line num="132" count="2" type="stmt"/>
        <line num="136" count="2" type="stmt"/>
        <line num="140" count="0" type="stmt"/>
        <line num="148" count="2" type="stmt"/>
        <line num="149" count="4" type="stmt"/>
        <line num="150" count="4" type="stmt"/>
        <line num="152" count="4" type="cond" truecount="2" falsecount="0"/>
        <line num="153" count="1" type="stmt"/>
        <line num="159" count="3" type="stmt"/>
        <line num="162" count="3" type="cond" truecount="2" falsecount="0"/>
        <line num="163" count="2" type="stmt"/>
        <line num="172" count="1" type="stmt"/>
        <line num="173" count="1" type="stmt"/>
        <line num="176" count="1" type="stmt"/>
        <line num="177" count="1" type="stmt"/>
        <line num="183" count="1" type="stmt"/>
        <line num="191" count="0" type="stmt"/>
        <line num="192" count="0" type="stmt"/>
        <line num="193" count="0" type="stmt"/>
        <line num="195" count="0" type="stmt"/>
        <line num="197" count="0" type="stmt"/>
        <line num="202" count="0" type="stmt"/>
        <line num="210" count="2" type="stmt"/>
        <line num="211" count="5" type="stmt"/>
        <line num="212" count="5" type="stmt"/>
        <line num="214" count="5" type="cond" truecount="4" falsecount="0"/>
        <line num="215" count="2" type="stmt"/>
        <line num="221" count="3" type="cond" truecount="2" falsecount="0"/>
        <line num="222" count="1" type="stmt"/>
        <line num="228" count="2" type="stmt"/>
        <line num="234" count="2" type="stmt"/>
        <line num="239" count="2" type="cond" truecount="2" falsecount="0"/>
        <line num="240" count="1" type="stmt"/>
        <line num="246" count="1" type="stmt"/>
        <line num="247" count="1" type="stmt"/>
        <line num="248" count="1" type="stmt"/>
        <line num="249" count="1" type="stmt"/>
        <line num="251" count="1" type="stmt"/>
        <line num="253" count="1" type="stmt"/>
        <line num="257" count="0" type="stmt"/>
        <line num="266" count="2" type="stmt"/>
        <line num="267" count="0" type="stmt"/>
        <line num="268" count="0" type="stmt"/>
        <line num="270" count="0" type="cond" truecount="0" falsecount="4"/>
        <line num="271" count="0" type="stmt"/>
        <line num="277" count="0" type="cond" truecount="0" falsecount="2"/>
        <line num="278" count="0" type="stmt"/>
        <line num="284" count="0" type="stmt"/>
        <line num="286" count="0" type="cond" truecount="0" falsecount="2"/>
        <line num="287" count="0" type="stmt"/>
        <line num="293" count="0" type="stmt"/>
        <line num="295" count="0" type="cond" truecount="0" falsecount="2"/>
        <line num="296" count="0" type="stmt"/>
        <line num="302" count="0" type="stmt"/>
        <line num="303" count="0" type="stmt"/>
        <line num="304" count="0" type="stmt"/>
        <line num="306" count="0" type="stmt"/>
        <line num="310" count="0" type="stmt"/>
      </file>
      <file name="inventoryController.js" path="D:\FuelFlow\server\src\controllers\inventoryController.js">
        <metrics statements="73" coveredstatements="0" conditionals="62" coveredconditionals="0" methods="7" coveredmethods="0"/>
        <line num="10" count="0" type="stmt"/>
        <line num="11" count="0" type="stmt"/>
        <line num="12" count="0" type="stmt"/>
        <line num="15" count="0" type="stmt"/>
        <line num="16" count="0" type="cond" truecount="0" falsecount="4"/>
        <line num="17" count="0" type="stmt"/>
        <line num="21" count="0" type="cond" truecount="0" falsecount="4"/>
        <line num="23" count="0" type="stmt"/>
        <line num="24" count="0" type="cond" truecount="0" falsecount="2"/>
        <line num="26" count="0" type="stmt"/>
        <line num="57" count="0" type="stmt"/>
        <line num="60" count="0" type="cond" truecount="0" falsecount="2"/>
        <line num="61" count="0" type="stmt"/>
        <line num="69" count="0" type="stmt"/>
        <line num="72" count="0" type="stmt"/>
        <line num="73" count="0" type="cond" truecount="0" falsecount="2"/>
        <line num="75" count="0" type="stmt"/>
        <line num="94" count="0" type="stmt"/>
        <line num="95" count="0" type="stmt"/>
        <line num="96" count="0" type="stmt"/>
        <line num="100" count="0" type="stmt"/>
        <line num="106" count="0" type="stmt"/>
        <line num="108" count="0" type="stmt"/>
        <line num="117" count="0" type="stmt"/>
        <line num="118" count="0" type="stmt"/>
        <line num="119" count="0" type="stmt"/>
        <line num="122" count="0" type="cond" truecount="0" falsecount="4"/>
        <line num="123" count="0" type="stmt"/>
        <line num="131" count="0" type="cond" truecount="0" falsecount="2"/>
        <line num="133" count="0" type="cond" truecount="0" falsecount="2"/>
        <line num="134" count="0" type="stmt"/>
        <line num="140" count="0" type="stmt"/>
        <line num="150" count="0" type="stmt"/>
        <line num="154" count="0" type="stmt"/>
        <line num="163" count="0" type="stmt"/>
        <line num="164" count="0" type="stmt"/>
        <line num="165" count="0" type="stmt"/>
        <line num="168" count="0" type="cond" truecount="0" falsecount="4"/>
        <line num="169" count="0" type="stmt"/>
        <line num="177" count="0" type="cond" truecount="0" falsecount="2"/>
        <line num="179" count="0" type="cond" truecount="0" falsecount="2"/>
        <line num="180" count="0" type="stmt"/>
        <line num="186" count="0" type="stmt"/>
        <line num="195" count="0" type="stmt"/>
        <line num="199" count="0" type="stmt"/>
        <line num="207" count="0" type="stmt"/>
        <line num="208" count="0" type="stmt"/>
        <line num="209" count="0" type="stmt"/>
        <line num="212" count="0" type="stmt"/>
        <line num="213" count="0" type="cond" truecount="0" falsecount="2"/>
        <line num="214" count="0" type="stmt"/>
        <line num="217" count="0" type="stmt"/>
        <line num="218" count="0" type="cond" truecount="0" falsecount="2"/>
        <line num="219" count="0" type="cond" truecount="0" falsecount="2"/>
        <line num="220" count="0" type="cond" truecount="0" falsecount="2"/>
        <line num="223" count="0" type="cond" truecount="0" falsecount="4"/>
        <line num="224" count="0" type="stmt"/>
        <line num="225" count="0" type="cond" truecount="0" falsecount="2"/>
        <line num="226" count="0" type="cond" truecount="0" falsecount="2"/>
        <line num="229" count="0" type="stmt"/>
        <line num="234" count="0" type="stmt"/>
        <line num="236" count="0" type="stmt"/>
        <line num="245" count="0" type="stmt"/>
        <line num="246" count="0" type="stmt"/>
        <line num="247" count="0" type="stmt"/>
        <line num="249" count="0" type="cond" truecount="0" falsecount="4"/>
        <line num="250" count="0" type="stmt"/>
        <line num="261" count="0" type="cond" truecount="0" falsecount="2"/>
        <line num="263" count="0" type="cond" truecount="0" falsecount="2"/>
        <line num="264" count="0" type="stmt"/>
        <line num="270" count="0" type="stmt"/>
        <line num="276" count="0" type="stmt"/>
        <line num="280" count="0" type="stmt"/>
      </file>
      <file name="notificationController.js" path="D:\FuelFlow\server\src\controllers\notificationController.js">
        <metrics statements="22" coveredstatements="0" conditionals="6" coveredconditionals="0" methods="3" coveredmethods="0"/>
        <line num="14" count="0" type="stmt"/>
        <line num="15" count="0" type="stmt"/>
        <line num="16" count="0" type="cond" truecount="0" falsecount="2"/>
        <line num="18" count="0" type="stmt"/>
        <line num="24" count="0" type="stmt"/>
        <line num="26" count="0" type="stmt"/>
        <line num="33" count="0" type="stmt"/>
        <line num="42" count="0" type="stmt"/>
        <line num="43" count="0" type="stmt"/>
        <line num="44" count="0" type="stmt"/>
        <line num="46" count="0" type="stmt"/>
        <line num="48" count="0" type="cond" truecount="0" falsecount="2"/>
        <line num="49" count="0" type="stmt"/>
        <line num="55" count="0" type="cond" truecount="0" falsecount="2"/>
        <line num="56" count="0" type="stmt"/>
        <line num="61" count="0" type="stmt"/>
        <line num="65" count="0" type="stmt"/>
        <line num="74" count="0" type="stmt"/>
        <line num="75" count="0" type="stmt"/>
        <line num="76" count="0" type="stmt"/>
        <line num="78" count="0" type="stmt"/>
        <line num="85" count="0" type="stmt"/>
      </file>
      <file name="orderController.js" path="D:\FuelFlow\server\src\controllers\orderController.js">
        <metrics statements="95" coveredstatements="0" conditionals="74" coveredconditionals="0" methods="4" coveredmethods="0"/>
        <line num="18" count="0" type="stmt"/>
        <line num="19" count="0" type="stmt"/>
        <line num="21" count="0" type="stmt"/>
        <line num="24" count="0" type="cond" truecount="0" falsecount="6"/>
        <line num="25" count="0" type="stmt"/>
        <line num="36" count="0" type="cond" truecount="0" falsecount="2"/>
        <line num="38" count="0" type="cond" truecount="0" falsecount="2"/>
        <line num="39" count="0" type="stmt"/>
        <line num="45" count="0" type="stmt"/>
        <line num="46" count="0" type="cond" truecount="0" falsecount="2"/>
        <line num="47" count="0" type="stmt"/>
        <line num="52" count="0" type="cond" truecount="0" falsecount="2"/>
        <line num="53" count="0" type="stmt"/>
        <line num="59" count="0" type="stmt"/>
        <line num="62" count="0" type="stmt"/>
        <line num="75" count="0" type="stmt"/>
        <line num="76" count="0" type="stmt"/>
        <line num="77" count="0" type="stmt"/>
        <line num="78" count="0" type="stmt"/>
        <line num="80" count="0" type="cond" truecount="0" falsecount="2"/>
        <line num="81" count="0" type="stmt"/>
        <line num="82" count="0" type="stmt"/>
        <line num="86" count="0" type="stmt"/>
        <line num="91" count="0" type="stmt"/>
        <line num="92" count="0" type="stmt"/>
        <line num="98" count="0" type="cond" truecount="0" falsecount="2"/>
        <line num="99" count="0" type="stmt"/>
        <line num="100" count="0" type="stmt"/>
        <line num="102" count="0" type="stmt"/>
        <line num="106" count="0" type="cond" truecount="0" falsecount="2"/>
        <line num="108" count="0" type="stmt"/>
        <line num="109" count="0" type="stmt"/>
        <line num="115" count="0" type="stmt"/>
        <line num="116" count="0" type="stmt"/>
        <line num="119" count="0" type="stmt"/>
        <line num="120" count="0" type="stmt"/>
        <line num="139" count="0" type="stmt"/>
        <line num="145" count="0" type="stmt"/>
        <line num="146" count="0" type="stmt"/>
        <line num="148" count="0" type="stmt"/>
        <line num="153" count="0" type="stmt"/>
        <line num="159" count="0" type="stmt"/>
        <line num="168" count="0" type="stmt"/>
        <line num="176" count="0" type="stmt"/>
        <line num="177" count="0" type="stmt"/>
        <line num="178" count="0" type="stmt"/>
        <line num="180" count="0" type="stmt"/>
        <line num="183" count="0" type="cond" truecount="0" falsecount="2"/>
        <line num="184" count="0" type="stmt"/>
        <line num="185" count="0" type="cond" truecount="0" falsecount="4"/>
        <line num="186" count="0" type="stmt"/>
        <line num="190" count="0" type="cond" truecount="0" falsecount="2"/>
        <line num="193" count="0" type="cond" truecount="0" falsecount="4"/>
        <line num="194" count="0" type="stmt"/>
        <line num="195" count="0" type="cond" truecount="0" falsecount="2"/>
        <line num="196" count="0" type="cond" truecount="0" falsecount="2"/>
        <line num="199" count="0" type="stmt"/>
        <line num="206" count="0" type="stmt"/>
        <line num="208" count="0" type="stmt"/>
        <line num="217" count="0" type="stmt"/>
        <line num="218" count="0" type="stmt"/>
        <line num="219" count="0" type="stmt"/>
        <line num="220" count="0" type="stmt"/>
        <line num="222" count="0" type="cond" truecount="0" falsecount="2"/>
        <line num="223" count="0" type="stmt"/>
        <line num="229" count="0" type="stmt"/>
        <line num="236" count="0" type="cond" truecount="0" falsecount="2"/>
        <line num="237" count="0" type="stmt"/>
        <line num="247" count="0" type="stmt"/>
        <line num="249" count="0" type="cond" truecount="0" falsecount="2"/>
        <line num="250" count="0" type="stmt"/>
        <line num="254" count="0" type="stmt"/>
        <line num="255" count="0" type="stmt"/>
        <line num="257" count="0" type="cond" truecount="0" falsecount="4"/>
        <line num="258" count="0" type="stmt"/>
        <line num="262" count="0" type="cond" truecount="0" falsecount="4"/>
        <line num="263" count="0" type="stmt"/>
        <line num="274" count="0" type="stmt"/>
        <line num="275" count="0" type="stmt"/>
        <line num="278" count="0" type="cond" truecount="0" falsecount="2"/>
        <line num="279" count="0" type="stmt"/>
        <line num="280" count="0" type="stmt"/>
        <line num="291" count="0" type="stmt"/>
        <line num="297" count="0" type="stmt"/>
        <line num="301" count="0" type="stmt"/>
        <line num="309" count="0" type="stmt"/>
        <line num="310" count="0" type="stmt"/>
        <line num="311" count="0" type="stmt"/>
        <line num="313" count="0" type="stmt"/>
        <line num="319" count="0" type="cond" truecount="0" falsecount="2"/>
        <line num="320" count="0" type="stmt"/>
        <line num="324" count="0" type="cond" truecount="0" falsecount="2"/>
        <line num="328" count="0" type="stmt"/>
        <line num="331" count="0" type="stmt"/>
        <line num="333" count="0" type="stmt"/>
      </file>
      <file name="payrollController.js" path="D:\FuelFlow\server\src\controllers\payrollController.js">
        <metrics statements="86" coveredstatements="0" conditionals="62" coveredconditionals="0" methods="7" coveredmethods="0"/>
        <line num="16" count="0" type="stmt"/>
        <line num="17" count="0" type="stmt"/>
        <line num="18" count="0" type="stmt"/>
        <line num="21" count="0" type="cond" truecount="0" falsecount="4"/>
        <line num="22" count="0" type="stmt"/>
        <line num="27" count="0" type="cond" truecount="0" falsecount="2"/>
        <line num="29" count="0" type="cond" truecount="0" falsecount="2"/>
        <line num="30" count="0" type="stmt"/>
        <line num="36" count="0" type="stmt"/>
        <line num="43" count="0" type="stmt"/>
        <line num="44" count="0" type="stmt"/>
        <line num="49" count="0" type="stmt"/>
        <line num="56" count="0" type="stmt"/>
        <line num="65" count="0" type="stmt"/>
        <line num="66" count="0" type="stmt"/>
        <line num="67" count="0" type="stmt"/>
        <line num="70" count="0" type="stmt"/>
        <line num="74" count="0" type="cond" truecount="0" falsecount="2"/>
        <line num="75" count="0" type="stmt"/>
        <line num="81" count="0" type="cond" truecount="0" falsecount="2"/>
        <line num="82" count="0" type="cond" truecount="0" falsecount="2"/>
        <line num="83" count="0" type="stmt"/>
        <line num="90" count="0" type="cond" truecount="0" falsecount="2"/>
        <line num="91" count="0" type="stmt"/>
        <line num="97" count="0" type="stmt"/>
        <line num="98" count="0" type="stmt"/>
        <line num="99" count="0" type="stmt"/>
        <line num="100" count="0" type="stmt"/>
        <line num="103" count="0" type="stmt"/>
        <line num="104" count="0" type="stmt"/>
        <line num="118" count="0" type="stmt"/>
        <line num="123" count="0" type="stmt"/>
        <line num="128" count="0" type="stmt"/>
        <line num="132" count="0" type="stmt"/>
        <line num="141" count="0" type="stmt"/>
        <line num="142" count="0" type="stmt"/>
        <line num="143" count="0" type="stmt"/>
        <line num="145" count="0" type="cond" truecount="0" falsecount="2"/>
        <line num="147" count="0" type="cond" truecount="0" falsecount="2"/>
        <line num="148" count="0" type="stmt"/>
        <line num="153" count="0" type="stmt"/>
        <line num="159" count="0" type="stmt"/>
        <line num="161" count="0" type="stmt"/>
        <line num="169" count="0" type="stmt"/>
        <line num="170" count="0" type="stmt"/>
        <line num="171" count="0" type="stmt"/>
        <line num="173" count="0" type="stmt"/>
        <line num="176" count="0" type="cond" truecount="0" falsecount="2"/>
        <line num="177" count="0" type="cond" truecount="0" falsecount="2"/>
        <line num="178" count="0" type="cond" truecount="0" falsecount="2"/>
        <line num="181" count="0" type="cond" truecount="0" falsecount="4"/>
        <line num="182" count="0" type="stmt"/>
        <line num="183" count="0" type="cond" truecount="0" falsecount="2"/>
        <line num="184" count="0" type="cond" truecount="0" falsecount="2"/>
        <line num="188" count="0" type="cond" truecount="0" falsecount="2"/>
        <line num="189" count="0" type="stmt"/>
        <line num="190" count="0" type="cond" truecount="0" falsecount="4"/>
        <line num="191" count="0" type="stmt"/>
        <line num="194" count="0" type="stmt"/>
        <line num="200" count="0" type="stmt"/>
        <line num="202" count="0" type="stmt"/>
        <line num="210" count="0" type="stmt"/>
        <line num="211" count="0" type="stmt"/>
        <line num="212" count="0" type="stmt"/>
        <line num="214" count="0" type="stmt"/>
        <line num="217" count="0" type="cond" truecount="0" falsecount="4"/>
        <line num="218" count="0" type="stmt"/>
        <line num="219" count="0" type="cond" truecount="0" falsecount="2"/>
        <line num="220" count="0" type="cond" truecount="0" falsecount="2"/>
        <line num="223" count="0" type="stmt"/>
        <line num="228" count="0" type="stmt"/>
        <line num="230" count="0" type="stmt"/>
        <line num="238" count="0" type="stmt"/>
        <line num="239" count="0" type="stmt"/>
        <line num="240" count="0" type="stmt"/>
        <line num="242" count="0" type="stmt"/>
        <line num="248" count="0" type="cond" truecount="0" falsecount="2"/>
        <line num="249" count="0" type="stmt"/>
        <line num="255" count="0" type="cond" truecount="0" falsecount="2"/>
        <line num="256" count="0" type="cond" truecount="0" falsecount="2"/>
        <line num="257" count="0" type="stmt"/>
        <line num="261" count="0" type="cond" truecount="0" falsecount="2"/>
        <line num="262" count="0" type="cond" truecount="0" falsecount="2"/>
        <line num="263" count="0" type="stmt"/>
        <line num="269" count="0" type="stmt"/>
        <line num="271" count="0" type="stmt"/>
      </file>
      <file name="preferencesController.js" path="D:\FuelFlow\server\src\controllers\preferencesController.js">
        <metrics statements="20" coveredstatements="0" conditionals="12" coveredconditionals="0" methods="2" coveredmethods="0"/>
        <line num="8" count="0" type="stmt"/>
        <line num="9" count="0" type="stmt"/>
        <line num="10" count="0" type="stmt"/>
        <line num="12" count="0" type="cond" truecount="0" falsecount="2"/>
        <line num="13" count="0" type="stmt"/>
        <line num="18" count="0" type="stmt"/>
        <line num="20" count="0" type="stmt"/>
        <line num="28" count="0" type="stmt"/>
        <line num="29" count="0" type="stmt"/>
        <line num="30" count="0" type="stmt"/>
        <line num="32" count="0" type="stmt"/>
        <line num="34" count="0" type="cond" truecount="0" falsecount="2"/>
        <line num="35" count="0" type="stmt"/>
        <line num="41" count="0" type="cond" truecount="0" falsecount="4"/>
        <line num="42" count="0" type="stmt"/>
        <line num="45" count="0" type="cond" truecount="0" falsecount="4"/>
        <line num="46" count="0" type="stmt"/>
        <line num="49" count="0" type="stmt"/>
        <line num="51" count="0" type="stmt"/>
        <line num="55" count="0" type="stmt"/>
      </file>
      <file name="priceController.js" path="D:\FuelFlow\server\src\controllers\priceController.js">
        <metrics statements="23" coveredstatements="0" conditionals="8" coveredconditionals="0" methods="3" coveredmethods="0"/>
        <line num="8" count="0" type="stmt"/>
        <line num="9" count="0" type="stmt"/>
        <line num="11" count="0" type="stmt"/>
        <line num="12" count="0" type="stmt"/>
        <line num="14" count="0" type="stmt"/>
        <line num="42" count="0" type="stmt"/>
        <line num="44" count="0" type="stmt"/>
        <line num="53" count="0" type="stmt"/>
        <line num="54" count="0" type="stmt"/>
        <line num="55" count="0" type="stmt"/>
        <line num="58" count="0" type="cond" truecount="0" falsecount="4"/>
        <line num="59" count="0" type="stmt"/>
        <line num="64" count="0" type="stmt"/>
        <line num="72" count="0" type="stmt"/>
        <line num="76" count="0" type="stmt"/>
        <line num="85" count="0" type="stmt"/>
        <line num="86" count="0" type="stmt"/>
        <line num="87" count="0" type="stmt"/>
        <line num="89" count="0" type="stmt"/>
        <line num="90" count="0" type="cond" truecount="0" falsecount="2"/>
        <line num="92" count="0" type="stmt"/>
        <line num="97" count="0" type="stmt"/>
        <line num="99" count="0" type="stmt"/>
      </file>
      <file name="pumpController.js" path="D:\FuelFlow\server\src\controllers\pumpController.js">
        <metrics statements="62" coveredstatements="0" conditionals="26" coveredconditionals="0" methods="6" coveredmethods="0"/>
        <line num="8" count="0" type="stmt"/>
        <line num="9" count="0" type="stmt"/>
        <line num="10" count="0" type="stmt"/>
        <line num="13" count="0" type="cond" truecount="0" falsecount="2"/>
        <line num="14" count="0" type="stmt"/>
        <line num="20" count="0" type="stmt"/>
        <line num="27" count="0" type="stmt"/>
        <line num="31" count="0" type="stmt"/>
        <line num="39" count="0" type="stmt"/>
        <line num="40" count="0" type="stmt"/>
        <line num="41" count="0" type="stmt"/>
        <line num="44" count="0" type="cond" truecount="0" falsecount="2"/>
        <line num="45" count="0" type="cond" truecount="0" falsecount="2"/>
        <line num="46" count="0" type="stmt"/>
        <line num="48" count="0" type="stmt"/>
        <line num="51" count="0" type="stmt"/>
        <line num="55" count="0" type="stmt"/>
        <line num="57" count="0" type="stmt"/>
        <line num="65" count="0" type="stmt"/>
        <line num="66" count="0" type="stmt"/>
        <line num="67" count="0" type="stmt"/>
        <line num="70" count="0" type="cond" truecount="0" falsecount="4"/>
        <line num="71" count="0" type="stmt"/>
        <line num="76" count="0" type="stmt"/>
        <line num="78" count="0" type="cond" truecount="0" falsecount="2"/>
        <line num="79" count="0" type="stmt"/>
        <line num="84" count="0" type="stmt"/>
        <line num="86" count="0" type="stmt"/>
        <line num="94" count="0" type="stmt"/>
        <line num="95" count="0" type="stmt"/>
        <line num="96" count="0" type="stmt"/>
        <line num="97" count="0" type="stmt"/>
        <line num="99" count="0" type="stmt"/>
        <line num="101" count="0" type="cond" truecount="0" falsecount="2"/>
        <line num="102" count="0" type="stmt"/>
        <line num="108" count="0" type="cond" truecount="0" falsecount="2"/>
        <line num="109" count="0" type="cond" truecount="0" falsecount="2"/>
        <line num="110" count="0" type="cond" truecount="0" falsecount="2"/>
        <line num="111" count="0" type="cond" truecount="0" falsecount="2"/>
        <line num="113" count="0" type="stmt"/>
        <line num="115" count="0" type="stmt"/>
        <line num="119" count="0" type="stmt"/>
        <line num="127" count="0" type="stmt"/>
        <line num="128" count="0" type="stmt"/>
        <line num="129" count="0" type="stmt"/>
        <line num="130" count="0" type="stmt"/>
        <line num="132" count="0" type="stmt"/>
        <line num="134" count="0" type="cond" truecount="0" falsecount="2"/>
        <line num="135" count="0" type="stmt"/>
        <line num="141" count="0" type="stmt"/>
        <line num="142" count="0" type="stmt"/>
        <line num="145" count="0" type="stmt"/>
        <line num="148" count="0" type="stmt"/>
        <line num="149" count="0" type="stmt"/>
        <line num="150" count="0" type="stmt"/>
        <line num="157" count="0" type="stmt"/>
        <line num="161" count="0" type="stmt"/>
        <line num="164" count="0" type="stmt"/>
        <line num="167" count="0" type="stmt"/>
        <line num="168" count="0" type="stmt"/>
        <line num="170" count="0" type="stmt"/>
        <line num="180" count="0" type="stmt"/>
      </file>
      <file name="salesController.js" path="D:\FuelFlow\server\src\controllers\salesController.js">
        <metrics statements="71" coveredstatements="0" conditionals="51" coveredconditionals="0" methods="3" coveredmethods="0"/>
        <line num="16" count="0" type="stmt"/>
        <line num="17" count="0" type="stmt"/>
        <line num="18" count="0" type="stmt"/>
        <line num="21" count="0" type="cond" truecount="0" falsecount="5"/>
        <line num="22" count="0" type="stmt"/>
        <line num="32" count="0" type="stmt"/>
        <line num="34" count="0" type="cond" truecount="0" falsecount="2"/>
        <line num="35" count="0" type="stmt"/>
        <line num="43" count="0" type="stmt"/>
        <line num="45" count="0" type="cond" truecount="0" falsecount="2"/>
        <line num="46" count="0" type="stmt"/>
        <line num="50" count="0" type="stmt"/>
        <line num="59" count="0" type="stmt"/>
        <line num="60" count="0" type="stmt"/>
        <line num="61" count="0" type="stmt"/>
        <line num="62" count="0" type="stmt"/>
        <line num="64" count="0" type="cond" truecount="0" falsecount="2"/>
        <line num="65" count="0" type="stmt"/>
        <line num="66" count="0" type="stmt"/>
        <line num="67" count="0" type="stmt"/>
        <line num="71" count="0" type="stmt"/>
        <line num="76" count="0" type="stmt"/>
        <line num="82" count="0" type="cond" truecount="0" falsecount="4"/>
        <line num="83" count="0" type="stmt"/>
        <line num="85" count="0" type="stmt"/>
        <line num="89" count="0" type="cond" truecount="0" falsecount="2"/>
        <line num="91" count="0" type="stmt"/>
        <line num="92" count="0" type="stmt"/>
        <line num="100" count="0" type="stmt"/>
        <line num="101" count="0" type="stmt"/>
        <line num="104" count="0" type="stmt"/>
        <line num="114" count="0" type="stmt"/>
        <line num="119" count="0" type="stmt"/>
        <line num="123" count="0" type="stmt"/>
        <line num="131" count="0" type="stmt"/>
        <line num="132" count="0" type="stmt"/>
        <line num="133" count="0" type="stmt"/>
        <line num="135" count="0" type="stmt"/>
        <line num="138" count="0" type="cond" truecount="0" falsecount="2"/>
        <line num="139" count="0" type="cond" truecount="0" falsecount="2"/>
        <line num="140" count="0" type="cond" truecount="0" falsecount="2"/>
        <line num="143" count="0" type="cond" truecount="0" falsecount="4"/>
        <line num="144" count="0" type="stmt"/>
        <line num="145" count="0" type="cond" truecount="0" falsecount="2"/>
        <line num="146" count="0" type="cond" truecount="0" falsecount="2"/>
        <line num="150" count="0" type="cond" truecount="0" falsecount="2"/>
        <line num="151" count="0" type="stmt"/>
        <line num="152" count="0" type="cond" truecount="0" falsecount="2"/>
        <line num="153" count="0" type="stmt"/>
        <line num="154" count="0" type="cond" truecount="0" falsecount="2"/>
        <line num="155" count="0" type="stmt"/>
        <line num="163" count="0" type="cond" truecount="0" falsecount="2"/>
        <line num="165" count="0" type="stmt"/>
        <line num="172" count="0" type="stmt"/>
        <line num="174" count="0" type="stmt"/>
        <line num="182" count="0" type="stmt"/>
        <line num="183" count="0" type="stmt"/>
        <line num="184" count="0" type="stmt"/>
        <line num="186" count="0" type="stmt"/>
        <line num="191" count="0" type="cond" truecount="0" falsecount="2"/>
        <line num="192" count="0" type="stmt"/>
        <line num="196" count="0" type="cond" truecount="0" falsecount="2"/>
        <line num="197" count="0" type="cond" truecount="0" falsecount="2"/>
        <line num="198" count="0" type="stmt"/>
        <line num="200" count="0" type="cond" truecount="0" falsecount="2"/>
        <line num="201" count="0" type="cond" truecount="0" falsecount="2"/>
        <line num="202" count="0" type="stmt"/>
        <line num="204" count="0" type="cond" truecount="0" falsecount="2"/>
        <line num="205" count="0" type="stmt"/>
        <line num="208" count="0" type="stmt"/>
        <line num="210" count="0" type="stmt"/>
      </file>
      <file name="schedulePeriodController.js" path="D:\FuelFlow\server\src\controllers\schedulePeriodController.js">
        <metrics statements="70" coveredstatements="0" conditionals="40" coveredconditionals="0" methods="4" coveredmethods="0"/>
        <line num="12" count="0" type="stmt"/>
        <line num="13" count="0" type="stmt"/>
        <line num="14" count="0" type="stmt"/>
        <line num="16" count="0" type="cond" truecount="0" falsecount="4"/>
        <line num="17" count="0" type="stmt"/>
        <line num="23" count="0" type="cond" truecount="0" falsecount="2"/>
        <line num="25" count="0" type="cond" truecount="0" falsecount="2"/>
        <line num="26" count="0" type="stmt"/>
        <line num="32" count="0" type="stmt"/>
        <line num="42" count="0" type="cond" truecount="0" falsecount="2"/>
        <line num="43" count="0" type="stmt"/>
        <line num="48" count="0" type="stmt"/>
        <line num="55" count="0" type="stmt"/>
        <line num="59" count="0" type="stmt"/>
        <line num="63" count="0" type="stmt"/>
        <line num="72" count="0" type="stmt"/>
        <line num="73" count="0" type="stmt"/>
        <line num="74" count="0" type="stmt"/>
        <line num="76" count="0" type="stmt"/>
        <line num="79" count="0" type="cond" truecount="0" falsecount="2"/>
        <line num="80" count="0" type="stmt"/>
        <line num="81" count="0" type="cond" truecount="0" falsecount="4"/>
        <line num="82" count="0" type="stmt"/>
        <line num="85" count="0" type="cond" truecount="0" falsecount="2"/>
        <line num="86" count="0" type="stmt"/>
        <line num="89" count="0" type="cond" truecount="0" falsecount="4"/>
        <line num="90" count="0" type="stmt"/>
        <line num="91" count="0" type="cond" truecount="0" falsecount="2"/>
        <line num="92" count="0" type="cond" truecount="0" falsecount="2"/>
        <line num="95" count="0" type="stmt"/>
        <line num="101" count="0" type="stmt"/>
        <line num="103" count="0" type="stmt"/>
        <line num="112" count="0" type="stmt"/>
        <line num="113" count="0" type="stmt"/>
        <line num="114" count="0" type="stmt"/>
        <line num="116" count="0" type="stmt"/>
        <line num="118" count="0" type="cond" truecount="0" falsecount="2"/>
        <line num="119" count="0" type="stmt"/>
        <line num="125" count="0" type="cond" truecount="0" falsecount="4"/>
        <line num="126" count="0" type="stmt"/>
        <line num="131" count="0" type="cond" truecount="0" falsecount="2"/>
        <line num="132" count="0" type="stmt"/>
        <line num="138" count="0" type="stmt"/>
        <line num="151" count="0" type="stmt"/>
        <line num="152" count="0" type="stmt"/>
        <line num="153" count="0" type="stmt"/>
        <line num="154" count="0" type="stmt"/>
        <line num="157" count="0" type="stmt"/>
        <line num="160" count="0" type="stmt"/>
        <line num="168" count="0" type="cond" truecount="0" falsecount="2"/>
        <line num="169" count="0" type="stmt"/>
        <line num="178" count="0" type="stmt"/>
        <line num="182" count="0" type="stmt"/>
        <line num="193" count="0" type="stmt"/>
        <line num="202" count="0" type="stmt"/>
        <line num="203" count="0" type="stmt"/>
        <line num="204" count="0" type="stmt"/>
        <line num="206" count="0" type="stmt"/>
        <line num="208" count="0" type="cond" truecount="0" falsecount="2"/>
        <line num="209" count="0" type="stmt"/>
        <line num="214" count="0" type="cond" truecount="0" falsecount="2"/>
        <line num="215" count="0" type="stmt"/>
        <line num="221" count="0" type="stmt"/>
        <line num="234" count="0" type="stmt"/>
        <line num="235" count="0" type="stmt"/>
        <line num="236" count="0" type="stmt"/>
        <line num="237" count="0" type="stmt"/>
        <line num="240" count="0" type="stmt"/>
        <line num="242" count="0" type="stmt"/>
        <line num="246" count="0" type="stmt"/>
      </file>
      <file name="shiftController.js" path="D:\FuelFlow\server\src\controllers\shiftController.js">
        <metrics statements="232" coveredstatements="0" conditionals="201" coveredconditionals="0" methods="13" coveredmethods="0"/>
        <line num="13" count="0" type="stmt"/>
        <line num="14" count="0" type="stmt"/>
        <line num="22" count="0" type="stmt"/>
        <line num="25" count="0" type="cond" truecount="0" falsecount="6"/>
        <line num="26" count="0" type="stmt"/>
        <line num="32" count="0" type="cond" truecount="0" falsecount="2"/>
        <line num="34" count="0" type="cond" truecount="0" falsecount="2"/>
        <line num="35" count="0" type="stmt"/>
        <line num="41" count="0" type="stmt"/>
        <line num="42" count="0" type="cond" truecount="0" falsecount="2"/>
        <line num="43" count="0" type="stmt"/>
        <line num="48" count="0" type="cond" truecount="0" falsecount="2"/>
        <line num="49" count="0" type="stmt"/>
        <line num="55" count="0" type="stmt"/>
        <line num="64" count="0" type="stmt"/>
        <line num="72" count="0" type="cond" truecount="0" falsecount="2"/>
        <line num="73" count="0" type="stmt"/>
        <line num="82" count="0" type="stmt"/>
        <line num="95" count="0" type="stmt"/>
        <line num="98" count="0" type="stmt"/>
        <line num="100" count="0" type="stmt"/>
        <line num="105" count="0" type="stmt"/>
        <line num="115" count="0" type="stmt"/>
        <line num="123" count="0" type="stmt"/>
        <line num="124" count="0" type="stmt"/>
        <line num="132" count="0" type="stmt"/>
        <line num="134" count="0" type="stmt"/>
        <line num="137" count="0" type="cond" truecount="0" falsecount="2"/>
        <line num="138" count="0" type="stmt"/>
        <line num="142" count="0" type="cond" truecount="0" falsecount="2"/>
        <line num="143" count="0" type="cond" truecount="0" falsecount="2"/>
        <line num="144" count="0" type="cond" truecount="0" falsecount="2"/>
        <line num="147" count="0" type="cond" truecount="0" falsecount="4"/>
        <line num="148" count="0" type="stmt"/>
        <line num="149" count="0" type="cond" truecount="0" falsecount="2"/>
        <line num="150" count="0" type="cond" truecount="0" falsecount="2"/>
        <line num="154" count="0" type="cond" truecount="0" falsecount="2"/>
        <line num="155" count="0" type="stmt"/>
        <line num="156" count="0" type="cond" truecount="0" falsecount="4"/>
        <line num="157" count="0" type="stmt"/>
        <line num="158" count="0" type="cond" truecount="0" falsecount="4"/>
        <line num="159" count="0" type="stmt"/>
        <line num="162" count="0" type="stmt"/>
        <line num="169" count="0" type="stmt"/>
        <line num="171" count="0" type="stmt"/>
        <line num="179" count="0" type="stmt"/>
        <line num="180" count="0" type="stmt"/>
        <line num="181" count="0" type="stmt"/>
        <line num="183" count="0" type="stmt"/>
        <line num="190" count="0" type="cond" truecount="0" falsecount="4"/>
        <line num="191" count="0" type="stmt"/>
        <line num="192" count="0" type="cond" truecount="0" falsecount="2"/>
        <line num="193" count="0" type="stmt"/>
        <line num="197" count="0" type="cond" truecount="0" falsecount="4"/>
        <line num="198" count="0" type="stmt"/>
        <line num="199" count="0" type="cond" truecount="0" falsecount="2"/>
        <line num="200" count="0" type="cond" truecount="0" falsecount="2"/>
        <line num="203" count="0" type="stmt"/>
        <line num="208" count="0" type="stmt"/>
        <line num="210" count="0" type="stmt"/>
        <line num="219" count="0" type="stmt"/>
        <line num="220" count="0" type="stmt"/>
        <line num="221" count="0" type="stmt"/>
        <line num="230" count="0" type="stmt"/>
        <line num="232" count="0" type="stmt"/>
        <line num="234" count="0" type="cond" truecount="0" falsecount="2"/>
        <line num="235" count="0" type="stmt"/>
        <line num="240" count="0" type="cond" truecount="0" falsecount="2"/>
        <line num="241" count="0" type="stmt"/>
        <line num="247" count="0" type="cond" truecount="0" falsecount="4"/>
        <line num="248" count="0" type="stmt"/>
        <line num="254" count="0" type="cond" truecount="0" falsecount="4"/>
        <line num="255" count="0" type="stmt"/>
        <line num="261" count="0" type="stmt"/>
        <line num="264" count="0" type="stmt"/>
        <line num="275" count="0" type="stmt"/>
        <line num="282" count="0" type="cond" truecount="0" falsecount="2"/>
        <line num="283" count="0" type="stmt"/>
        <line num="292" count="0" type="stmt"/>
        <line num="293" count="0" type="cond" truecount="0" falsecount="4"/>
        <line num="294" count="0" type="stmt"/>
        <line num="296" count="0" type="cond" truecount="0" falsecount="4"/>
        <line num="297" count="0" type="stmt"/>
        <line num="299" count="0" type="cond" truecount="0" falsecount="4"/>
        <line num="300" count="0" type="stmt"/>
        <line num="304" count="0" type="cond" truecount="0" falsecount="2"/>
        <line num="305" count="0" type="cond" truecount="0" falsecount="2"/>
        <line num="306" count="0" type="cond" truecount="0" falsecount="2"/>
        <line num="307" count="0" type="cond" truecount="0" falsecount="2"/>
        <line num="308" count="0" type="cond" truecount="0" falsecount="2"/>
        <line num="309" count="0" type="cond" truecount="0" falsecount="2"/>
        <line num="310" count="0" type="cond" truecount="0" falsecount="2"/>
        <line num="311" count="0" type="stmt"/>
        <line num="313" count="0" type="stmt"/>
        <line num="316" count="0" type="stmt"/>
        <line num="326" count="0" type="cond" truecount="0" falsecount="5"/>
        <line num="327" count="0" type="stmt"/>
        <line num="330" count="0" type="stmt"/>
        <line num="336" count="0" type="stmt"/>
        <line num="346" count="0" type="stmt"/>
        <line num="355" count="0" type="stmt"/>
        <line num="356" count="0" type="stmt"/>
        <line num="357" count="0" type="stmt"/>
        <line num="359" count="0" type="stmt"/>
        <line num="361" count="0" type="cond" truecount="0" falsecount="2"/>
        <line num="362" count="0" type="stmt"/>
        <line num="368" count="0" type="cond" truecount="0" falsecount="4"/>
        <line num="369" count="0" type="stmt"/>
        <line num="375" count="0" type="stmt"/>
        <line num="378" count="0" type="stmt"/>
        <line num="379" count="0" type="stmt"/>
        <line num="380" count="0" type="stmt"/>
        <line num="383" count="0" type="stmt"/>
        <line num="393" count="0" type="stmt"/>
        <line num="395" count="0" type="stmt"/>
        <line num="399" count="0" type="stmt"/>
        <line num="408" count="0" type="stmt"/>
        <line num="409" count="0" type="stmt"/>
        <line num="417" count="0" type="stmt"/>
        <line num="419" count="0" type="cond" truecount="0" falsecount="6"/>
        <line num="420" count="0" type="stmt"/>
        <line num="425" count="0" type="cond" truecount="0" falsecount="2"/>
        <line num="427" count="0" type="stmt"/>
        <line num="437" count="0" type="stmt"/>
        <line num="444" count="0" type="stmt"/>
        <line num="452" count="0" type="stmt"/>
        <line num="461" count="0" type="stmt"/>
        <line num="462" count="0" type="stmt"/>
        <line num="471" count="0" type="stmt"/>
        <line num="474" count="0" type="cond" truecount="0" falsecount="5"/>
        <line num="475" count="0" type="stmt"/>
        <line num="480" count="0" type="cond" truecount="0" falsecount="6"/>
        <line num="481" count="0" type="stmt"/>
        <line num="486" count="0" type="cond" truecount="0" falsecount="2"/>
        <line num="488" count="0" type="cond" truecount="0" falsecount="2"/>
        <line num="489" count="0" type="stmt"/>
        <line num="495" count="0" type="stmt"/>
        <line num="497" count="0" type="cond" truecount="0" falsecount="2"/>
        <line num="498" count="0" type="stmt"/>
        <line num="503" count="0" type="stmt"/>
        <line num="504" count="0" type="stmt"/>
        <line num="507" count="0" type="cond" truecount="0" falsecount="2"/>
        <line num="508" count="0" type="stmt"/>
        <line num="514" count="0" type="stmt"/>
        <line num="515" count="0" type="stmt"/>
        <line num="516" count="0" type="cond" truecount="0" falsecount="2"/>
        <line num="518" count="0" type="cond" truecount="0" falsecount="2"/>
        <line num="519" count="0" type="stmt"/>
        <line num="520" count="0" type="cond" truecount="0" falsecount="2"/>
        <line num="521" count="0" type="stmt"/>
        <line num="522" count="0" type="stmt"/>
        <line num="523" count="0" type="stmt"/>
        <line num="524" count="0" type="stmt"/>
        <line num="526" count="0" type="cond" truecount="0" falsecount="2"/>
        <line num="528" count="0" type="cond" truecount="0" falsecount="2"/>
        <line num="529" count="0" type="stmt"/>
        <line num="531" count="0" type="stmt"/>
        <line num="532" count="0" type="cond" truecount="0" falsecount="2"/>
        <line num="533" count="0" type="stmt"/>
        <line num="535" count="0" type="stmt"/>
        <line num="540" count="0" type="stmt"/>
        <line num="541" count="0" type="stmt"/>
        <line num="542" count="0" type="stmt"/>
        <line num="544" count="0" type="stmt"/>
        <line num="545" count="0" type="stmt"/>
        <line num="547" count="0" type="stmt"/>
        <line num="548" count="0" type="stmt"/>
        <line num="550" count="0" type="stmt"/>
        <line num="551" count="0" type="stmt"/>
        <line num="553" count="0" type="stmt"/>
        <line num="554" count="0" type="stmt"/>
        <line num="557" count="0" type="cond" truecount="0" falsecount="2"/>
        <line num="558" count="0" type="stmt"/>
        <line num="561" count="0" type="stmt"/>
        <line num="574" count="0" type="stmt"/>
        <line num="581" count="0" type="cond" truecount="0" falsecount="2"/>
        <line num="582" count="0" type="stmt"/>
        <line num="588" count="0" type="stmt"/>
        <line num="589" count="0" type="cond" truecount="0" falsecount="2"/>
        <line num="590" count="0" type="stmt"/>
        <line num="601" count="0" type="cond" truecount="0" falsecount="2"/>
        <line num="602" count="0" type="stmt"/>
        <line num="612" count="0" type="stmt"/>
        <line num="615" count="0" type="stmt"/>
        <line num="616" count="0" type="stmt"/>
        <line num="621" count="0" type="stmt"/>
        <line num="622" count="0" type="stmt"/>
        <line num="628" count="0" type="stmt"/>
        <line num="639" count="0" type="stmt"/>
        <line num="648" count="0" type="stmt"/>
        <line num="649" count="0" type="stmt"/>
        <line num="650" count="0" type="stmt"/>
        <line num="652" count="0" type="cond" truecount="0" falsecount="5"/>
        <line num="653" count="0" type="stmt"/>
        <line num="658" count="0" type="cond" truecount="0" falsecount="2"/>
        <line num="661" count="0" type="stmt"/>
        <line num="666" count="0" type="cond" truecount="0" falsecount="2"/>
        <line num="667" count="0" type="stmt"/>
        <line num="673" count="0" type="cond" truecount="0" falsecount="2"/>
        <line num="674" count="0" type="stmt"/>
        <line num="675" count="0" type="stmt"/>
        <line num="678" count="0" type="cond" truecount="0" falsecount="2"/>
        <line num="679" count="0" type="stmt"/>
        <line num="686" count="0" type="stmt"/>
        <line num="688" count="0" type="cond" truecount="0" falsecount="2"/>
        <line num="689" count="0" type="stmt"/>
        <line num="695" count="0" type="stmt"/>
        <line num="696" count="0" type="stmt"/>
        <line num="698" count="0" type="stmt"/>
        <line num="699" count="0" type="stmt"/>
        <line num="700" count="0" type="stmt"/>
        <line num="701" count="0" type="stmt"/>
        <line num="703" count="0" type="stmt"/>
        <line num="706" count="0" type="stmt"/>
        <line num="716" count="0" type="stmt"/>
        <line num="720" count="0" type="stmt"/>
        <line num="722" count="0" type="stmt"/>
        <line num="732" count="0" type="stmt"/>
        <line num="741" count="0" type="stmt"/>
        <line num="742" count="0" type="stmt"/>
        <line num="743" count="0" type="stmt"/>
        <line num="745" count="0" type="cond" truecount="0" falsecount="2"/>
        <line num="747" count="0" type="stmt"/>
        <line num="752" count="0" type="cond" truecount="0" falsecount="2"/>
        <line num="753" count="0" type="stmt"/>
        <line num="757" count="0" type="cond" truecount="0" falsecount="4"/>
        <line num="758" count="0" type="stmt"/>
        <line num="759" count="0" type="cond" truecount="0" falsecount="2"/>
        <line num="760" count="0" type="cond" truecount="0" falsecount="2"/>
        <line num="763" count="0" type="stmt"/>
        <line num="769" count="0" type="stmt"/>
        <line num="776" count="0" type="stmt"/>
      </file>
      <file name="shiftTemplateController.js" path="D:\FuelFlow\server\src\controllers\shiftTemplateController.js">
        <metrics statements="108" coveredstatements="0" conditionals="111" coveredconditionals="0" methods="7" coveredmethods="0"/>
        <line num="15" count="0" type="stmt"/>
        <line num="16" count="0" type="stmt"/>
        <line num="24" count="0" type="stmt"/>
        <line num="27" count="0" type="cond" truecount="0" falsecount="5"/>
        <line num="28" count="0" type="stmt"/>
        <line num="34" count="0" type="cond" truecount="0" falsecount="2"/>
        <line num="36" count="0" type="cond" truecount="0" falsecount="2"/>
        <line num="37" count="0" type="stmt"/>
        <line num="43" count="0" type="stmt"/>
        <line num="44" count="0" type="cond" truecount="0" falsecount="2"/>
        <line num="45" count="0" type="stmt"/>
        <line num="51" count="0" type="cond" truecount="0" falsecount="4"/>
        <line num="52" count="0" type="stmt"/>
        <line num="53" count="0" type="cond" truecount="0" falsecount="2"/>
        <line num="54" count="0" type="stmt"/>
        <line num="61" count="0" type="cond" truecount="0" falsecount="2"/>
        <line num="62" count="0" type="cond" truecount="0" falsecount="2"/>
        <line num="64" count="0" type="cond" truecount="0" falsecount="5"/>
        <line num="65" count="0" type="stmt"/>
        <line num="68" count="0" type="cond" truecount="0" falsecount="4"/>
        <line num="69" count="0" type="stmt"/>
        <line num="70" count="0" type="cond" truecount="0" falsecount="5"/>
        <line num="71" count="0" type="stmt"/>
        <line num="73" count="0" type="stmt"/>
        <line num="77" count="0" type="stmt"/>
        <line num="78" count="0" type="cond" truecount="0" falsecount="2"/>
        <line num="79" count="0" type="stmt"/>
        <line num="86" count="0" type="stmt"/>
        <line num="97" count="0" type="stmt"/>
        <line num="101" count="0" type="stmt"/>
        <line num="105" count="0" type="stmt"/>
        <line num="113" count="0" type="stmt"/>
        <line num="114" count="0" type="stmt"/>
        <line num="115" count="0" type="stmt"/>
        <line num="118" count="0" type="cond" truecount="0" falsecount="2"/>
        <line num="119" count="0" type="stmt"/>
        <line num="120" count="0" type="cond" truecount="0" falsecount="2"/>
        <line num="122" count="0" type="cond" truecount="0" falsecount="2"/>
        <line num="123" count="0" type="stmt"/>
        <line num="127" count="0" type="stmt"/>
        <line num="132" count="0" type="stmt"/>
        <line num="137" count="0" type="stmt"/>
        <line num="139" count="0" type="stmt"/>
        <line num="147" count="0" type="stmt"/>
        <line num="148" count="0" type="stmt"/>
        <line num="149" count="0" type="stmt"/>
        <line num="151" count="0" type="stmt"/>
        <line num="155" count="0" type="cond" truecount="0" falsecount="2"/>
        <line num="156" count="0" type="stmt"/>
        <line num="161" count="0" type="cond" truecount="0" falsecount="2"/>
        <line num="162" count="0" type="stmt"/>
        <line num="168" count="0" type="cond" truecount="0" falsecount="4"/>
        <line num="169" count="0" type="stmt"/>
        <line num="174" count="0" type="stmt"/>
        <line num="176" count="0" type="stmt"/>
        <line num="185" count="0" type="stmt"/>
        <line num="186" count="0" type="stmt"/>
        <line num="187" count="0" type="stmt"/>
        <line num="188" count="0" type="stmt"/>
        <line num="190" count="0" type="stmt"/>
        <line num="192" count="0" type="cond" truecount="0" falsecount="2"/>
        <line num="193" count="0" type="stmt"/>
        <line num="198" count="0" type="cond" truecount="0" falsecount="2"/>
        <line num="199" count="0" type="stmt"/>
        <line num="205" count="0" type="cond" truecount="0" falsecount="4"/>
        <line num="206" count="0" type="stmt"/>
        <line num="212" count="0" type="cond" truecount="0" falsecount="2"/>
        <line num="213" count="0" type="cond" truecount="0" falsecount="2"/>
        <line num="214" count="0" type="stmt"/>
        <line num="215" count="0" type="cond" truecount="0" falsecount="2"/>
        <line num="216" count="0" type="stmt"/>
        <line num="222" count="0" type="cond" truecount="0" falsecount="4"/>
        <line num="223" count="0" type="stmt"/>
        <line num="224" count="0" type="cond" truecount="0" falsecount="2"/>
        <line num="225" count="0" type="stmt"/>
        <line num="232" count="0" type="cond" truecount="0" falsecount="2"/>
        <line num="234" count="0" type="cond" truecount="0" falsecount="5"/>
        <line num="235" count="0" type="stmt"/>
        <line num="238" count="0" type="cond" truecount="0" falsecount="4"/>
        <line num="239" count="0" type="stmt"/>
        <line num="240" count="0" type="cond" truecount="0" falsecount="5"/>
        <line num="241" count="0" type="stmt"/>
        <line num="243" count="0" type="stmt"/>
        <line num="247" count="0" type="stmt"/>
        <line num="248" count="0" type="cond" truecount="0" falsecount="2"/>
        <line num="249" count="0" type="stmt"/>
        <line num="256" count="0" type="cond" truecount="0" falsecount="2"/>
        <line num="257" count="0" type="cond" truecount="0" falsecount="2"/>
        <line num="258" count="0" type="cond" truecount="0" falsecount="2"/>
        <line num="259" count="0" type="cond" truecount="0" falsecount="2"/>
        <line num="260" count="0" type="cond" truecount="0" falsecount="2"/>
        <line num="261" count="0" type="cond" truecount="0" falsecount="2"/>
        <line num="263" count="0" type="stmt"/>
        <line num="265" count="0" type="stmt"/>
        <line num="269" count="0" type="stmt"/>
        <line num="273" count="0" type="stmt"/>
        <line num="282" count="0" type="stmt"/>
        <line num="283" count="0" type="stmt"/>
        <line num="284" count="0" type="stmt"/>
        <line num="286" count="0" type="stmt"/>
        <line num="288" count="0" type="cond" truecount="0" falsecount="2"/>
        <line num="289" count="0" type="stmt"/>
        <line num="295" count="0" type="cond" truecount="0" falsecount="4"/>
        <line num="296" count="0" type="stmt"/>
        <line num="302" count="0" type="stmt"/>
        <line num="303" count="0" type="stmt"/>
        <line num="305" count="0" type="stmt"/>
        <line num="309" count="0" type="stmt"/>
      </file>
      <file name="supplierController.js" path="D:\FuelFlow\server\src\controllers\supplierController.js">
        <metrics statements="55" coveredstatements="0" conditionals="16" coveredconditionals="0" methods="5" coveredmethods="0"/>
        <line num="9" count="0" type="stmt"/>
        <line num="10" count="0" type="stmt"/>
        <line num="11" count="0" type="stmt"/>
        <line num="16" count="0" type="stmt"/>
        <line num="18" count="0" type="stmt"/>
        <line num="21" count="0" type="stmt"/>
        <line num="25" count="0" type="cond" truecount="0" falsecount="2"/>
        <line num="26" count="0" type="stmt"/>
        <line num="30" count="0" type="stmt"/>
        <line num="39" count="0" type="stmt"/>
        <line num="40" count="0" type="stmt"/>
        <line num="41" count="0" type="stmt"/>
        <line num="43" count="0" type="stmt"/>
        <line num="46" count="0" type="cond" truecount="0" falsecount="2"/>
        <line num="47" count="0" type="stmt"/>
        <line num="54" count="0" type="cond" truecount="0" falsecount="2"/>
        <line num="55" count="0" type="stmt"/>
        <line num="59" count="0" type="cond" truecount="0" falsecount="2"/>
        <line num="60" count="0" type="stmt"/>
        <line num="63" count="0" type="stmt"/>
        <line num="68" count="0" type="stmt"/>
        <line num="72" count="0" type="stmt"/>
        <line num="81" count="0" type="stmt"/>
        <line num="82" count="0" type="stmt"/>
        <line num="83" count="0" type="stmt"/>
        <line num="85" count="0" type="stmt"/>
        <line num="89" count="0" type="cond" truecount="0" falsecount="2"/>
        <line num="90" count="0" type="stmt"/>
        <line num="95" count="0" type="stmt"/>
        <line num="99" count="0" type="stmt"/>
        <line num="108" count="0" type="stmt"/>
        <line num="109" count="0" type="stmt"/>
        <line num="110" count="0" type="stmt"/>
        <line num="112" count="0" type="stmt"/>
        <line num="114" count="0" type="cond" truecount="0" falsecount="2"/>
        <line num="115" count="0" type="stmt"/>
        <line num="121" count="0" type="stmt"/>
        <line num="122" count="0" type="stmt"/>
        <line num="124" count="0" type="stmt"/>
        <line num="126" count="0" type="stmt"/>
        <line num="130" count="0" type="stmt"/>
        <line num="134" count="0" type="cond" truecount="0" falsecount="2"/>
        <line num="135" count="0" type="stmt"/>
        <line num="139" count="0" type="stmt"/>
        <line num="148" count="0" type="stmt"/>
        <line num="149" count="0" type="stmt"/>
        <line num="150" count="0" type="stmt"/>
        <line num="152" count="0" type="stmt"/>
        <line num="154" count="0" type="cond" truecount="0" falsecount="2"/>
        <line num="155" count="0" type="stmt"/>
        <line num="161" count="0" type="stmt"/>
        <line num="162" count="0" type="stmt"/>
        <line num="163" count="0" type="stmt"/>
        <line num="165" count="0" type="stmt"/>
        <line num="169" count="0" type="stmt"/>
      </file>
      <file name="userController.js" path="D:\FuelFlow\server\src\controllers\userController.js">
        <metrics statements="148" coveredstatements="126" conditionals="137" coveredconditionals="97" methods="7" coveredmethods="7"/>
        <line num="19" count="1" type="stmt"/>
        <line num="20" count="26" type="stmt"/>
        <line num="21" count="26" type="stmt"/>
        <line num="24" count="26" type="cond" truecount="5" falsecount="0"/>
        <line num="25" count="5" type="stmt"/>
        <line num="33" count="21" type="stmt"/>
        <line num="34" count="21" type="cond" truecount="2" falsecount="0"/>
        <line num="35" count="1" type="stmt"/>
        <line num="46" count="20" type="cond" truecount="4" falsecount="0"/>
        <line num="47" count="1" type="stmt"/>
        <line num="58" count="19" type="cond" truecount="2" falsecount="0"/>
        <line num="59" count="6" type="cond" truecount="4" falsecount="0"/>
        <line num="60" count="1" type="stmt"/>
        <line num="70" count="5" type="cond" truecount="2" falsecount="0"/>
        <line num="71" count="1" type="stmt"/>
        <line num="83" count="17" type="stmt"/>
        <line num="84" count="17" type="cond" truecount="2" falsecount="0"/>
        <line num="85" count="2" type="stmt"/>
        <line num="91" count="15" type="cond" truecount="1" falsecount="1"/>
        <line num="92" count="15" type="stmt"/>
        <line num="93" count="15" type="cond" truecount="1" falsecount="1"/>
        <line num="94" count="0" type="stmt"/>
        <line num="99" count="15" type="stmt"/>
        <line num="102" count="15" type="stmt"/>
        <line num="112" count="15" type="cond" truecount="1" falsecount="1"/>
        <line num="115" count="15" type="stmt"/>
        <line num="116" count="15" type="stmt"/>
        <line num="124" count="0" type="stmt"/>
        <line num="129" count="15" type="stmt"/>
        <line num="134" count="15" type="stmt"/>
        <line num="143" count="0" type="stmt"/>
        <line num="151" count="1" type="stmt"/>
        <line num="152" count="2" type="stmt"/>
        <line num="153" count="2" type="stmt"/>
        <line num="155" count="2" type="stmt"/>
        <line num="158" count="2" type="cond" truecount="1" falsecount="1"/>
        <line num="159" count="2" type="cond" truecount="1" falsecount="1"/>
        <line num="162" count="2" type="cond" truecount="2" falsecount="0"/>
        <line num="164" count="1" type="stmt"/>
        <line num="165" count="1" type="cond" truecount="2" falsecount="2"/>
        <line num="167" count="0" type="stmt"/>
        <line num="170" count="2" type="stmt"/>
        <line num="174" count="2" type="stmt"/>
        <line num="176" count="0" type="stmt"/>
        <line num="184" count="1" type="stmt"/>
        <line num="185" count="1" type="stmt"/>
        <line num="186" count="1" type="stmt"/>
        <line num="191" count="1" type="stmt"/>
        <line num="193" count="0" type="stmt"/>
        <line num="201" count="1" type="stmt"/>
        <line num="202" count="4" type="stmt"/>
        <line num="203" count="4" type="stmt"/>
        <line num="205" count="4" type="stmt"/>
        <line num="210" count="4" type="cond" truecount="2" falsecount="0"/>
        <line num="211" count="1" type="stmt"/>
        <line num="215" count="3" type="cond" truecount="2" falsecount="0"/>
        <line num="217" count="1" type="cond" truecount="1" falsecount="1"/>
        <line num="218" count="0" type="cond" truecount="0" falsecount="2"/>
        <line num="219" count="0" type="stmt"/>
        <line num="222" count="1" type="cond" truecount="1" falsecount="1"/>
        <line num="223" count="1" type="stmt"/>
        <line num="227" count="2" type="stmt"/>
        <line num="229" count="0" type="stmt"/>
        <line num="237" count="1" type="stmt"/>
        <line num="238" count="7" type="stmt"/>
        <line num="239" count="7" type="stmt"/>
        <line num="240" count="7" type="stmt"/>
        <line num="242" count="7" type="stmt"/>
        <line num="244" count="7" type="cond" truecount="2" falsecount="0"/>
        <line num="245" count="1" type="stmt"/>
        <line num="249" count="6" type="cond" truecount="2" falsecount="0"/>
        <line num="250" count="2" type="cond" truecount="2" falsecount="0"/>
        <line num="251" count="1" type="stmt"/>
        <line num="253" count="4" type="cond" truecount="1" falsecount="1"/>
        <line num="255" count="0" type="cond" truecount="0" falsecount="2"/>
        <line num="256" count="0" type="stmt"/>
        <line num="261" count="5" type="stmt"/>
        <line num="263" count="5" type="cond" truecount="2" falsecount="0"/>
        <line num="265" count="5" type="cond" truecount="4" falsecount="0"/>
        <line num="266" count="1" type="cond" truecount="3" falsecount="1"/>
        <line num="267" count="1" type="stmt"/>
        <line num="277" count="0" type="cond" truecount="0" falsecount="4"/>
        <line num="278" count="0" type="stmt"/>
        <line num="290" count="4" type="cond" truecount="2" falsecount="0"/>
        <line num="291" count="2" type="cond" truecount="2" falsecount="0"/>
        <line num="292" count="1" type="stmt"/>
        <line num="304" count="3" type="stmt"/>
        <line num="305" count="3" type="cond" truecount="2" falsecount="2"/>
        <line num="306" count="3" type="cond" truecount="4" falsecount="0"/>
        <line num="307" count="3" type="cond" truecount="2" falsecount="2"/>
        <line num="310" count="3" type="cond" truecount="2" falsecount="0"/>
        <line num="311" count="3" type="cond" truecount="1" falsecount="1"/>
        <line num="312" count="3" type="cond" truecount="2" falsecount="0"/>
        <line num="313" count="3" type="cond" truecount="1" falsecount="1"/>
        <line num="314" count="3" type="cond" truecount="2" falsecount="0"/>
        <line num="317" count="3" type="cond" truecount="3" falsecount="1"/>
        <line num="318" count="0" type="stmt"/>
        <line num="326" count="3" type="stmt"/>
        <line num="328" count="3" type="stmt"/>
        <line num="333" count="3" type="stmt"/>
        <line num="337" count="0" type="stmt"/>
        <line num="345" count="1" type="stmt"/>
        <line num="346" count="8" type="stmt"/>
        <line num="347" count="8" type="stmt"/>
        <line num="348" count="8" type="stmt"/>
        <line num="350" count="8" type="stmt"/>
        <line num="352" count="8" type="cond" truecount="2" falsecount="0"/>
        <line num="353" count="1" type="stmt"/>
        <line num="357" count="7" type="cond" truecount="2" falsecount="0"/>
        <line num="358" count="3" type="cond" truecount="2" falsecount="0"/>
        <line num="359" count="1" type="stmt"/>
        <line num="368" count="4" type="cond" truecount="1" falsecount="1"/>
        <line num="369" count="0" type="stmt"/>
        <line num="380" count="6" type="cond" truecount="2" falsecount="0"/>
        <line num="381" count="1" type="stmt"/>
        <line num="389" count="5" type="stmt"/>
        <line num="390" count="5" type="stmt"/>
        <line num="391" count="5" type="cond" truecount="1" falsecount="1"/>
        <line num="394" count="5" type="stmt"/>
        <line num="401" count="5" type="stmt"/>
        <line num="404" count="5" type="stmt"/>
        <line num="407" count="5" type="stmt"/>
        <line num="408" count="5" type="stmt"/>
        <line num="415" count="0" type="stmt"/>
        <line num="419" count="5" type="stmt"/>
        <line num="428" count="0" type="stmt"/>
        <line num="436" count="1" type="stmt"/>
        <line num="437" count="4" type="stmt"/>
        <line num="438" count="4" type="stmt"/>
        <line num="440" count="4" type="stmt"/>
        <line num="442" count="4" type="cond" truecount="2" falsecount="0"/>
        <line num="443" count="1" type="stmt"/>
        <line num="447" count="3" type="cond" truecount="2" falsecount="0"/>
        <line num="448" count="1" type="stmt"/>
        <line num="454" count="2" type="cond" truecount="2" falsecount="0"/>
        <line num="455" count="1" type="cond" truecount="1" falsecount="1"/>
        <line num="456" count="0" type="stmt"/>
        <line num="465" count="1" type="cond" truecount="1" falsecount="1"/>
        <line num="466" count="0" type="stmt"/>
        <line num="477" count="2" type="stmt"/>
        <line num="480" count="2" type="stmt"/>
        <line num="487" count="2" type="stmt"/>
        <line num="490" count="2" type="stmt"/>
        <line num="493" count="2" type="stmt"/>
        <line num="494" count="2" type="stmt"/>
        <line num="501" count="0" type="stmt"/>
        <line num="505" count="2" type="stmt"/>
        <line num="514" count="0" type="stmt"/>
      </file>
    </package>
    <package name="middleware">
      <metrics statements="67" coveredstatements="22" conditionals="47" coveredconditionals="9" methods="7" coveredmethods="3"/>
      <file name="auth.js" path="D:\FuelFlow\server\src\middleware\auth.js">
        <metrics statements="50" coveredstatements="21" conditionals="33" coveredconditionals="9" methods="5" coveredmethods="3"/>
        <line num="9" count="2" type="stmt"/>
        <line num="10" count="58" type="stmt"/>
        <line num="12" count="58" type="stmt"/>
        <line num="14" count="58" type="cond" truecount="4" falsecount="0"/>
        <line num="15" count="3" type="stmt"/>
        <line num="20" count="55" type="stmt"/>
        <line num="24" count="55" type="stmt"/>
        <line num="25" count="55" type="stmt"/>
        <line num="27" count="0" type="stmt"/>
        <line num="33" count="55" type="stmt"/>
        <line num="35" count="55" type="cond" truecount="1" falsecount="1"/>
        <line num="36" count="0" type="stmt"/>
        <line num="41" count="55" type="cond" truecount="1" falsecount="1"/>
        <line num="42" count="0" type="stmt"/>
        <line num="48" count="55" type="stmt"/>
        <line num="49" count="55" type="stmt"/>
        <line num="51" count="0" type="stmt"/>
        <line num="52" count="0" type="stmt"/>
        <line num="63" count="2" type="stmt"/>
        <line num="64" count="5" type="stmt"/>
        <line num="65" count="50" type="cond" truecount="1" falsecount="1"/>
        <line num="66" count="0" type="stmt"/>
        <line num="71" count="50" type="cond" truecount="2" falsecount="0"/>
        <line num="72" count="3" type="stmt"/>
        <line num="80" count="47" type="stmt"/>
        <line num="93" count="2" type="stmt"/>
        <line num="94" count="0" type="cond" truecount="0" falsecount="2"/>
        <line num="95" count="0" type="stmt"/>
        <line num="101" count="0" type="cond" truecount="0" falsecount="2"/>
        <line num="102" count="0" type="stmt"/>
        <line num="106" count="0" type="cond" truecount="0" falsecount="3"/>
        <line num="108" count="0" type="cond" truecount="0" falsecount="2"/>
        <line num="110" count="0" type="stmt"/>
        <line num="114" count="0" type="cond" truecount="0" falsecount="4"/>
        <line num="115" count="0" type="stmt"/>
        <line num="123" count="0" type="stmt"/>
        <line num="130" count="2" type="stmt"/>
        <line num="131" count="0" type="stmt"/>
        <line num="132" count="0" type="stmt"/>
        <line num="134" count="0" type="cond" truecount="0" falsecount="4"/>
        <line num="135" count="0" type="stmt"/>
        <line num="138" count="0" type="stmt"/>
        <line num="140" count="0" type="stmt"/>
        <line num="141" count="0" type="stmt"/>
        <line num="142" count="0" type="stmt"/>
        <line num="144" count="0" type="cond" truecount="0" falsecount="4"/>
        <line num="145" count="0" type="stmt"/>
        <line num="151" count="0" type="stmt"/>
        <line num="153" count="0" type="stmt"/>
        <line num="154" count="0" type="stmt"/>
      </file>
      <file name="errorHandler.js" path="D:\FuelFlow\server\src\middleware\errorHandler.js">
        <metrics statements="17" coveredstatements="1" conditionals="14" coveredconditionals="0" methods="2" coveredmethods="0"/>
        <line num="7" count="2" type="stmt"/>
        <line num="8" count="0" type="stmt"/>
        <line num="11" count="0" type="cond" truecount="0" falsecount="2"/>
        <line num="12" count="0" type="stmt"/>
        <line num="13" count="0" type="stmt"/>
        <line num="19" count="0" type="cond" truecount="0" falsecount="2"/>
        <line num="20" count="0" type="stmt"/>
        <line num="21" count="0" type="stmt"/>
        <line num="27" count="0" type="cond" truecount="0" falsecount="2"/>
        <line num="28" count="0" type="stmt"/>
        <line num="34" count="0" type="cond" truecount="0" falsecount="2"/>
        <line num="35" count="0" type="stmt"/>
        <line num="40" count="0" type="cond" truecount="0" falsecount="2"/>
        <line num="41" count="0" type="stmt"/>
        <line num="47" count="0" type="cond" truecount="0" falsecount="2"/>
        <line num="48" count="0" type="cond" truecount="0" falsecount="2"/>
        <line num="50" count="0" type="stmt"/>
      </file>
    </package>
    <package name="models">
      <metrics statements="104" coveredstatements="25" conditionals="16" coveredconditionals="5" methods="11" coveredmethods="6"/>
      <file name="Attendance.js" path="D:\FuelFlow\server\src\models\Attendance.js">
        <metrics statements="4" coveredstatements="0" conditionals="0" coveredconditionals="0" methods="0" coveredmethods="0"/>
        <line num="3" count="0" type="stmt"/>
        <line num="41" count="0" type="stmt"/>
        <line num="44" count="0" type="stmt"/>
        <line num="46" count="0" type="stmt"/>
      </file>
      <file name="AuditLog.js" path="D:\FuelFlow\server\src\models\AuditLog.js">
        <metrics statements="5" coveredstatements="0" conditionals="0" coveredconditionals="0" methods="0" coveredmethods="0"/>
        <line num="3" count="0" type="stmt"/>
        <line num="54" count="0" type="stmt"/>
        <line num="55" count="0" type="stmt"/>
        <line num="56" count="0" type="stmt"/>
        <line num="58" count="0" type="stmt"/>
      </file>
      <file name="InventoryConfig.js" path="D:\FuelFlow\server\src\models\InventoryConfig.js">
        <metrics statements="3" coveredstatements="0" conditionals="0" coveredconditionals="0" methods="0" coveredmethods="0"/>
        <line num="3" count="0" type="stmt"/>
        <line num="28" count="0" type="stmt"/>
        <line num="30" count="0" type="stmt"/>
      </file>
      <file name="InventoryLedger.js" path="D:\FuelFlow\server\src\models\InventoryLedger.js">
        <metrics statements="3" coveredstatements="0" conditionals="0" coveredconditionals="0" methods="0" coveredmethods="0"/>
        <line num="3" count="0" type="stmt"/>
        <line num="45" count="0" type="stmt"/>
        <line num="47" count="0" type="stmt"/>
      </file>
      <file name="Invoice.js" path="D:\FuelFlow\server\src\models\Invoice.js">
        <metrics statements="3" coveredstatements="0" conditionals="0" coveredconditionals="0" methods="0" coveredmethods="0"/>
        <line num="3" count="0" type="stmt"/>
        <line num="23" count="0" type="stmt"/>
        <line num="25" count="0" type="stmt"/>
      </file>
      <file name="Notification.js" path="D:\FuelFlow\server\src\models\Notification.js">
        <metrics statements="3" coveredstatements="0" conditionals="0" coveredconditionals="0" methods="0" coveredmethods="0"/>
        <line num="3" count="0" type="stmt"/>
        <line num="48" count="0" type="stmt"/>
        <line num="50" count="0" type="stmt"/>
      </file>
      <file name="Payroll.js" path="D:\FuelFlow\server\src\models\Payroll.js">
        <metrics statements="4" coveredstatements="0" conditionals="0" coveredconditionals="0" methods="0" coveredmethods="0"/>
        <line num="3" count="0" type="stmt"/>
        <line num="119" count="0" type="stmt"/>
[...]
        <line num="128" count="0" type="stmt"/>
        <line num="138" count="0" type="stmt"/>
        <line num="148" count="0" type="stmt"/>
        <line num="149" count="0" type="cond" truecount="0" falsecount="4"/>
        <line num="150" count="0" type="stmt"/>
        <line num="151" count="0" type="stmt"/>
        <line num="152" count="0" type="cond" truecount="0" falsecount="2"/>
        <line num="153" count="0" type="stmt"/>
        <line num="159" count="0" type="cond" truecount="0" falsecount="1"/>
        <line num="160" count="0" type="stmt"/>
        <line num="161" count="0" type="stmt"/>
        <line num="162" count="0" type="stmt"/>
        <line num="163" count="0" type="stmt"/>
        <line num="165" count="0" type="stmt"/>
        <line num="172" count="0" type="cond" truecount="0" falsecount="2"/>
        <line num="173" count="0" type="stmt"/>
        <line num="176" count="0" type="stmt"/>
        <line num="178" count="0" type="stmt"/>
        <line num="179" count="0" type="stmt"/>
        <line num="186" count="0" type="cond" truecount="0" falsecount="1"/>
        <line num="187" count="0" type="stmt"/>
        <line num="188" count="0" type="stmt"/>
        <line num="189" count="0" type="stmt"/>
        <line num="191" count="0" type="stmt"/>
        <line num="192" count="0" type="stmt"/>
        <line num="193" count="0" type="stmt"/>
        <line num="195" count="0" type="stmt"/>
        <line num="202" count="0" type="cond" truecount="0" falsecount="2"/>
        <line num="203" count="0" type="stmt"/>
        <line num="206" count="0" type="stmt"/>
        <line num="208" count="0" type="stmt"/>
        <line num="209" count="0" type="stmt"/>
        <line num="216" count="0" type="cond" truecount="0" falsecount="1"/>
        <line num="217" count="0" type="stmt"/>
        <line num="220" count="0" type="stmt"/>
        <line num="227" count="0" type="cond" truecount="0" falsecount="2"/>
        <line num="228" count="0" type="stmt"/>
        <line num="231" count="0" type="stmt"/>
        <line num="233" count="0" type="cond" truecount="0" falsecount="2"/>
        <line num="234" count="0" type="stmt"/>
        <line num="235" count="0" type="stmt"/>
        <line num="237" count="0" type="cond" truecount="0" falsecount="2"/>
        <line num="238" count="0" type="stmt"/>
        <line num="249" count="0" type="stmt"/>
        <line num="256" count="0" type="cond" truecount="0" falsecount="2"/>
        <line num="257" count="0" type="stmt"/>
        <line num="260" count="0" type="stmt"/>
        <line num="262" count="0" type="cond" truecount="0" falsecount="2"/>
        <line num="263" count="0" type="stmt"/>
        <line num="264" count="0" type="stmt"/>
        <line num="266" count="0" type="cond" truecount="0" falsecount="2"/>
        <line num="267" count="0" type="stmt"/>
        <line num="277" count="0" type="stmt"/>
        <line num="283" count="0" type="stmt"/>
        <line num="285" count="0" type="stmt"/>
        <line num="291" count="0" type="cond" truecount="0" falsecount="2"/>
        <line num="292" count="0" type="cond" truecount="0" falsecount="4"/>
        <line num="293" count="0" type="stmt"/>
        <line num="295" count="0" type="cond" truecount="0" falsecount="4"/>
        <line num="296" count="0" type="stmt"/>
        <line num="300" count="0" type="cond" truecount="0" falsecount="2"/>
        <line num="302" count="0" type="cond" truecount="0" falsecount="4"/>
        <line num="303" count="0" type="stmt"/>
        <line num="313" count="0" type="stmt"/>
      </file>
      <file name="notificationService.js" path="D:\FuelFlow\server\src\services\notificationService.js">
        <metrics statements="47" coveredstatements="0" conditionals="22" coveredconditionals="0" methods="10" coveredmethods="0"/>
        <line num="17" count="0" type="cond" truecount="0" falsecount="1"/>
        <line num="18" count="0" type="stmt"/>
        <line num="19" count="0" type="stmt"/>
        <line num="27" count="0" type="stmt"/>
        <line num="29" count="0" type="stmt"/>
        <line num="30" count="0" type="stmt"/>
        <line num="39" count="0" type="stmt"/>
        <line num="40" count="0" type="stmt"/>
        <line num="42" count="0" type="cond" truecount="0" falsecount="2"/>
        <line num="44" count="0" type="stmt"/>
        <line num="51" count="0" type="stmt"/>
        <line num="59" count="0" type="stmt"/>
        <line num="80" count="0" type="cond" truecount="0" falsecount="1"/>
        <line num="81" count="0" type="stmt"/>
        <line num="83" count="0" type="cond" truecount="0" falsecount="2"/>
        <line num="85" count="0" type="stmt"/>
        <line num="91" count="0" type="stmt"/>
        <line num="92" count="0" type="cond" truecount="0" falsecount="2"/>
        <line num="93" count="0" type="stmt"/>
        <line num="94" count="0" type="cond" truecount="0" falsecount="2"/>
        <line num="95" count="0" type="stmt"/>
        <line num="98" count="0" type="stmt"/>
        <line num="117" count="0" type="stmt"/>
        <line num="118" count="0" type="stmt"/>
        <line num="120" count="0" type="cond" truecount="0" falsecount="2"/>
        <line num="122" count="0" type="stmt"/>
        <line num="128" count="0" type="stmt"/>
        <line num="149" count="0" type="stmt"/>
        <line num="150" count="0" type="stmt"/>
        <line num="158" count="0" type="stmt"/>
        <line num="159" count="0" type="stmt"/>
        <line num="173" count="0" type="stmt"/>
        <line num="182" count="0" type="cond" truecount="0" falsecount="2"/>
        <line num="183" count="0" type="stmt"/>
        <line num="185" count="0" type="cond" truecount="0" falsecount="2"/>
        <line num="186" count="0" type="stmt"/>
        <line num="189" count="0" type="stmt"/>
        <line num="193" count="0" type="stmt"/>
        <line num="200" count="0" type="stmt"/>
        <line num="201" count="0" type="stmt"/>
        <line num="207" count="0" type="stmt"/>
        <line num="214" count="0" type="stmt"/>
        <line num="215" count="0" type="stmt"/>
        <line num="220" count="0" type="stmt"/>
        <line num="227" count="0" type="stmt"/>
        <line num="228" count="0" type="stmt"/>
        <line num="233" count="0" type="stmt"/>
      </file>
      <file name="payrollService.js" path="D:\FuelFlow\server\src\services\payrollService.js">
        <metrics statements="60" coveredstatements="0" conditionals="16" coveredconditionals="0" methods="19" coveredmethods="0"/>
        <line num="13" count="0" type="stmt"/>
        <line num="14" count="0" type="stmt"/>
        <line num="20" count="0" type="stmt"/>
        <line num="21" count="0" type="stmt"/>
        <line num="23" count="0" type="stmt"/>
        <line num="25" count="0" type="cond" truecount="0" falsecount="2"/>
        <line num="26" count="0" type="stmt"/>
        <line num="28" count="0" type="stmt"/>
        <line num="35" count="0" type="stmt"/>
        <line num="48" count="0" type="stmt"/>
        <line num="49" count="0" type="stmt"/>
        <line num="54" count="0" type="stmt"/>
        <line num="56" count="0" type="stmt"/>
        <line num="57" count="0" type="stmt"/>
        <line num="58" count="0" type="stmt"/>
        <line num="59" count="0" type="stmt"/>
        <line num="73" count="0" type="stmt"/>
        <line num="82" count="0" type="stmt"/>
        <line num="89" count="0" type="stmt"/>
        <line num="97" count="0" type="stmt"/>
        <line num="98" count="0" type="stmt"/>
        <line num="99" count="0" type="stmt"/>
        <line num="102" count="0" type="stmt"/>
        <line num="103" count="0" type="stmt"/>
        <line num="104" count="0" type="stmt"/>
        <line num="105" count="0" type="stmt"/>
        <line num="107" count="0" type="stmt"/>
        <line num="135" count="0" type="stmt"/>
        <line num="142" count="0" type="stmt"/>
        <line num="148" count="0" type="stmt"/>
        <line num="150" count="0" type="stmt"/>
        <line num="152" count="0" type="stmt"/>
        <line num="159" count="0" type="cond" truecount="0" falsecount="2"/>
        <line num="161" count="0" type="stmt"/>
        <line num="165" count="0" type="cond" truecount="0" falsecount="2"/>
        <line num="167" count="0" type="cond" truecount="0" falsecount="2"/>
        <line num="169" count="0" type="stmt"/>
        <line num="173" count="0" type="stmt"/>
        <line num="183" count="0" type="stmt"/>
        <line num="184" count="0" type="stmt"/>
        <line num="187" count="0" type="stmt"/>
        <line num="191" count="0" type="stmt"/>
        <line num="200" count="0" type="stmt"/>
        <line num="201" count="0" type="stmt"/>
        <line num="203" count="0" type="cond" truecount="0" falsecount="4"/>
        <line num="204" count="0" type="stmt"/>
        <line num="205" count="0" type="stmt"/>
        <line num="208" count="0" type="stmt"/>
        <line num="210" count="0" type="stmt"/>
        <line num="212" count="0" type="stmt"/>
        <line num="214" count="0" type="stmt"/>
        <line num="215" count="0" type="stmt"/>
        <line num="216" count="0" type="stmt"/>
        <line num="217" count="0" type="stmt"/>
        <line num="218" count="0" type="stmt"/>
        <line num="220" count="0" type="stmt"/>
        <line num="221" count="0" type="stmt"/>
        <line num="223" count="0" type="stmt"/>
        <line num="224" count="0" type="stmt"/>
        <line num="227" count="0" type="stmt"/>
      </file>
    </package>
    <package name="utils">
      <metrics statements="180" coveredstatements="57" conditionals="75" coveredconditionals="5" methods="31" coveredmethods="12"/>
      <file name="email.js" path="D:\FuelFlow\server\src\utils\email.js">
        <metrics statements="49" coveredstatements="29" conditionals="8" coveredconditionals="0" methods="9" coveredmethods="4"/>
        <line num="5" count="2" type="stmt"/>
        <line num="25" count="2" type="stmt"/>
        <line num="32" count="15" type="stmt"/>
        <line num="34" count="15" type="stmt"/>
        <line num="77" count="15" type="stmt"/>
        <line num="96" count="15" type="stmt"/>
        <line num="104" count="15" type="stmt"/>
        <line num="115" count="2" type="stmt"/>
        <line num="116" count="1" type="stmt"/>
        <line num="117" count="1" type="stmt"/>
        <line num="119" count="1" type="stmt"/>
        <line num="165" count="1" type="stmt"/>
        <line num="185" count="1" type="stmt"/>
        <line num="193" count="1" type="stmt"/>
        <line num="210" count="2" type="stmt"/>
        <line num="221" count="0" type="stmt"/>
        <line num="223" count="0" type="stmt"/>
        <line num="225" count="0" type="stmt"/>
        <line num="234" count="0" type="stmt"/>
        <line num="235" count="0" type="stmt"/>
        <line num="238" count="0" type="stmt"/>
        <line num="304" count="0" type="stmt"/>
        <line num="329" count="0" type="stmt"/>
        <line num="338" count="0" type="stmt"/>
        <line num="350" count="2" type="stmt"/>
        <line num="351" count="5" type="stmt"/>
        <line num="353" count="5" type="stmt"/>
        <line num="400" count="5" type="stmt"/>
        <line num="424" count="5" type="stmt"/>
        <line num="432" count="5" type="stmt"/>
        <line num="444" count="2" type="stmt"/>
        <line num="445" count="2" type="stmt"/>
        <line num="447" count="2" type="stmt"/>
        <line num="497" count="2" type="stmt"/>
        <line num="523" count="2" type="stmt"/>
        <line num="531" count="2" type="stmt"/>
        <line num="550" count="2" type="stmt"/>
        <line num="563" count="0" type="stmt"/>
        <line num="565" count="0" type="stmt"/>
        <line num="646" count="0" type="stmt"/>
        <line num="672" count="0" type="stmt"/>
        <line num="680" count="0" type="stmt"/>
        <line num="684" count="2" type="stmt"/>
        <line num="685" count="0" type="stmt"/>
        <line num="686" count="0" type="stmt"/>
        <line num="687" count="0" type="stmt"/>
        <line num="688" count="0" type="stmt"/>
        <line num="690" count="0" type="stmt"/>
        <line num="691" count="0" type="stmt"/>
      </file>
      <file name="helpers.js" path="D:\FuelFlow\server\src\utils\helpers.js">
        <metrics statements="30" coveredstatements="14" conditionals="10" coveredconditionals="5" methods="6" coveredmethods="3"/>
        <line num="7" count="2" type="stmt"/>
        <line num="8" count="15" type="stmt"/>
        <line num="18" count="2" type="stmt"/>
        <line num="19" count="0" type="stmt"/>
        <line num="20" count="0" type="stmt"/>
        <line num="21" count="0" type="stmt"/>
        <line num="22" count="0" type="stmt"/>
        <line num="23" count="0" type="stmt"/>
        <line num="25" count="0" type="stmt"/>
        <line num="35" count="2" type="stmt"/>
        <line num="36" count="0" type="stmt"/>
        <line num="37" count="0" type="stmt"/>
        <line num="38" count="0" type="stmt"/>
        <line num="39" count="0" type="stmt"/>
        <line num="40" count="0" type="stmt"/>
        <line num="42" count="0" type="stmt"/>
        <line num="51" count="2" type="stmt"/>
        <line num="53" count="0" type="cond" truecount="0" falsecount="2"/>
        <line num="54" count="0" type="stmt"/>
        <line num="58" count="0" type="cond" truecount="0" falsecount="2"/>
        <line num="68" count="2" type="cond" truecount="1" falsecount="0"/>
        <line num="69" count="45" type="stmt"/>
        <line num="77" count="45" type="cond" truecount="1" falsecount="1"/>
        <line num="78" count="0" type="stmt"/>
        <line num="81" count="45" type="stmt"/>
        <line num="90" count="2" type="cond" truecount="1" falsecount="0"/>
        <line num="91" count="43" type="stmt"/>
        <line num="96" count="43" type="cond" truecount="2" falsecount="0"/>
        <line num="97" count="38" type="stmt"/>
        <line num="100" count="43" type="stmt"/>
      </file>
      <file name="jwt.js" path="D:\FuelFlow\server\src\utils\jwt.js">
        <metrics statements="15" coveredstatements="14" conditionals="0" coveredconditionals="0" methods="5" coveredmethods="5"/>
        <line num="9" count="2" type="stmt"/>
        <line num="10" count="7" type="stmt"/>
        <line num="20" count="2" type="stmt"/>
        <line num="21" count="7" type="stmt"/>
        <line num="31" count="2" type="stmt"/>
        <line num="32" count="55" type="stmt"/>
        <line num="33" count="55" type="stmt"/>
        <line num="35" count="0" type="stmt"/>
        <line num="44" count="2" type="stmt"/>
        <line num="45" count="3" type="stmt"/>
        <line num="46" count="3" type="stmt"/>
        <line num="48" count="2" type="stmt"/>
        <line num="57" count="2" type="stmt"/>
        <line num="58" count="7" type="stmt"/>
        <line num="65" count="7" type="stmt"/>
      </file>
      <file name="shiftValidation.js" path="D:\FuelFlow\server\src\utils\shiftValidation.js">
        <metrics statements="86" coveredstatements="0" conditionals="57" coveredconditionals="0" methods="11" coveredmethods="0"/>
        <line num="9" count="0" type="stmt"/>
        <line num="10" count="0" type="stmt"/>
        <line num="11" count="0" type="stmt"/>
        <line num="13" count="0" type="stmt"/>
        <line num="14" count="0" type="stmt"/>
        <line num="18" count="0" type="stmt"/>
        <line num="20" count="0" type="stmt"/>
        <line num="31" count="0" type="stmt"/>
        <line num="32" count="0" type="stmt"/>
        <line num="33" count="0" type="stmt"/>
        <line num="35" count="0" type="stmt"/>
        <line num="38" count="0" type="cond" truecount="0" falsecount="4"/>
        <line num="39" count="0" type="stmt"/>
        <line num="47" count="0" type="cond" truecount="0" falsecount="4"/>
        <line num="48" count="0" type="stmt"/>
        <line num="49" count="0" type="cond" truecount="0" falsecount="4"/>
        <line num="50" count="0" type="stmt"/>
        <line num="60" count="0" type="stmt"/>
        <line num="61" count="0" type="stmt"/>
        <line num="62" count="0" type="stmt"/>
        <line num="64" count="0" type="stmt"/>
        <line num="65" count="0" type="stmt"/>
        <line num="68" count="0" type="cond" truecount="0" falsecount="2"/>
        <line num="69" count="0" type="stmt"/>
        <line num="73" count="0" type="cond" truecount="0" falsecount="2"/>
        <line num="74" count="0" type="cond" truecount="0" falsecount="4"/>
        <line num="75" count="0" type="stmt"/>
        <line num="77" count="0" type="cond" truecount="0" falsecount="4"/>
        <line num="78" count="0" type="stmt"/>
        <line num="84" count="0" type="stmt"/>
        <line num="85" count="0" type="stmt"/>
        <line num="86" count="0" type="stmt"/>
        <line num="87" count="0" type="stmt"/>
        <line num="89" count="0" type="stmt"/>
        <line num="90" count="0" type="stmt"/>
        <line num="91" count="0" type="stmt"/>
        <line num="92" count="0" type="stmt"/>
        <line num="94" count="0" type="stmt"/>
        <line num="95" count="0" type="stmt"/>
        <line num="96" count="0" type="stmt"/>
        <line num="97" count="0" type="stmt"/>
        <line num="100" count="0" type="cond" truecount="0" falsecount="6"/>
        <line num="101" count="0" type="stmt"/>
        <line num="106" count="0" type="stmt"/>
        <line num="115" count="0" type="stmt"/>
        <line num="116" count="0" type="cond" truecount="0" falsecount="2"/>
        <line num="117" count="0" type="stmt"/>
        <line num="120" count="0" type="cond" truecount="0" falsecount="2"/>
        <line num="121" count="0" type="stmt"/>
        <line num="124" count="0" type="cond" truecount="0" falsecount="3"/>
        <line num="126" count="0" type="cond" truecount="0" falsecount="2"/>
        <line num="127" count="0" type="stmt"/>
        <line num="131" count="0" type="stmt"/>
        <line num="132" count="0" type="cond" truecount="0" falsecount="2"/>
        <line num="133" count="0" type="stmt"/>
        <line num="136" count="0" type="stmt"/>
        <line num="143" count="0" type="stmt"/>
        <line num="144" count="0" type="stmt"/>
        <line num="146" count="0" type="stmt"/>
        <line num="147" count="0" type="stmt"/>
        <line num="149" count="0" type="stmt"/>
        <line num="151" count="0" type="cond" truecount="0" falsecount="4"/>
        <line num="152" count="0" type="stmt"/>
        <line num="156" count="0" type="stmt"/>
        <line num="157" count="0" type="stmt"/>
        <line num="160" count="0" type="cond" truecount="0" falsecount="2"/>
        <line num="163" count="0" type="stmt"/>
        <line num="164" count="0" type="stmt"/>
        <line num="166" count="0" type="cond" truecount="0" falsecount="2"/>
        <line num="169" count="0" type="stmt"/>
        <line num="170" count="0" type="stmt"/>
        <line num="171" count="0" type="stmt"/>
        <line num="172" count="0" type="stmt"/>
        <line num="174" count="0" type="stmt"/>
        <line num="175" count="0" type="stmt"/>
        <line num="176" count="0" type="stmt"/>
        <line num="177" count="0" type="stmt"/>
        <line num="180" count="0" type="cond" truecount="0" falsecount="6"/>
        <line num="182" count="0" type="stmt"/>
        <line num="191" count="0" type="stmt"/>
        <line num="200" count="0" type="stmt"/>
        <line num="201" count="0" type="stmt"/>
        <line num="202" count="0" type="stmt"/>
        <line num="204" count="0" type="stmt"/>
        <line num="205" count="0" type="stmt"/>
        <line num="207" count="0" type="stmt"/>
      </file>
    </package>
  </project>
</coverage>
