{"D:\\FuelFlow\\server\\src\\controllers\\attendanceController.js": {"path":"D:\\FuelFlow\\server\\src\\controllers\\attendanceController.js","statementMap":{"0":{"start":{"line":10,"column":32},"end":{"line":88,"column":1}},"1":{"start":{"line":11,"column":2},"end":{"line":87,"column":3}},"2":{"start":{"line":12,"column":63},"end":{"line":12,"column":71}},"3":{"start":{"line":15,"column":4},"end":{"line":19,"column":5}},"4":{"start":{"line":16,"column":6},"end":{"line":18,"column":8}},"5":{"start":{"line":22,"column":22},"end":{"line":22,"column":36}},"6":{"start":{"line":23,"column":18},"end":{"line":23,"column":28}},"7":{"start":{"line":24,"column":4},"end":{"line":24,"column":31}},"8":{"start":{"line":25,"column":4},"end":{"line":25,"column":35}},"9":{"start":{"line":27,"column":4},"end":{"line":31,"column":5}},"10":{"start":{"line":28,"column":6},"end":{"line":30,"column":8}},"11":{"start":{"line":33,"column":4},"end":{"line":37,"column":5}},"12":{"start":{"line":34,"column":6},"end":{"line":36,"column":8}},"13":{"start":{"line":40,"column":17},"end":{"line":40,"column":44}},"14":{"start":{"line":41,"column":4},"end":{"line":45,"column":5}},"15":{"start":{"line":42,"column":6},"end":{"line":44,"column":8}},"16":{"start":{"line":48,"column":4},"end":{"line":52,"column":5}},"17":{"start":{"line":49,"column":6},"end":{"line":51,"column":8}},"18":{"start":{"line":55,"column":31},"end":{"line":55,"column":89}},"19":{"start":{"line":57,"column":4},"end":{"line":69,"column":5}},"20":{"start":{"line":59,"column":6},"end":{"line":59,"column":41}},"21":{"start":{"line":60,"column":6},"end":{"line":60,"column":56}},"22":{"start":{"line":60,"column":19},"end":{"line":60,"column":56}},"23":{"start":{"line":61,"column":6},"end":{"line":61,"column":59}},"24":{"start":{"line":61,"column":20},"end":{"line":61,"column":59}},"25":{"start":{"line":62,"column":6},"end":{"line":62,"column":64}},"26":{"start":{"line":62,"column":31},"end":{"line":62,"column":64}},"27":{"start":{"line":64,"column":6},"end":{"line":64,"column":38}},"28":{"start":{"line":66,"column":6},"end":{"line":68,"column":8}},"29":{"start":{"line":72,"column":23},"end":{"line":80,"column":6}},"30":{"start":{"line":82,"column":4},"end":{"line":84,"column":6}},"31":{"start":{"line":86,"column":4},"end":{"line":86,"column":16}},"32":{"start":{"line":94,"column":29},"end":{"line":127,"column":1}},"33":{"start":{"line":95,"column":2},"end":{"line":126,"column":3}},"34":{"start":{"line":96,"column":51},"end":{"line":96,"column":60}},"35":{"start":{"line":98,"column":16},"end":{"line":98,"column":18}},"36":{"start":{"line":101,"column":4},"end":{"line":101,"column":38}},"37":{"start":{"line":101,"column":16},"end":{"line":101,"column":38}},"38":{"start":{"line":102,"column":4},"end":{"line":102,"column":38}},"39":{"start":{"line":102,"column":16},"end":{"line":102,"column":38}},"40":{"start":{"line":105,"column":4},"end":{"line":109,"column":5}},"41":{"start":{"line":106,"column":6},"end":{"line":106,"column":22}},"42":{"start":{"line":107,"column":6},"end":{"line":107,"column":59}},"43":{"start":{"line":107,"column":21},"end":{"line":107,"column":59}},"44":{"start":{"line":108,"column":6},"end":{"line":108,"column":55}},"45":{"start":{"line":108,"column":19},"end":{"line":108,"column":55}},"46":{"start":{"line":112,"column":4},"end":{"line":116,"column":5}},"47":{"start":{"line":113,"column":6},"end":{"line":113,"column":37}},"48":{"start":{"line":114,"column":11},"end":{"line":116,"column":5}},"49":{"start":{"line":115,"column":6},"end":{"line":115,"column":34}},"50":{"start":{"line":118,"column":23},"end":{"line":121,"column":25}},"51":{"start":{"line":123,"column":4},"end":{"line":123,"column":59}},"52":{"start":{"line":125,"column":4},"end":{"line":125,"column":16}},"53":{"start":{"line":133,"column":31},"end":{"line":154,"column":1}},"54":{"start":{"line":134,"column":2},"end":{"line":153,"column":3}},"55":{"start":{"line":135,"column":35},"end":{"line":135,"column":44}},"56":{"start":{"line":137,"column":16},"end":{"line":137,"column":40}},"57":{"start":{"line":140,"column":4},"end":{"line":144,"column":5}},"58":{"start":{"line":141,"column":6},"end":{"line":141,"column":22}},"59":{"start":{"line":142,"column":6},"end":{"line":142,"column":59}},"60":{"start":{"line":142,"column":21},"end":{"line":142,"column":59}},"61":{"start":{"line":143,"column":6},"end":{"line":143,"column":55}},"62":{"start":{"line":143,"column":19},"end":{"line":143,"column":55}},"63":{"start":{"line":146,"column":23},"end":{"line":148,"column":25}},"64":{"start":{"line":150,"column":4},"end":{"line":150,"column":59}},"65":{"start":{"line":152,"column":4},"end":{"line":152,"column":16}}},"fnMap":{"0":{"name":"(anonymous_0)","decl":{"start":{"line":10,"column":32},"end":{"line":10,"column":33}},"loc":{"start":{"line":10,"column":58},"end":{"line":88,"column":1}},"line":10},"1":{"name":"(anonymous_1)","decl":{"start":{"line":94,"column":29},"end":{"line":94,"column":30}},"loc":{"start":{"line":94,"column":55},"end":{"line":127,"column":1}},"line":94},"2":{"name":"(anonymous_2)","decl":{"start":{"line":133,"column":31},"end":{"line":133,"column":32}},"loc":{"start":{"line":133,"column":57},"end":{"line":154,"column":1}},"line":133}},"branchMap":{"0":{"loc":{"start":{"line":15,"column":4},"end":{"line":19,"column":5}},"type":"if","locations":[{"start":{"line":15,"column":4},"end":{"line":19,"column":5}},{"start":{},"end":{}}],"line":15},"1":{"loc":{"start":{"line":15,"column":8},"end":{"line":15,"column":35}},"type":"binary-expr","locations":[{"start":{"line":15,"column":8},"end":{"line":15,"column":15}},{"start":{"line":15,"column":19},"end":{"line":15,"column":24}},{"start":{"line":15,"column":28},"end":{"line":15,"column":35}}],"line":15},"2":{"loc":{"start":{"line":27,"column":4},"end":{"line":31,"column":5}},"type":"if","locations":[{"start":{"line":27,"column":4},"end":{"line":31,"column":5}},{"start":{},"end":{}}],"line":27},"3":{"loc":{"start":{"line":33,"column":4},"end":{"line":37,"column":5}},"type":"if","locations":[{"start":{"line":33,"column":4},"end":{"line":37,"column":5}},{"start":{},"end":{}}],"line":33},"4":{"loc":{"start":{"line":41,"column":4},"end":{"line":45,"column":5}},"type":"if","locations":[{"start":{"line":41,"column":4},"end":{"line":45,"column":5}},{"start":{},"end":{}}],"line":41},"5":{"loc":{"start":{"line":48,"column":4},"end":{"line":52,"column":5}},"type":"if","locations":[{"start":{"line":48,"column":4},"end":{"line":52,"column":5}},{"start":{},"end":{}}],"line":48},"6":{"loc":{"start":{"line":48,"column":8},"end":{"line":48,"column":94}},"type":"binary-expr","locations":[{"start":{"line":48,"column":8},"end":{"line":48,"column":35}},{"start":{"line":48,"column":39},"end":{"line":48,"column":94}}],"line":48},"7":{"loc":{"start":{"line":57,"column":4},"end":{"line":69,"column":5}},"type":"if","locations":[{"start":{"line":57,"column":4},"end":{"line":69,"column":5}},{"start":{},"end":{}}],"line":57},"8":{"loc":{"start":{"line":60,"column":6},"end":{"line":60,"column":56}},"type":"if","locations":[{"start":{"line":60,"column":6},"end":{"line":60,"column":56}},{"start":{},"end":{}}],"line":60},"9":{"loc":{"start":{"line":61,"column":6},"end":{"line":61,"column":59}},"type":"if","locations":[{"start":{"line":61,"column":6},"end":{"line":61,"column":59}},{"start":{},"end":{}}],"line":61},"10":{"loc":{"start":{"line":62,"column":6},"end":{"line":62,"column":64}},"type":"if","locations":[{"start":{"line":62,"column":6},"end":{"line":62,"column":64}},{"start":{},"end":{}}],"line":62},"11":{"loc":{"start":{"line":101,"column":4},"end":{"line":101,"column":38}},"type":"if","locations":[{"start":{"line":101,"column":4},"end":{"line":101,"column":38}},{"start":{},"end":{}}],"line":101},"12":{"loc":{"start":{"line":102,"column":4},"end":{"line":102,"column":38}},"type":"if","locations":[{"start":{"line":102,"column":4},"end":{"line":102,"column":38}},{"start":{},"end":{}}],"line":102},"13":{"loc":{"start":{"line":105,"column":4},"end":{"line":109,"column":5}},"type":"if","locations":[{"start":{"line":105,"column":4},"end":{"line":109,"column":5}},{"start":{},"end":{}}],"line":105},"14":{"loc":{"start":{"line":105,"column":8},"end":{"line":105,"column":28}},"type":"binary-expr","locations":[{"start":{"line":105,"column":8},"end":{"line":105,"column":17}},{"start":{"line":105,"column":21},"end":{"line":105,"column":28}}],"line":105},"15":{"loc":{"start":{"line":107,"column":6},"end":{"line":107,"column":59}},"type":"if","locations":[{"start":{"line":107,"column":6},"end":{"line":107,"column":59}},{"start":{},"end":{}}],"line":107},"16":{"loc":{"start":{"line":108,"column":6},"end":{"line":108,"column":55}},"type":"if","locations":[{"start":{"line":108,"column":6},"end":{"line":108,"column":55}},{"start":{},"end":{}}],"line":108},"17":{"loc":{"start":{"line":112,"column":4},"end":{"line":116,"column":5}},"type":"if","locations":[{"start":{"line":112,"column":4},"end":{"line":116,"column":5}},{"start":{"line":114,"column":11},"end":{"line":116,"column":5}}],"line":112},"18":{"loc":{"start":{"line":114,"column":11},"end":{"line":116,"column":5}},"type":"if","locations":[{"start":{"line":114,"column":11},"end":{"line":116,"column":5}},{"start":{},"end":{}}],"line":114},"19":{"loc":{"start":{"line":114,"column":15},"end":{"line":114,"column":74}},"type":"binary-expr","locations":[{"start":{"line":114,"column":15},"end":{"line":114,"column":42}},{"start":{"line":114,"column":46},"end":{"line":114,"column":74}}],"line":114},"20":{"loc":{"start":{"line":140,"column":4},"end":{"line":144,"column":5}},"type":"if","locations":[{"start":{"line":140,"column":4},"end":{"line":144,"column":5}},{"start":{},"end":{}}],"line":140},"21":{"loc":{"start":{"line":140,"column":8},"end":{"line":140,"column":28}},"type":"binary-expr","locations":[{"start":{"line":140,"column":8},"end":{"line":140,"column":17}},{"start":{"line":140,"column":21},"end":{"line":140,"column":28}}],"line":140},"22":{"loc":{"start":{"line":142,"column":6},"end":{"line":142,"column":59}},"type":"if","locations":[{"start":{"line":142,"column":6},"end":{"line":142,"column":59}},{"start":{},"end":{}}],"line":142},"23":{"loc":{"start":{"line":143,"column":6},"end":{"line":143,"column":55}},"type":"if","locations":[{"start":{"line":143,"column":6},"end":{"line":143,"column":55}},{"start":{},"end":{}}],"line":143}},"s":{"0":0,"1":0,"2":0,"3":0,"4":0,"5":0,"6":0,"7":0,"8":0,"9":0,"10":0,"11":0,"12":0,"13":0,"14":0,"15":0,"16":0,"17":0,"18":0,"19":0,"20":0,"21":0,"22":0,"23":0,"24":0,"25":0,"26":0,"27":0,"28":0,"29":0,"30":0,"31":0,"32":0,"33":0,"34":0,"35":0,"36":0,"37":0,"38":0,"39":0,"40":0,"41":0,"42":0,"43":0,"44":0,"45":0,"46":0,"47":0,"48":0,"49":0,"50":0,"51":0,"52":0,"53":0,"54":0,"55":0,"56":0,"57":0,"58":0,"59":0,"60":0,"61":0,"62":0,"63":0,"64":0,"65":0},"f":{"0":0,"1":0,"2":0},"b":{"0":[0,0],"1":[0,0,0],"2":[0,0],"3":[0,0],"4":[0,0],"5":[0,0],"6":[0,0],"7":[0,0],"8":[0,0],"9":[0,0],"10":[0,0],"11":[0,0],"12":[0,0],"13":[0,0],"14":[0,0],"15":[0,0],"16":[0,0],"17":[0,0],"18":[0,0],"19":[0,0],"20":[0,0],"21":[0,0],"22":[0,0],"23":[0,0]}}
,"D:\\FuelFlow\\server\\src\\controllers\\auditLogController.js": {"path":"D:\\FuelFlow\\server\\src\\controllers\\auditLogController.js","statementMap":{"0":{"start":{"line":9,"column":38},"end":{"line":44,"column":1}},"1":{"start":{"line":10,"column":2},"end":{"line":43,"column":3}},"2":{"start":{"line":18,"column":8},"end":{"line":18,"column":17}},"3":{"start":{"line":21,"column":20},"end":{"line":24,"column":5}},"4":{"start":{"line":27,"column":4},"end":{"line":31,"column":5}},"5":{"start":{"line":28,"column":6},"end":{"line":28,"column":39}},"6":{"start":{"line":29,"column":11},"end":{"line":31,"column":5}},"7":{"start":{"line":30,"column":6},"end":{"line":30,"column":40}},"8":{"start":{"line":33,"column":4},"end":{"line":33,"column":52}},"9":{"start":{"line":33,"column":20},"end":{"line":33,"column":52}},"10":{"start":{"line":34,"column":4},"end":{"line":34,"column":46}},"11":{"start":{"line":34,"column":18},"end":{"line":34,"column":46}},"12":{"start":{"line":35,"column":4},"end":{"line":35,"column":49}},"13":{"start":{"line":35,"column":19},"end":{"line":35,"column":49}},"14":{"start":{"line":36,"column":4},"end":{"line":36,"column":43}},"15":{"start":{"line":36,"column":17},"end":{"line":36,"column":43}},"16":{"start":{"line":38,"column":17},"end":{"line":38,"column":44}},"17":{"start":{"line":40,"column":4},"end":{"line":40,"column":53}},"18":{"start":{"line":42,"column":4},"end":{"line":42,"column":16}}},"fnMap":{"0":{"name":"(anonymous_0)","decl":{"start":{"line":9,"column":38},"end":{"line":9,"column":39}},"loc":{"start":{"line":9,"column":64},"end":{"line":44,"column":1}},"line":9}},"branchMap":{"0":{"loc":{"start":{"line":16,"column":6},"end":{"line":16,"column":17}},"type":"default-arg","locations":[{"start":{"line":16,"column":14},"end":{"line":16,"column":17}}],"line":16},"1":{"loc":{"start":{"line":17,"column":6},"end":{"line":17,"column":14}},"type":"default-arg","locations":[{"start":{"line":17,"column":13},"end":{"line":17,"column":14}}],"line":17},"2":{"loc":{"start":{"line":27,"column":4},"end":{"line":31,"column":5}},"type":"if","locations":[{"start":{"line":27,"column":4},"end":{"line":31,"column":5}},{"start":{"line":29,"column":11},"end":{"line":31,"column":5}}],"line":27},"3":{"loc":{"start":{"line":29,"column":11},"end":{"line":31,"column":5}},"type":"if","locations":[{"start":{"line":29,"column":11},"end":{"line":31,"column":5}},{"start":{},"end":{}}],"line":29},"4":{"loc":{"start":{"line":29,"column":15},"end":{"line":29,"column":60}},"type":"binary-expr","locations":[{"start":{"line":29,"column":15},"end":{"line":29,"column":40}},{"start":{"line":29,"column":44},"end":{"line":29,"column":60}}],"line":29},"5":{"loc":{"start":{"line":33,"column":4},"end":{"line":33,"column":52}},"type":"if","locations":[{"start":{"line":33,"column":4},"end":{"line":33,"column":52}},{"start":{},"end":{}}],"line":33},"6":{"loc":{"start":{"line":34,"column":4},"end":{"line":34,"column":46}},"type":"if","locations":[{"start":{"line":34,"column":4},"end":{"line":34,"column":46}},{"start":{},"end":{}}],"line":34},"7":{"loc":{"start":{"line":35,"column":4},"end":{"line":35,"column":49}},"type":"if","locations":[{"start":{"line":35,"column":4},"end":{"line":35,"column":49}},{"start":{},"end":{}}],"line":35},"8":{"loc":{"start":{"line":36,"column":4},"end":{"line":36,"column":43}},"type":"if","locations":[{"start":{"line":36,"column":4},"end":{"line":36,"column":43}},{"start":{},"end":{}}],"line":36}},"s":{"0":0,"1":0,"2":0,"3":0,"4":0,"5":0,"6":0,"7":0,"8":0,"9":0,"10":0,"11":0,"12":0,"13":0,"14":0,"15":0,"16":0,"17":0,"18":0},"f":{"0":0},"b":{"0":[0],"1":[0],"2":[0,0],"3":[0,0],"4":[0,0],"5":[0,0],"6":[0,0],"7":[0,0],"8":[0,0]}}
,"D:\\FuelFlow\\server\\src\\controllers\\authController.js": {"path":"D:\\FuelFlow\\server\\src\\controllers\\authController.js","statementMap":{"0":{"start":{"line":11,"column":21},"end":{"line":75,"column":1}},"1":{"start":{"line":12,"column":2},"end":{"line":74,"column":3}},"2":{"start":{"line":13,"column":32},"end":{"line":13,"column":40}},"3":{"start":{"line":16,"column":4},"end":{"line":20,"column":5}},"4":{"start":{"line":17,"column":6},"end":{"line":19,"column":8}},"5":{"start":{"line":23,"column":17},"end":{"line":23,"column":102}},"6":{"start":{"line":25,"column":4},"end":{"line":29,"column":5}},"7":{"start":{"line":26,"column":6},"end":{"line":28,"column":8}},"8":{"start":{"line":32,"column":4},"end":{"line":36,"column":5}},"9":{"start":{"line":33,"column":6},"end":{"line":35,"column":8}},"10":{"start":{"line":39,"column":28},"end":{"line":39,"column":64}},"11":{"start":{"line":41,"column":4},"end":{"line":45,"column":5}},"12":{"start":{"line":42,"column":6},"end":{"line":44,"column":8}},"13":{"start":{"line":48,"column":42},"end":{"line":48,"column":65}},"14":{"start":{"line":51,"column":21},"end":{"line":60,"column":5}},"15":{"start":{"line":62,"column":4},"end":{"line":71,"column":6}},"16":{"start":{"line":73,"column":4},"end":{"line":73,"column":16}},"17":{"start":{"line":81,"column":23},"end":{"line":125,"column":1}},"18":{"start":{"line":82,"column":2},"end":{"line":124,"column":3}},"19":{"start":{"line":83,"column":29},"end":{"line":83,"column":37}},"20":{"start":{"line":85,"column":4},"end":{"line":89,"column":5}},"21":{"start":{"line":86,"column":6},"end":{"line":88,"column":8}},"22":{"start":{"line":93,"column":4},"end":{"line":99,"column":5}},"23":{"start":{"line":94,"column":6},"end":{"line":94,"column":49}},"24":{"start":{"line":96,"column":6},"end":{"line":98,"column":8}},"25":{"start":{"line":102,"column":17},"end":{"line":102,"column":52}},"26":{"start":{"line":104,"column":4},"end":{"line":108,"column":5}},"27":{"start":{"line":105,"column":6},"end":{"line":107,"column":8}},"28":{"start":{"line":110,"column":4},"end":{"line":114,"column":5}},"29":{"start":{"line":111,"column":6},"end":{"line":113,"column":8}},"30":{"start":{"line":117,"column":19},"end":{"line":117,"column":42}},"31":{"start":{"line":119,"column":4},"end":{"line":121,"column":6}},"32":{"start":{"line":123,"column":4},"end":{"line":123,"column":16}},"33":{"start":{"line":131,"column":22},"end":{"line":142,"column":1}},"34":{"start":{"line":132,"column":2},"end":{"line":141,"column":3}},"35":{"start":{"line":136,"column":4},"end":{"line":138,"column":6}},"36":{"start":{"line":140,"column":4},"end":{"line":140,"column":16}},"37":{"start":{"line":148,"column":30},"end":{"line":204,"column":1}},"38":{"start":{"line":149,"column":2},"end":{"line":203,"column":3}},"39":{"start":{"line":150,"column":22},"end":{"line":150,"column":30}},"40":{"start":{"line":152,"column":4},"end":{"line":156,"column":5}},"41":{"start":{"line":153,"column":6},"end":{"line":155,"column":8}},"42":{"start":{"line":159,"column":17},"end":{"line":159,"column":46}},"43":{"start":{"line":162,"column":4},"end":{"line":169,"column":5}},"44":{"start":{"line":163,"column":6},"end":{"line":168,"column":8}},"45":{"start":{"line":172,"column":23},"end":{"line":172,"column":48}},"46":{"start":{"line":173,"column":4},"end":{"line":173,"column":51}},"47":{"start":{"line":176,"column":4},"end":{"line":200,"column":5}},"48":{"start":{"line":177,"column":6},"end":{"line":181,"column":9}},"49":{"start":{"line":183,"column":6},"end":{"line":188,"column":8}},"50":{"start":{"line":191,"column":6},"end":{"line":191,"column":46}},"51":{"start":{"line":192,"column":6},"end":{"line":192,"column":46}},"52":{"start":{"line":193,"column":6},"end":{"line":193,"column":53}},"53":{"start":{"line":195,"column":6},"end":{"line":195,"column":72}},"54":{"start":{"line":197,"column":6},"end":{"line":199,"column":8}},"55":{"start":{"line":202,"column":4},"end":{"line":202,"column":16}},"56":{"start":{"line":210,"column":29},"end":{"line":259,"column":1}},"57":{"start":{"line":211,"column":2},"end":{"line":258,"column":3}},"58":{"start":{"line":212,"column":35},"end":{"line":212,"column":43}},"59":{"start":{"line":214,"column":4},"end":{"line":218,"column":5}},"60":{"start":{"line":215,"column":6},"end":{"line":217,"column":8}},"61":{"start":{"line":221,"column":4},"end":{"line":225,"column":5}},"62":{"start":{"line":222,"column":6},"end":{"line":224,"column":8}},"63":{"start":{"line":228,"column":24},"end":{"line":231,"column":20}},"64":{"start":{"line":234,"column":17},"end":{"line":237,"column":64}},"65":{"start":{"line":239,"column":4},"end":{"line":243,"column":5}},"66":{"start":{"line":240,"column":6},"end":{"line":242,"column":8}},"67":{"start":{"line":246,"column":4},"end":{"line":246,"column":36}},"68":{"start":{"line":247,"column":4},"end":{"line":247,"column":43}},"69":{"start":{"line":248,"column":4},"end":{"line":248,"column":44}},"70":{"start":{"line":249,"column":4},"end":{"line":249,"column":44}},"71":{"start":{"line":251,"column":4},"end":{"line":251,"column":22}},"72":{"start":{"line":253,"column":4},"end":{"line":255,"column":6}},"73":{"start":{"line":257,"column":4},"end":{"line":257,"column":16}},"74":{"start":{"line":266,"column":30},"end":{"line":312,"column":1}},"75":{"start":{"line":267,"column":2},"end":{"line":311,"column":3}},"76":{"start":{"line":268,"column":45},"end":{"line":268,"column":53}},"77":{"start":{"line":270,"column":4},"end":{"line":274,"column":5}},"78":{"start":{"line":271,"column":6},"end":{"line":273,"column":8}},"79":{"start":{"line":277,"column":4},"end":{"line":281,"column":5}},"80":{"start":{"line":278,"column":6},"end":{"line":280,"column":8}},"81":{"start":{"line":284,"column":17},"end":{"line":284,"column":74}},"82":{"start":{"line":286,"column":4},"end":{"line":290,"column":5}},"83":{"start":{"line":287,"column":6},"end":{"line":289,"column":8}},"84":{"start":{"line":293,"column":28},"end":{"line":293,"column":71}},"85":{"start":{"line":295,"column":4},"end":{"line":299,"column":5}},"86":{"start":{"line":296,"column":6},"end":{"line":298,"column":8}},"87":{"start":{"line":302,"column":4},"end":{"line":302,"column":36}},"88":{"start":{"line":303,"column":4},"end":{"line":303,"column":43}},"89":{"start":{"line":304,"column":4},"end":{"line":304,"column":22}},"90":{"start":{"line":306,"column":4},"end":{"line":308,"column":6}},"91":{"start":{"line":310,"column":4},"end":{"line":310,"column":16}}},"fnMap":{"0":{"name":"(anonymous_0)","decl":{"start":{"line":11,"column":21},"end":{"line":11,"column":22}},"loc":{"start":{"line":11,"column":47},"end":{"line":75,"column":1}},"line":11},"1":{"name":"(anonymous_1)","decl":{"start":{"line":81,"column":23},"end":{"line":81,"column":24}},"loc":{"start":{"line":81,"column":49},"end":{"line":125,"column":1}},"line":81},"2":{"name":"(anonymous_2)","decl":{"start":{"line":131,"column":22},"end":{"line":131,"column":23}},"loc":{"start":{"line":131,"column":48},"end":{"line":142,"column":1}},"line":131},"3":{"name":"(anonymous_3)","decl":{"start":{"line":148,"column":30},"end":{"line":148,"column":31}},"loc":{"start":{"line":148,"column":56},"end":{"line":204,"column":1}},"line":148},"4":{"name":"(anonymous_4)","decl":{"start":{"line":210,"column":29},"end":{"line":210,"column":30}},"loc":{"start":{"line":210,"column":55},"end":{"line":259,"column":1}},"line":210},"5":{"name":"(anonymous_5)","decl":{"start":{"line":266,"column":30},"end":{"line":266,"column":31}},"loc":{"start":{"line":266,"column":56},"end":{"line":312,"column":1}},"line":266}},"branchMap":{"0":{"loc":{"start":{"line":16,"column":4},"end":{"line":20,"column":5}},"type":"if","locations":[{"start":{"line":16,"column":4},"end":{"line":20,"column":5}},{"start":{},"end":{}}],"line":16},"1":{"loc":{"start":{"line":16,"column":8},"end":{"line":16,"column":27}},"type":"binary-expr","locations":[{"start":{"line":16,"column":8},"end":{"line":16,"column":14}},{"start":{"line":16,"column":18},"end":{"line":16,"column":27}}],"line":16},"2":{"loc":{"start":{"line":25,"column":4},"end":{"line":29,"column":5}},"type":"if","locations":[{"start":{"line":25,"column":4},"end":{"line":29,"column":5}},{"start":{},"end":{}}],"line":25},"3":{"loc":{"start":{"line":32,"column":4},"end":{"line":36,"column":5}},"type":"if","locations":[{"start":{"line":32,"column":4},"end":{"line":36,"column":5}},{"start":{},"end":{}}],"line":32},"4":{"loc":{"start":{"line":41,"column":4},"end":{"line":45,"column":5}},"type":"if","locations":[{"start":{"line":41,"column":4},"end":{"line":45,"column":5}},{"start":{},"end":{}}],"line":41},"5":{"loc":{"start":{"line":85,"column":4},"end":{"line":89,"column":5}},"type":"if","locations":[{"start":{"line":85,"column":4},"end":{"line":89,"column":5}},{"start":{},"end":{}}],"line":85},"6":{"loc":{"start":{"line":104,"column":4},"end":{"line":108,"column":5}},"type":"if","locations":[{"start":{"line":104,"column":4},"end":{"line":108,"column":5}},{"start":{},"end":{}}],"line":104},"7":{"loc":{"start":{"line":110,"column":4},"end":{"line":114,"column":5}},"type":"if","locations":[{"start":{"line":110,"column":4},"end":{"line":114,"column":5}},{"start":{},"end":{}}],"line":110},"8":{"loc":{"start":{"line":152,"column":4},"end":{"line":156,"column":5}},"type":"if","locations":[{"start":{"line":152,"column":4},"end":{"line":156,"column":5}},{"start":{},"end":{}}],"line":152},"9":{"loc":{"start":{"line":162,"column":4},"end":{"line":169,"column":5}},"type":"if","locations":[{"start":{"line":162,"column":4},"end":{"line":169,"column":5}},{"start":{},"end":{}}],"line":162},"10":{"loc":{"start":{"line":214,"column":4},"end":{"line":218,"column":5}},"type":"if","locations":[{"start":{"line":214,"column":4},"end":{"line":218,"column":5}},{"start":{},"end":{}}],"line":214},"11":{"loc":{"start":{"line":214,"column":8},"end":{"line":214,"column":30}},"type":"binary-expr","locations":[{"start":{"line":214,"column":8},"end":{"line":214,"column":14}},{"start":{"line":214,"column":18},"end":{"line":214,"column":30}}],"line":214},"12":{"loc":{"start":{"line":221,"column":4},"end":{"line":225,"column":5}},"type":"if","locations":[{"start":{"line":221,"column":4},"end":{"line":225,"column":5}},{"start":{},"end":{}}],"line":221},"13":{"loc":{"start":{"line":239,"column":4},"end":{"line":243,"column":5}},"type":"if","locations":[{"start":{"line":239,"column":4},"end":{"line":243,"column":5}},{"start":{},"end":{}}],"line":239},"14":{"loc":{"start":{"line":270,"column":4},"end":{"line":274,"column":5}},"type":"if","locations":[{"start":{"line":270,"column":4},"end":{"line":274,"column":5}},{"start":{},"end":{}}],"line":270},"15":{"loc":{"start":{"line":270,"column":8},"end":{"line":270,"column":40}},"type":"binary-expr","locations":[{"start":{"line":270,"column":8},"end":{"line":270,"column":24}},{"start":{"line":270,"column":28},"end":{"line":270,"column":40}}],"line":270},"16":{"loc":{"start":{"line":277,"column":4},"end":{"line":281,"column":5}},"type":"if","locations":[{"start":{"line":277,"column":4},"end":{"line":281,"column":5}},{"start":{},"end":{}}],"line":277},"17":{"loc":{"start":{"line":286,"column":4},"end":{"line":290,"column":5}},"type":"if","locations":[{"start":{"line":286,"column":4},"end":{"line":290,"column":5}},{"start":{},"end":{}}],"line":286},"18":{"loc":{"start":{"line":295,"column":4},"end":{"line":299,"column":5}},"type":"if","locations":[{"start":{"line":295,"column":4},"end":{"line":299,"column":5}},{"start":{},"end":{}}],"line":295}},"s":{"0":2,"1":15,"2":15,"3":15,"4":4,"5":11,"6":11,"7":2,"8":9,"9":1,"10":8,"11":8,"12":2,"13":6,"14":6,"15":6,"16":0,"17":2,"18":4,"19":4,"20":4,"21":1,"22":3,"23":3,"24":2,"25":1,"26":1,"27":0,"28":1,"29":0,"30":1,"31":1,"32":0,"33":2,"34":2,"35":2,"36":0,"37":2,"38":4,"39":4,"40":4,"41":1,"42":3,"43":3,"44":2,"45":1,"46":1,"47":1,"48":1,"49":1,"50":0,"51":0,"52":0,"53":0,"54":0,"55":0,"56":2,"57":5,"58":5,"59":5,"60":2,"61":3,"62":1,"63":2,"64":2,"65":2,"66":1,"67":1,"68":1,"69":1,"70":1,"71":1,"72":1,"73":0,"74":2,"75":0,"76":0,"77":0,"78":0,"79":0,"80":0,"81":0,"82":0,"83":0,"84":0,"85":0,"86":0,"87":0,"88":0,"89":0,"90":0,"91":0},"f":{"0":15,"1":4,"2":2,"3":4,"4":5,"5":0},"b":{"0":[4,11],"1":[15,12],"2":[2,9],"3":[1,8],"4":[2,6],"5":[1,3],"6":[0,1],"7":[0,1],"8":[1,3],"9":[2,1],"10":[2,3],"11":[5,4],"12":[1,2],"13":[1,1],"14":[0,0],"15":[0,0],"16":[0,0],"17":[0,0],"18":[0,0]},"_coverageSchema":"1a1c01bbd47fc00a2c39e90264f33305004495a9","hash":"f126a867e2fde2425b9ede4ecc8363a712d76962"}
,"D:\\FuelFlow\\server\\src\\controllers\\inventoryController.js": {"path":"D:\\FuelFlow\\server\\src\\controllers\\inventoryController.js","statementMap":{"0":{"start":{"line":10,"column":28},"end":{"line":110,"column":1}},"1":{"start":{"line":11,"column":2},"end":{"line":109,"column":3}},"2":{"start":{"line":12,"column":33},"end":{"line":12,"column":42}},"3":{"start":{"line":15,"column":22},"end":{"line":15,"column":28}},"4":{"start":{"line":16,"column":4},"end":{"line":18,"column":5}},"5":{"start":{"line":17,"column":6},"end":{"line":17,"column":36}},"6":{"start":{"line":21,"column":4},"end":{"line":58,"column":5}},"7":{"start":{"line":23,"column":25},"end":{"line":23,"column":27}},"8":{"start":{"line":24,"column":6},"end":{"line":24,"column":51}},"9":{"start":{"line":24,"column":20},"end":{"line":24,"column":51}},"10":{"start":{"line":26,"column":26},"end":{"line":55,"column":8}},"11":{"start":{"line":57,"column":6},"end":{"line":57,"column":62}},"12":{"start":{"line":60,"column":4},"end":{"line":66,"column":5}},"13":{"start":{"line":61,"column":6},"end":{"line":65,"column":10}},"14":{"start":{"line":69,"column":25},"end":{"line":69,"column":65}},"15":{"start":{"line":72,"column":23},"end":{"line":72,"column":47}},"16":{"start":{"line":73,"column":4},"end":{"line":73,"column":49}},"17":{"start":{"line":73,"column":18},"end":{"line":73,"column":49}},"18":{"start":{"line":75,"column":24},"end":{"line":91,"column":6}},"19":{"start":{"line":94,"column":20},"end":{"line":94,"column":72}},"20":{"start":{"line":95,"column":22},"end":{"line":97,"column":5}},"21":{"start":{"line":96,"column":25},"end":{"line":96,"column":58}},"22":{"start":{"line":100,"column":32},"end":{"line":104,"column":7}},"23":{"start":{"line":100,"column":60},"end":{"line":104,"column":5}},"24":{"start":{"line":106,"column":4},"end":{"line":106,"column":68}},"25":{"start":{"line":108,"column":4},"end":{"line":108,"column":16}},"26":{"start":{"line":117,"column":29},"end":{"line":156,"column":1}},"27":{"start":{"line":118,"column":2},"end":{"line":155,"column":3}},"28":{"start":{"line":119,"column":49},"end":{"line":119,"column":57}},"29":{"start":{"line":122,"column":4},"end":{"line":128,"column":5}},"30":{"start":{"line":123,"column":6},"end":{"line":127,"column":10}},"31":{"start":{"line":131,"column":6},"end":{"line":131,"column":67}},"32":{"start":{"line":133,"column":4},"end":{"line":137,"column":5}},"33":{"start":{"line":134,"column":6},"end":{"line":136,"column":69}},"34":{"start":{"line":140,"column":18},"end":{"line":148,"column":6}},"35":{"start":{"line":150,"column":4},"end":{"line":152,"column":73}},"36":{"start":{"line":154,"column":4},"end":{"line":154,"column":16}},"37":{"start":{"line":163,"column":32},"end":{"line":201,"column":1}},"38":{"start":{"line":164,"column":2},"end":{"line":200,"column":3}},"39":{"start":{"line":165,"column":42},"end":{"line":165,"column":50}},"40":{"start":{"line":168,"column":4},"end":{"line":174,"column":5}},"41":{"start":{"line":169,"column":6},"end":{"line":173,"column":10}},"42":{"start":{"line":177,"column":6},"end":{"line":177,"column":67}},"43":{"start":{"line":179,"column":4},"end":{"line":183,"column":5}},"44":{"start":{"line":180,"column":6},"end":{"line":182,"column":69}},"45":{"start":{"line":186,"column":18},"end":{"line":193,"column":6}},"46":{"start":{"line":195,"column":4},"end":{"line":197,"column":79}},"47":{"start":{"line":199,"column":4},"end":{"line":199,"column":16}},"48":{"start":{"line":207,"column":34},"end":{"line":238,"column":1}},"49":{"start":{"line":208,"column":2},"end":{"line":237,"column":3}},"50":{"start":{"line":209,"column":59},"end":{"line":209,"column":68}},"51":{"start":{"line":212,"column":22},"end":{"line":212,"column":28}},"52":{"start":{"line":213,"column":4},"end":{"line":215,"column":5}},"53":{"start":{"line":214,"column":6},"end":{"line":214,"column":36}},"54":{"start":{"line":217,"column":16},"end":{"line":217,"column":18}},"55":{"start":{"line":218,"column":4},"end":{"line":218,"column":48}},"56":{"start":{"line":218,"column":21},"end":{"line":218,"column":48}},"57":{"start":{"line":219,"column":4},"end":{"line":219,"column":44}},"58":{"start":{"line":219,"column":18},"end":{"line":219,"column":44}},"59":{"start":{"line":220,"column":4},"end":{"line":220,"column":32}},"60":{"start":{"line":220,"column":14},"end":{"line":220,"column":32}},"61":{"start":{"line":223,"column":4},"end":{"line":227,"column":5}},"62":{"start":{"line":224,"column":6},"end":{"line":224,"column":27}},"63":{"start":{"line":225,"column":6},"end":{"line":225,"column":64}},"64":{"start":{"line":225,"column":21},"end":{"line":225,"column":64}},"65":{"start":{"line":226,"column":6},"end":{"line":226,"column":60}},"66":{"start":{"line":226,"column":19},"end":{"line":226,"column":60}},"67":{"start":{"line":229,"column":19},"end":{"line":232,"column":17}},"68":{"start":{"line":234,"column":4},"end":{"line":234,"column":55}},"69":{"start":{"line":236,"column":4},"end":{"line":236,"column":16}},"70":{"start":{"line":245,"column":36},"end":{"line":282,"column":1}},"71":{"start":{"line":246,"column":2},"end":{"line":281,"column":3}},"72":{"start":{"line":247,"column":44},"end":{"line":247,"column":52}},"73":{"start":{"line":249,"column":4},"end":{"line":258,"column":5}},"74":{"start":{"line":250,"column":6},"end":{"line":257,"column":10}},"75":{"start":{"line":261,"column":6},"end":{"line":261,"column":67}},"76":{"start":{"line":263,"column":4},"end":{"line":267,"column":5}},"77":{"start":{"line":264,"column":6},"end":{"line":266,"column":69}},"78":{"start":{"line":270,"column":19},"end":{"line":274,"column":5}},"79":{"start":{"line":276,"column":4},"end":{"line":278,"column":79}},"80":{"start":{"line":280,"column":4},"end":{"line":280,"column":16}}},"fnMap":{"0":{"name":"(anonymous_0)","decl":{"start":{"line":10,"column":28},"end":{"line":10,"column":29}},"loc":{"start":{"line":10,"column":54},"end":{"line":110,"column":1}},"line":10},"1":{"name":"(anonymous_1)","decl":{"start":{"line":96,"column":18},"end":{"line":96,"column":19}},"loc":{"start":{"line":96,"column":25},"end":{"line":96,"column":58}},"line":96},"2":{"name":"(anonymous_2)","decl":{"start":{"line":100,"column":48},"end":{"line":100,"column":49}},"loc":{"start":{"line":100,"column":60},"end":{"line":104,"column":5}},"line":100},"3":{"name":"(anonymous_3)","decl":{"start":{"line":117,"column":29},"end":{"line":117,"column":30}},"loc":{"start":{"line":117,"column":55},"end":{"line":156,"column":1}},"line":117},"4":{"name":"(anonymous_4)","decl":{"start":{"line":163,"column":32},"end":{"line":163,"column":33}},"loc":{"start":{"line":163,"column":58},"end":{"line":201,"column":1}},"line":163},"5":{"name":"(anonymous_5)","decl":{"start":{"line":207,"column":34},"end":{"line":207,"column":35}},"loc":{"start":{"line":207,"column":60},"end":{"line":238,"column":1}},"line":207},"6":{"name":"(anonymous_6)","decl":{"start":{"line":245,"column":36},"end":{"line":245,"column":37}},"loc":{"start":{"line":245,"column":62},"end":{"line":282,"column":1}},"line":245}},"branchMap":{"0":{"loc":{"start":{"line":16,"column":4},"end":{"line":18,"column":5}},"type":"if","locations":[{"start":{"line":16,"column":4},"end":{"line":18,"column":5}},{"start":{},"end":{}}],"line":16},"1":{"loc":{"start":{"line":16,"column":8},"end":{"line":16,"column":66}},"type":"binary-expr","locations":[{"start":{"line":16,"column":8},"end":{"line":16,"column":35}},{"start":{"line":16,"column":39},"end":{"line":16,"column":66}}],"line":16},"2":{"loc":{"start":{"line":21,"column":4},"end":{"line":58,"column":5}},"type":"if","locations":[{"start":{"line":21,"column":4},"end":{"line":58,"column":5}},{"start":{},"end":{}}],"line":21},"3":{"loc":{"start":{"line":21,"column":8},"end":{"line":21,"column":44}},"type":"binary-expr","locations":[{"start":{"line":21,"column":8},"end":{"line":21,"column":33}},{"start":{"line":21,"column":37},"end":{"line":21,"column":44}}],"line":21},"4":{"loc":{"start":{"line":24,"column":6},"end":{"line":24,"column":51}},"type":"if","locations":[{"start":{"line":24,"column":6},"end":{"line":24,"column":51}},{"start":{},"end":{}}],"line":24},"5":{"loc":{"start":{"line":60,"column":4},"end":{"line":66,"column":5}},"type":"if","locations":[{"start":{"line":60,"column":4},"end":{"line":66,"column":5}},{"start":{},"end":{}}],"line":60},"6":{"loc":{"start":{"line":73,"column":4},"end":{"line":73,"column":49}},"type":"if","locations":[{"start":{"line":73,"column":4},"end":{"line":73,"column":49}},{"start":{},"end":{}}],"line":73},"7":{"loc":{"start":{"line":102,"column":25},"end":{"line":102,"column":59}},"type":"binary-expr","locations":[{"start":{"line":102,"column":25},"end":{"line":102,"column":54}},{"start":{"line":102,"column":58},"end":{"line":102,"column":59}}],"line":102},"8":{"loc":{"start":{"line":103,"column":40},"end":{"line":103,"column":74}},"type":"binary-expr","locations":[{"start":{"line":103,"column":40},"end":{"line":103,"column":69}},{"start":{"line":103,"column":73},"end":{"line":103,"column":74}}],"line":103},"9":{"loc":{"start":{"line":122,"column":4},"end":{"line":128,"column":5}},"type":"if","locations":[{"start":{"line":122,"column":4},"end":{"line":128,"column":5}},{"start":{},"end":{}}],"line":122},"10":{"loc":{"start":{"line":122,"column":8},"end":{"line":122,"column":30}},"type":"binary-expr","locations":[{"start":{"line":122,"column":8},"end":{"line":122,"column":17}},{"start":{"line":122,"column":21},"end":{"line":122,"column":30}}],"line":122},"11":{"loc":{"start":{"line":131,"column":6},"end":{"line":131,"column":67}},"type":"cond-expr","locations":[{"start":{"line":131,"column":34},"end":{"line":131,"column":49}},{"start":{"line":131,"column":52},"end":{"line":131,"column":67}}],"line":131},"12":{"loc":{"start":{"line":133,"column":4},"end":{"line":137,"column":5}},"type":"if","locations":[{"start":{"line":133,"column":4},"end":{"line":137,"column":5}},{"start":{},"end":{}}],"line":133},"13":{"loc":{"start":{"line":145,"column":15},"end":{"line":145,"column":41}},"type":"cond-expr","locations":[{"start":{"line":145,"column":23},"end":{"line":145,"column":30}},{"start":{"line":145,"column":33},"end":{"line":145,"column":41}}],"line":145},"14":{"loc":{"start":{"line":146,"column":13},"end":{"line":146,"column":31}},"type":"binary-expr","locations":[{"start":{"line":146,"column":13},"end":{"line":146,"column":18}},{"start":{"line":146,"column":22},"end":{"line":146,"column":31}}],"line":146},"15":{"loc":{"start":{"line":168,"column":4},"end":{"line":174,"column":5}},"type":"if","locations":[{"start":{"line":168,"column":4},"end":{"line":174,"column":5}},{"start":{},"end":{}}],"line":168},"16":{"loc":{"start":{"line":168,"column":8},"end":{"line":168,"column":43}},"type":"binary-expr","locations":[{"start":{"line":168,"column":8},"end":{"line":168,"column":17}},{"start":{"line":168,"column":21},"end":{"line":168,"column":43}}],"line":168},"17":{"loc":{"start":{"line":177,"column":6},"end":{"line":177,"column":67}},"type":"cond-expr","locations":[{"start":{"line":177,"column":34},"end":{"line":177,"column":49}},{"start":{"line":177,"column":52},"end":{"line":177,"column":67}}],"line":177},"18":{"loc":{"start":{"line":179,"column":4},"end":{"line":183,"column":5}},"type":"if","locations":[{"start":{"line":179,"column":4},"end":{"line":183,"column":5}},{"start":{},"end":{}}],"line":179},"19":{"loc":{"start":{"line":213,"column":4},"end":{"line":215,"column":5}},"type":"if","locations":[{"start":{"line":213,"column":4},"end":{"line":215,"column":5}},{"start":{},"end":{}}],"line":213},"20":{"loc":{"start":{"line":218,"column":4},"end":{"line":218,"column":48}},"type":"if","locations":[{"start":{"line":218,"column":4},"end":{"line":218,"column":48}},{"start":{},"end":{}}],"line":218},"21":{"loc":{"start":{"line":219,"column":4},"end":{"line":219,"column":44}},"type":"if","locations":[{"start":{"line":219,"column":4},"end":{"line":219,"column":44}},{"start":{},"end":{}}],"line":219},"22":{"loc":{"start":{"line":220,"column":4},"end":{"line":220,"column":32}},"type":"if","locations":[{"start":{"line":220,"column":4},"end":{"line":220,"column":32}},{"start":{},"end":{}}],"line":220},"23":{"loc":{"start":{"line":223,"column":4},"end":{"line":227,"column":5}},"type":"if","locations":[{"start":{"line":223,"column":4},"end":{"line":227,"column":5}},{"start":{},"end":{}}],"line":223},"24":{"loc":{"start":{"line":223,"column":8},"end":{"line":223,"column":28}},"type":"binary-expr","locations":[{"start":{"line":223,"column":8},"end":{"line":223,"column":17}},{"start":{"line":223,"column":21},"end":{"line":223,"column":28}}],"line":223},"25":{"loc":{"start":{"line":225,"column":6},"end":{"line":225,"column":64}},"type":"if","locations":[{"start":{"line":225,"column":6},"end":{"line":225,"column":64}},{"start":{},"end":{}}],"line":225},"26":{"loc":{"start":{"line":226,"column":6},"end":{"line":226,"column":60}},"type":"if","locations":[{"start":{"line":226,"column":6},"end":{"line":226,"column":60}},{"start":{},"end":{}}],"line":226},"27":{"loc":{"start":{"line":249,"column":4},"end":{"line":258,"column":5}},"type":"if","locations":[{"start":{"line":249,"column":4},"end":{"line":258,"column":5}},{"start":{},"end":{}}],"line":249},"28":{"loc":{"start":{"line":249,"column":8},"end":{"line":249,"column":52}},"type":"binary-expr","locations":[{"start":{"line":249,"column":8},"end":{"line":249,"column":17}},{"start":{"line":249,"column":21},"end":{"line":249,"column":52}}],"line":249},"29":{"loc":{"start":{"line":261,"column":6},"end":{"line":261,"column":67}},"type":"cond-expr","locations":[{"start":{"line":261,"column":34},"end":{"line":261,"column":49}},{"start":{"line":261,"column":52},"end":{"line":261,"column":67}}],"line":261},"30":{"loc":{"start":{"line":263,"column":4},"end":{"line":267,"column":5}},"type":"if","locations":[{"start":{"line":263,"column":4},"end":{"line":267,"column":5}},{"start":{},"end":{}}],"line":263}},"s":{"0":0,"1":0,"2":0,"3":0,"4":0,"5":0,"6":0,"7":0,"8":0,"9":0,"10":0,"11":0,"12":0,"13":0,"14":0,"15":0,"16":0,"17":0,"18":0,"19":0,"20":0,"21":0,"22":0,"23":0,"24":0,"25":0,"26":0,"27":0,"28":0,"29":0,"30":0,"31":0,"32":0,"33":0,"34":0,"35":0,"36":0,"37":0,"38":0,"39":0,"40":0,"41":0,"42":0,"43":0,"44":0,"45":0,"46":0,"47":0,"48":0,"49":0,"50":0,"51":0,"52":0,"53":0,"54":0,"55":0,"56":0,"57":0,"58":0,"59":0,"60":0,"61":0,"62":0,"63":0,"64":0,"65":0,"66":0,"67":0,"68":0,"69":0,"70":0,"71":0,"72":0,"73":0,"74":0,"75":0,"76":0,"77":0,"78":0,"79":0,"80":0},"f":{"0":0,"1":0,"2":0,"3":0,"4":0,"5":0,"6":0},"b":{"0":[0,0],"1":[0,0],"2":[0,0],"3":[0,0],"4":[0,0],"5":[0,0],"6":[0,0],"7":[0,0],"8":[0,0],"9":[0,0],"10":[0,0],"11":[0,0],"12":[0,0],"13":[0,0],"14":[0,0],"15":[0,0],"16":[0,0],"17":[0,0],"18":[0,0],"19":[0,0],"20":[0,0],"21":[0,0],"22":[0,0],"23":[0,0],"24":[0,0],"25":[0,0],"26":[0,0],"27":[0,0],"28":[0,0],"29":[0,0],"30":[0,0]}}
,"D:\\FuelFlow\\server\\src\\controllers\\notificationController.js": {"path":"D:\\FuelFlow\\server\\src\\controllers\\notificationController.js","statementMap":{"0":{"start":{"line":14,"column":32},"end":{"line":35,"column":1}},"1":{"start":{"line":15,"column":2},"end":{"line":34,"column":3}},"2":{"start":{"line":16,"column":49},"end":{"line":16,"column":58}},"3":{"start":{"line":18,"column":26},"end":{"line":22,"column":5}},"4":{"start":{"line":24,"column":24},"end":{"line":24,"column":58}},"5":{"start":{"line":26,"column":4},"end":{"line":31,"column":6}},"6":{"start":{"line":33,"column":4},"end":{"line":33,"column":16}},"7":{"start":{"line":42,"column":38},"end":{"line":67,"column":1}},"8":{"start":{"line":43,"column":2},"end":{"line":66,"column":3}},"9":{"start":{"line":44,"column":19},"end":{"line":44,"column":29}},"10":{"start":{"line":46,"column":25},"end":{"line":46,"column":45}},"11":{"start":{"line":48,"column":4},"end":{"line":52,"column":5}},"12":{"start":{"line":49,"column":6},"end":{"line":51,"column":8}},"13":{"start":{"line":55,"column":4},"end":{"line":59,"column":5}},"14":{"start":{"line":56,"column":6},"end":{"line":58,"column":8}},"15":{"start":{"line":61,"column":4},"end":{"line":63,"column":6}},"16":{"start":{"line":65,"column":4},"end":{"line":65,"column":16}},"17":{"start":{"line":74,"column":42},"end":{"line":87,"column":1}},"18":{"start":{"line":75,"column":2},"end":{"line":86,"column":3}},"19":{"start":{"line":76,"column":19},"end":{"line":76,"column":52}},"20":{"start":{"line":78,"column":4},"end":{"line":83,"column":6}},"21":{"start":{"line":85,"column":4},"end":{"line":85,"column":16}}},"fnMap":{"0":{"name":"(anonymous_0)","decl":{"start":{"line":14,"column":32},"end":{"line":14,"column":33}},"loc":{"start":{"line":14,"column":58},"end":{"line":35,"column":1}},"line":14},"1":{"name":"(anonymous_1)","decl":{"start":{"line":42,"column":38},"end":{"line":42,"column":39}},"loc":{"start":{"line":42,"column":64},"end":{"line":67,"column":1}},"line":42},"2":{"name":"(anonymous_2)","decl":{"start":{"line":74,"column":42},"end":{"line":74,"column":43}},"loc":{"start":{"line":74,"column":68},"end":{"line":87,"column":1}},"line":74}},"branchMap":{"0":{"loc":{"start":{"line":16,"column":12},"end":{"line":16,"column":32}},"type":"default-arg","locations":[{"start":{"line":16,"column":25},"end":{"line":16,"column":32}}],"line":16},"1":{"loc":{"start":{"line":16,"column":34},"end":{"line":16,"column":44}},"type":"default-arg","locations":[{"start":{"line":16,"column":42},"end":{"line":16,"column":44}}],"line":16},"2":{"loc":{"start":{"line":48,"column":4},"end":{"line":52,"column":5}},"type":"if","locations":[{"start":{"line":48,"column":4},"end":{"line":52,"column":5}},{"start":{},"end":{}}],"line":48},"3":{"loc":{"start":{"line":55,"column":4},"end":{"line":59,"column":5}},"type":"if","locations":[{"start":{"line":55,"column":4},"end":{"line":59,"column":5}},{"start":{},"end":{}}],"line":55}},"s":{"0":0,"1":0,"2":0,"3":0,"4":0,"5":0,"6":0,"7":0,"8":0,"9":0,"10":0,"11":0,"12":0,"13":0,"14":0,"15":0,"16":0,"17":0,"18":0,"19":0,"20":0,"21":0},"f":{"0":0,"1":0,"2":0},"b":{"0":[0],"1":[0],"2":[0,0],"3":[0,0]}}
,"D:\\FuelFlow\\server\\src\\controllers\\orderController.js": {"path":"D:\\FuelFlow\\server\\src\\controllers\\orderController.js","statementMap":{"0":{"start":{"line":18,"column":27},"end":{"line":170,"column":1}},"1":{"start":{"line":19,"column":2},"end":{"line":169,"column":3}},"2":{"start":{"line":21,"column":6},"end":{"line":21,"column":14}},"3":{"start":{"line":24,"column":4},"end":{"line":33,"column":5}},"4":{"start":{"line":25,"column":6},"end":{"line":32,"column":10}},"5":{"start":{"line":36,"column":6},"end":{"line":36,"column":67}},"6":{"start":{"line":38,"column":4},"end":{"line":42,"column":5}},"7":{"start":{"line":39,"column":6},"end":{"line":41,"column":69}},"8":{"start":{"line":45,"column":21},"end":{"line":45,"column":56}},"9":{"start":{"line":46,"column":4},"end":{"line":50,"column":5}},"10":{"start":{"line":47,"column":6},"end":{"line":49,"column":62}},"11":{"start":{"line":52,"column":4},"end":{"line":56,"column":5}},"12":{"start":{"line":53,"column":6},"end":{"line":55,"column":73}},"13":{"start":{"line":59,"column":17},"end":{"line":59,"column":44}},"14":{"start":{"line":62,"column":18},"end":{"line":72,"column":6}},"15":{"start":{"line":75,"column":18},"end":{"line":75,"column":74}},"16":{"start":{"line":76,"column":18},"end":{"line":76,"column":22}},"17":{"start":{"line":77,"column":19},"end":{"line":77,"column":20}},"18":{"start":{"line":78,"column":24},"end":{"line":78,"column":26}},"19":{"start":{"line":80,"column":4},"end":{"line":104,"column":5}},"20":{"start":{"line":81,"column":6},"end":{"line":81,"column":17}},"21":{"start":{"line":82,"column":32},"end":{"line":84,"column":8}},"22":{"start":{"line":86,"column":24},"end":{"line":89,"column":7}},"23":{"start":{"line":91,"column":6},"end":{"line":103,"column":7}},"24":{"start":{"line":92,"column":8},"end":{"line":95,"column":11}},"25":{"start":{"line":98,"column":8},"end":{"line":101,"column":9}},"26":{"start":{"line":99,"column":10},"end":{"line":99,"column":74}},"27":{"start":{"line":100,"column":10},"end":{"line":100,"column":19}},"28":{"start":{"line":102,"column":8},"end":{"line":102,"column":18}},"29":{"start":{"line":106,"column":4},"end":{"line":112,"column":5}},"30":{"start":{"line":108,"column":6},"end":{"line":108,"column":53}},"31":{"start":{"line":109,"column":6},"end":{"line":111,"column":80}},"32":{"start":{"line":115,"column":4},"end":{"line":115,"column":34}},"33":{"start":{"line":116,"column":4},"end":{"line":116,"column":23}},"34":{"start":{"line":119,"column":4},"end":{"line":150,"column":5}},"35":{"start":{"line":120,"column":26},"end":{"line":136,"column":8}},"36":{"start":{"line":139,"column":6},"end":{"line":144,"column":8}},"37":{"start":{"line":145,"column":6},"end":{"line":145,"column":31}},"38":{"start":{"line":146,"column":6},"end":{"line":146,"column":25}},"39":{"start":{"line":148,"column":6},"end":{"line":148,"column":72}},"40":{"start":{"line":153,"column":27},"end":{"line":157,"column":28}},"41":{"start":{"line":159,"column":4},"end":{"line":166,"column":8}},"42":{"start":{"line":168,"column":4},"end":{"line":168,"column":16}},"43":{"start":{"line":176,"column":25},"end":{"line":210,"column":1}},"44":{"start":{"line":177,"column":2},"end":{"line":209,"column":3}},"45":{"start":{"line":178,"column":51},"end":{"line":178,"column":60}},"46":{"start":{"line":180,"column":16},"end":{"line":180,"column":18}},"47":{"start":{"line":183,"column":4},"end":{"line":187,"column":5}},"48":{"start":{"line":184,"column":6},"end":{"line":184,"column":37}},"49":{"start":{"line":185,"column":11},"end":{"line":187,"column":5}},"50":{"start":{"line":186,"column":6},"end":{"line":186,"column":28}},"51":{"start":{"line":190,"column":4},"end":{"line":190,"column":38}},"52":{"start":{"line":190,"column":16},"end":{"line":190,"column":38}},"53":{"start":{"line":193,"column":4},"end":{"line":197,"column":5}},"54":{"start":{"line":194,"column":6},"end":{"line":194,"column":27}},"55":{"start":{"line":195,"column":6},"end":{"line":195,"column":64}},"56":{"start":{"line":195,"column":21},"end":{"line":195,"column":64}},"57":{"start":{"line":196,"column":6},"end":{"line":196,"column":60}},"58":{"start":{"line":196,"column":19},"end":{"line":196,"column":60}},"59":{"start":{"line":199,"column":19},"end":{"line":204,"column":30}},"60":{"start":{"line":206,"column":4},"end":{"line":206,"column":55}},"61":{"start":{"line":208,"column":4},"end":{"line":208,"column":16}},"62":{"start":{"line":217,"column":33},"end":{"line":303,"column":1}},"63":{"start":{"line":218,"column":2},"end":{"line":302,"column":3}},"64":{"start":{"line":219,"column":19},"end":{"line":219,"column":29}},"65":{"start":{"line":220,"column":23},"end":{"line":220,"column":31}},"66":{"start":{"line":222,"column":4},"end":{"line":226,"column":5}},"67":{"start":{"line":223,"column":6},"end":{"line":225,"column":69}},"68":{"start":{"line":229,"column":26},"end":{"line":235,"column":5}},"69":{"start":{"line":236,"column":4},"end":{"line":245,"column":5}},"70":{"start":{"line":237,"column":6},"end":{"line":244,"column":10}},"71":{"start":{"line":247,"column":18},"end":{"line":247,"column":48}},"72":{"start":{"line":249,"column":4},"end":{"line":251,"column":5}},"73":{"start":{"line":250,"column":6},"end":{"line":250,"column":79}},"74":{"start":{"line":254,"column":23},"end":{"line":254,"column":50}},"75":{"start":{"line":255,"column":24},"end":{"line":255,"column":48}},"76":{"start":{"line":257,"column":4},"end":{"line":259,"column":5}},"77":{"start":{"line":258,"column":6},"end":{"line":258,"column":77}},"78":{"start":{"line":262,"column":4},"end":{"line":271,"column":5}},"79":{"start":{"line":263,"column":6},"end":{"line":270,"column":10}},"80":{"start":{"line":274,"column":4},"end":{"line":274,"column":26}},"81":{"start":{"line":275,"column":4},"end":{"line":275,"column":23}},"82":{"start":{"line":278,"column":4},"end":{"line":289,"column":5}},"83":{"start":{"line":279,"column":6},"end":{"line":288,"column":7}},"84":{"start":{"line":280,"column":8},"end":{"line":287,"column":11}},"85":{"start":{"line":291,"column":27},"end":{"line":295,"column":28}},"86":{"start":{"line":297,"column":4},"end":{"line":299,"column":80}},"87":{"start":{"line":301,"column":4},"end":{"line":301,"column":16}},"88":{"start":{"line":309,"column":31},"end":{"line":335,"column":1}},"89":{"start":{"line":310,"column":2},"end":{"line":334,"column":3}},"90":{"start":{"line":311,"column":19},"end":{"line":311,"column":29}},"91":{"start":{"line":313,"column":18},"end":{"line":317,"column":28}},"92":{"start":{"line":319,"column":4},"end":{"line":321,"column":5}},"93":{"start":{"line":320,"column":6},"end":{"line":320,"column":79}},"94":{"start":{"line":324,"column":4},"end":{"line":329,"column":5}},"95":{"start":{"line":328,"column":6},"end":{"line":328,"column":77}},"96":{"start":{"line":331,"column":4},"end":{"line":331,"column":54}},"97":{"start":{"line":333,"column":4},"end":{"line":333,"column":16}}},"fnMap":{"0":{"name":"(anonymous_0)","decl":{"start":{"line":18,"column":27},"end":{"line":18,"column":28}},"loc":{"start":{"line":18,"column":53},"end":{"line":170,"column":1}},"line":18},"1":{"name":"(anonymous_1)","decl":{"start":{"line":176,"column":25},"end":{"line":176,"column":26}},"loc":{"start":{"line":176,"column":51},"end":{"line":210,"column":1}},"line":176},"2":{"name":"(anonymous_2)","decl":{"start":{"line":217,"column":33},"end":{"line":217,"column":34}},"loc":{"start":{"line":217,"column":59},"end":{"line":303,"column":1}},"line":217},"3":{"name":"(anonymous_3)","decl":{"start":{"line":309,"column":31},"end":{"line":309,"column":32}},"loc":{"start":{"line":309,"column":57},"end":{"line":335,"column":1}},"line":309}},"branchMap":{"0":{"loc":{"start":{"line":24,"column":4},"end":{"line":33,"column":5}},"type":"if","locations":[{"start":{"line":24,"column":4},"end":{"line":33,"column":5}},{"start":{},"end":{}}],"line":24},"1":{"loc":{"start":{"line":24,"column":8},"end":{"line":24,"column":76}},"type":"binary-expr","locations":[{"start":{"line":24,"column":8},"end":{"line":24,"column":19}},{"start":{"line":24,"column":23},"end":{"line":24,"column":29}},{"start":{"line":24,"column":33},"end":{"line":24,"column":54}},{"start":{"line":24,"column":58},"end":{"line":24,"column":76}}],"line":24},"2":{"loc":{"start":{"line":36,"column":6},"end":{"line":36,"column":67}},"type":"cond-expr","locations":[{"start":{"line":36,"column":34},"end":{"line":36,"column":49}},{"start":{"line":36,"column":52},"end":{"line":36,"column":67}}],"line":36},"3":{"loc":{"start":{"line":38,"column":4},"end":{"line":42,"column":5}},"type":"if","locations":[{"start":{"line":38,"column":4},"end":{"line":42,"column":5}},{"start":{},"end":{}}],"line":38},"4":{"loc":{"start":{"line":46,"column":4},"end":{"line":50,"column":5}},"type":"if","locations":[{"start":{"line":46,"column":4},"end":{"line":50,"column":5}},{"start":{},"end":{}}],"line":46},"5":{"loc":{"start":{"line":52,"column":4},"end":{"line":56,"column":5}},"type":"if","locations":[{"start":{"line":52,"column":4},"end":{"line":56,"column":5}},{"start":{},"end":{}}],"line":52},"6":{"loc":{"start":{"line":67,"column":29},"end":{"line":69,"column":19}},"type":"cond-expr","locations":[{"start":{"line":68,"column":10},"end":{"line":68,"column":41}},{"start":{"line":69,"column":10},"end":{"line":69,"column":19}}],"line":67},"7":{"loc":{"start":{"line":80,"column":11},"end":{"line":80,"column":45}},"type":"binary-expr","locations":[{"start":{"line":80,"column":11},"end":{"line":80,"column":19}},{"start":{"line":80,"column":23},"end":{"line":80,"column":45}}],"line":80},"8":{"loc":{"start":{"line":98,"column":8},"end":{"line":101,"column":9}},"type":"if","locations":[{"start":{"line":98,"column":8},"end":{"line":101,"column":9}},{"start":{},"end":{}}],"line":98},"9":{"loc":{"start":{"line":106,"column":4},"end":{"line":112,"column":5}},"type":"if","locations":[{"start":{"line":106,"column":4},"end":{"line":112,"column":5}},{"start":{},"end":{}}],"line":106},"10":{"loc":{"start":{"line":124,"column":21},"end":{"line":128,"column":17}},"type":"cond-expr","locations":[{"start":{"line":125,"column":12},"end":{"line":127,"column":52}},{"start":{"line":128,"column":12},"end":{"line":128,"column":17}}],"line":124},"11":{"loc":{"start":{"line":125,"column":15},"end":{"line":125,"column":40}},"type":"binary-expr","locations":[{"start":{"line":125,"column":15},"end":{"line":125,"column":34}},{"start":{"line":125,"column":38},"end":{"line":125,"column":40}}],"line":125},"12":{"loc":{"start":{"line":125,"column":45},"end":{"line":125,"column":68}},"type":"binary-expr","locations":[{"start":{"line":125,"column":45},"end":{"line":125,"column":62}},{"start":{"line":125,"column":66},"end":{"line":125,"column":68}}],"line":125},"13":{"loc":{"start":{"line":126,"column":14},"end":{"line":126,"column":38}},"type":"binary-expr","locations":[{"start":{"line":126,"column":14},"end":{"line":126,"column":32}},{"start":{"line":126,"column":36},"end":{"line":126,"column":38}}],"line":126},"14":{"loc":{"start":{"line":127,"column":17},"end":{"line":127,"column":43}},"type":"binary-expr","locations":[{"start":{"line":127,"column":17},"end":{"line":127,"column":37}},{"start":{"line":127,"column":41},"end":{"line":127,"column":43}}],"line":127},"15":{"loc":{"start":{"line":132,"column":23},"end":{"line":134,"column":16}},"type":"cond-expr","locations":[{"start":{"line":133,"column":12},"end":{"line":133,"column":64}},{"start":{"line":134,"column":12},"end":{"line":134,"column":16}}],"line":132},"16":{"loc":{"start":{"line":135,"column":23},"end":{"line":135,"column":52}},"type":"binary-expr","locations":[{"start":{"line":135,"column":23},"end":{"line":135,"column":44}},{"start":{"line":135,"column":48},"end":{"line":135,"column":52}}],"line":135},"17":{"loc":{"start":{"line":183,"column":4},"end":{"line":187,"column":5}},"type":"if","locations":[{"start":{"line":183,"column":4},"end":{"line":187,"column":5}},{"start":{"line":185,"column":11},"end":{"line":187,"column":5}}],"line":183},"18":{"loc":{"start":{"line":185,"column":11},"end":{"line":187,"column":5}},"type":"if","locations":[{"start":{"line":185,"column":11},"end":{"line":187,"column":5}},{"start":{},"end":{}}],"line":185},"19":{"loc":{"start":{"line":185,"column":15},"end":{"line":185,"column":50}},"type":"binary-expr","locations":[{"start":{"line":185,"column":15},"end":{"line":185,"column":40}},{"start":{"line":185,"column":44},"end":{"line":185,"column":50}}],"line":185},"20":{"loc":{"start":{"line":190,"column":4},"end":{"line":190,"column":38}},"type":"if","locations":[{"start":{"line":190,"column":4},"end":{"line":190,"column":38}},{"start":{},"end":{}}],"line":190},"21":{"loc":{"start":{"line":193,"column":4},"end":{"line":197,"column":5}},"type":"if","locations":[{"start":{"line":193,"column":4},"end":{"line":197,"column":5}},{"start":{},"end":{}}],"line":193},"22":{"loc":{"start":{"line":193,"column":8},"end":{"line":193,"column":28}},"type":"binary-expr","locations":[{"start":{"line":193,"column":8},"end":{"line":193,"column":17}},{"start":{"line":193,"column":21},"end":{"line":193,"column":28}}],"line":193},"23":{"loc":{"start":{"line":195,"column":6},"end":{"line":195,"column":64}},"type":"if","locations":[{"start":{"line":195,"column":6},"end":{"line":195,"column":64}},{"start":{},"end":{}}],"line":195},"24":{"loc":{"start":{"line":196,"column":6},"end":{"line":196,"column":60}},"type":"if","locations":[{"start":{"line":196,"column":6},"end":{"line":196,"column":60}},{"start":{},"end":{}}],"line":196},"25":{"loc":{"start":{"line":222,"column":4},"end":{"line":226,"column":5}},"type":"if","locations":[{"start":{"line":222,"column":4},"end":{"line":226,"column":5}},{"start":{},"end":{}}],"line":222},"26":{"loc":{"start":{"line":236,"column":4},"end":{"line":245,"column":5}},"type":"if","locations":[{"start":{"line":236,"column":4},"end":{"line":245,"column":5}},{"start":{},"end":{}}],"line":236},"27":{"loc":{"start":{"line":249,"column":4},"end":{"line":251,"column":5}},"type":"if","locations":[{"start":{"line":249,"column":4},"end":{"line":251,"column":5}},{"start":{},"end":{}}],"line":249},"28":{"loc":{"start":{"line":257,"column":4},"end":{"line":259,"column":5}},"type":"if","locations":[{"start":{"line":257,"column":4},"end":{"line":259,"column":5}},{"start":{},"end":{}}],"line":257},"29":{"loc":{"start":{"line":257,"column":8},"end":{"line":257,"column":65}},"type":"binary-expr","locations":[{"start":{"line":257,"column":8},"end":{"line":257,"column":35}},{"start":{"line":257,"column":39},"end":{"line":257,"column":65}}],"line":257},"30":{"loc":{"start":{"line":262,"column":4},"end":{"line":271,"column":5}},"type":"if","locations":[{"start":{"line":262,"column":4},"end":{"line":271,"column":5}},{"start":{},"end":{}}],"line":262},"31":{"loc":{"start":{"line":262,"column":8},"end":{"line":262,"column":68}},"type":"binary-expr","locations":[{"start":{"line":262,"column":8},"end":{"line":262,"column":36}},{"start":{"line":262,"column":40},"end":{"line":262,"column":68}}],"line":262},"32":{"loc":{"start":{"line":278,"column":4},"end":{"line":289,"column":5}},"type":"if","locations":[{"start":{"line":278,"column":4},"end":{"line":289,"column":5}},{"start":{},"end":{}}],"line":278},"33":{"loc":{"start":{"line":319,"column":4},"end":{"line":321,"column":5}},"type":"if","locations":[{"start":{"line":319,"column":4},"end":{"line":321,"column":5}},{"start":{},"end":{}}],"line":319},"34":{"loc":{"start":{"line":324,"column":4},"end":{"line":329,"column":5}},"type":"if","locations":[{"start":{"line":324,"column":4},"end":{"line":329,"column":5}},{"start":{},"end":{}}],"line":324},"35":{"loc":{"start":{"line":325,"column":6},"end":{"line":326,"column":65}},"type":"binary-expr","locations":[{"start":{"line":325,"column":6},"end":{"line":325,"column":33}},{"start":{"line":326,"column":6},"end":{"line":326,"column":65}}],"line":325}},"s":{"0":0,"1":0,"2":0,"3":0,"4":0,"5":0,"6":0,"7":0,"8":0,"9":0,"10":0,"11":0,"12":0,"13":0,"14":0,"15":0,"16":0,"17":0,"18":0,"19":0,"20":0,"21":0,"22":0,"23":0,"24":0,"25":0,"26":0,"27":0,"28":0,"29":0,"30":0,"31":0,"32":0,"33":0,"34":0,"35":0,"36":0,"37":0,"38":0,"39":0,"40":0,"41":0,"42":0,"43":0,"44":0,"45":0,"46":0,"47":0,"48":0,"49":0,"50":0,"51":0,"52":0,"53":0,"54":0,"55":0,"56":0,"57":0,"58":0,"59":0,"60":0,"61":0,"62":0,"63":0,"64":0,"65":0,"66":0,"67":0,"68":0,"69":0,"70":0,"71":0,"72":0,"73":0,"74":0,"75":0,"76":0,"77":0,"78":0,"79":0,"80":0,"81":0,"82":0,"83":0,"84":0,"85":0,"86":0,"87":0,"88":0,"89":0,"90":0,"91":0,"92":0,"93":0,"94":0,"95":0,"96":0,"97":0},"f":{"0":0,"1":0,"2":0,"3":0},"b":{"0":[0,0],"1":[0,0,0,0],"2":[0,0],"3":[0,0],"4":[0,0],"5":[0,0],"6":[0,0],"7":[0,0],"8":[0,0],"9":[0,0],"10":[0,0],"11":[0,0],"12":[0,0],"13":[0,0],"14":[0,0],"15":[0,0],"16":[0,0],"17":[0,0],"18":[0,0],"19":[0,0],"20":[0,0],"21":[0,0],"22":[0,0],"23":[0,0],"24":[0,0],"25":[0,0],"26":[0,0],"27":[0,0],"28":[0,0],"29":[0,0],"30":[0,0],"31":[0,0],"32":[0,0],"33":[0,0],"34":[0,0],"35":[0,0]}}
,"D:\\FuelFlow\\server\\src\\controllers\\payrollController.js": {"path":"D:\\FuelFlow\\server\\src\\controllers\\payrollController.js","statementMap":{"0":{"start":{"line":16,"column":47},"end":{"line":58,"column":1}},"1":{"start":{"line":17,"column":2},"end":{"line":57,"column":3}},"2":{"start":{"line":18,"column":39},"end":{"line":18,"column":47}},"3":{"start":{"line":21,"column":4},"end":{"line":25,"column":5}},"4":{"start":{"line":22,"column":6},"end":{"line":24,"column":8}},"5":{"start":{"line":27,"column":19},"end":{"line":27,"column":80}},"6":{"start":{"line":29,"column":4},"end":{"line":33,"column":5}},"7":{"start":{"line":30,"column":6},"end":{"line":32,"column":8}},"8":{"start":{"line":36,"column":21},"end":{"line":40,"column":5}},"9":{"start":{"line":43,"column":30},"end":{"line":47,"column":38}},"10":{"start":{"line":44,"column":38},"end":{"line":44,"column":43}},"11":{"start":{"line":49,"column":4},"end":{"line":54,"column":6}},"12":{"start":{"line":56,"column":4},"end":{"line":56,"column":16}},"13":{"start":{"line":65,"column":34},"end":{"line":134,"column":1}},"14":{"start":{"line":66,"column":2},"end":{"line":133,"column":3}},"15":{"start":{"line":67,"column":19},"end":{"line":67,"column":29}},"16":{"start":{"line":70,"column":20},"end":{"line":72,"column":33}},"17":{"start":{"line":74,"column":4},"end":{"line":78,"column":5}},"18":{"start":{"line":75,"column":6},"end":{"line":77,"column":8}},"19":{"start":{"line":81,"column":4},"end":{"line":87,"column":5}},"20":{"start":{"line":82,"column":6},"end":{"line":86,"column":7}},"21":{"start":{"line":83,"column":8},"end":{"line":85,"column":10}},"22":{"start":{"line":90,"column":4},"end":{"line":94,"column":5}},"23":{"start":{"line":91,"column":6},"end":{"line":93,"column":8}},"24":{"start":{"line":97,"column":4},"end":{"line":97,"column":36}},"25":{"start":{"line":98,"column":4},"end":{"line":98,"column":32}},"26":{"start":{"line":99,"column":4},"end":{"line":99,"column":34}},"27":{"start":{"line":100,"column":4},"end":{"line":100,"column":25}},"28":{"start":{"line":103,"column":4},"end":{"line":120,"column":5}},"29":{"start":{"line":104,"column":6},"end":{"line":116,"column":9}},"30":{"start":{"line":118,"column":6},"end":{"line":118,"column":65}},"31":{"start":{"line":123,"column":27},"end":{"line":126,"column":39}},"32":{"start":{"line":128,"column":4},"end":{"line":130,"column":6}},"33":{"start":{"line":132,"column":4},"end":{"line":132,"column":16}},"34":{"start":{"line":141,"column":43},"end":{"line":163,"column":1}},"35":{"start":{"line":142,"column":2},"end":{"line":162,"column":3}},"36":{"start":{"line":143,"column":39},"end":{"line":143,"column":48}},"37":{"start":{"line":145,"column":19},"end":{"line":145,"column":81}},"38":{"start":{"line":147,"column":4},"end":{"line":151,"column":5}},"39":{"start":{"line":148,"column":6},"end":{"line":150,"column":8}},"40":{"start":{"line":153,"column":20},"end":{"line":157,"column":5}},"41":{"start":{"line":159,"column":4},"end":{"line":159,"column":56}},"42":{"start":{"line":161,"column":4},"end":{"line":161,"column":16}},"43":{"start":{"line":169,"column":26},"end":{"line":204,"column":1}},"44":{"start":{"line":170,"column":2},"end":{"line":203,"column":3}},"45":{"start":{"line":171,"column":66},"end":{"line":171,"column":75}},"46":{"start":{"line":173,"column":16},"end":{"line":173,"column":18}},"47":{"start":{"line":176,"column":4},"end":{"line":176,"column":38}},"48":{"start":{"line":176,"column":16},"end":{"line":176,"column":38}},"49":{"start":{"line":177,"column":4},"end":{"line":177,"column":38}},"50":{"start":{"line":177,"column":16},"end":{"line":177,"column":38}},"51":{"start":{"line":178,"column":4},"end":{"line":178,"column":59}},"52":{"start":{"line":178,"column":23},"end":{"line":178,"column":59}},"53":{"start":{"line":181,"column":4},"end":{"line":185,"column":5}},"54":{"start":{"line":182,"column":6},"end":{"line":182,"column":29}},"55":{"start":{"line":183,"column":6},"end":{"line":183,"column":66}},"56":{"start":{"line":183,"column":21},"end":{"line":183,"column":66}},"57":{"start":{"line":184,"column":6},"end":{"line":184,"column":62}},"58":{"start":{"line":184,"column":19},"end":{"line":184,"column":62}},"59":{"start":{"line":188,"column":4},"end":{"line":192,"column":5}},"60":{"start":{"line":189,"column":6},"end":{"line":189,"column":37}},"61":{"start":{"line":190,"column":11},"end":{"line":192,"column":5}},"62":{"start":{"line":191,"column":6},"end":{"line":191,"column":34}},"63":{"start":{"line":194,"column":21},"end":{"line":198,"column":32}},"64":{"start":{"line":200,"column":4},"end":{"line":200,"column":57}},"65":{"start":{"line":202,"column":4},"end":{"line":202,"column":16}},"66":{"start":{"line":210,"column":28},"end":{"line":232,"column":1}},"67":{"start":{"line":211,"column":2},"end":{"line":231,"column":3}},"68":{"start":{"line":212,"column":35},"end":{"line":212,"column":44}},"69":{"start":{"line":214,"column":16},"end":{"line":214,"column":40}},"70":{"start":{"line":217,"column":4},"end":{"line":221,"column":5}},"71":{"start":{"line":218,"column":6},"end":{"line":218,"column":29}},"72":{"start":{"line":219,"column":6},"end":{"line":219,"column":66}},"73":{"start":{"line":219,"column":21},"end":{"line":219,"column":66}},"74":{"start":{"line":220,"column":6},"end":{"line":220,"column":62}},"75":{"start":{"line":220,"column":19},"end":{"line":220,"column":62}},"76":{"start":{"line":223,"column":21},"end":{"line":226,"column":32}},"77":{"start":{"line":228,"column":4},"end":{"line":228,"column":57}},"78":{"start":{"line":230,"column":4},"end":{"line":230,"column":16}},"79":{"start":{"line":238,"column":26},"end":{"line":273,"column":1}},"80":{"start":{"line":239,"column":2},"end":{"line":272,"column":3}},"81":{"start":{"line":240,"column":19},"end":{"line":240,"column":29}},"82":{"start":{"line":242,"column":20},"end":{"line":246,"column":54}},"83":{"start":{"line":248,"column":4},"end":{"line":252,"column":5}},"84":{"start":{"line":249,"column":6},"end":{"line":251,"column":8}},"85":{"start":{"line":255,"column":4},"end":{"line":267,"column":5}},"86":{"start":{"line":256,"column":6},"end":{"line":260,"column":7}},"87":{"start":{"line":257,"column":8},"end":{"line":259,"column":10}},"88":{"start":{"line":261,"column":11},"end":{"line":267,"column":5}},"89":{"start":{"line":262,"column":6},"end":{"line":266,"column":7}},"90":{"start":{"line":263,"column":8},"end":{"line":265,"column":10}},"91":{"start":{"line":269,"column":4},"end":{"line":269,"column":56}},"92":{"start":{"line":271,"column":4},"end":{"line":271,"column":16}}},"fnMap":{"0":{"name":"(anonymous_0)","decl":{"start":{"line":16,"column":47},"end":{"line":16,"column":48}},"loc":{"start":{"line":16,"column":73},"end":{"line":58,"column":1}},"line":16},"1":{"name":"(anonymous_1)","decl":{"start":{"line":44,"column":31},"end":{"line":44,"column":32}},"loc":{"start":{"line":44,"column":38},"end":{"line":44,"column":43}},"line":44},"2":{"name":"(anonymous_2)","decl":{"start":{"line":65,"column":34},"end":{"line":65,"column":35}},"loc":{"start":{"line":65,"column":60},"end":{"line":134,"column":1}},"line":65},"3":{"name":"(anonymous_3)","decl":{"start":{"line":141,"column":43},"end":{"line":141,"column":44}},"loc":{"start":{"line":141,"column":69},"end":{"line":163,"column":1}},"line":141},"4":{"name":"(anonymous_4)","decl":{"start":{"line":169,"column":26},"end":{"line":169,"column":27}},"loc":{"start":{"line":169,"column":52},"end":{"line":204,"column":1}},"line":169},"5":{"name":"(anonymous_5)","decl":{"start":{"line":210,"column":28},"end":{"line":210,"column":29}},"loc":{"start":{"line":210,"column":54},"end":{"line":232,"column":1}},"line":210},"6":{"name":"(anonymous_6)","decl":{"start":{"line":238,"column":26},"end":{"line":238,"column":27}},"loc":{"start":{"line":238,"column":52},"end":{"line":273,"column":1}},"line":238}},"branchMap":{"0":{"loc":{"start":{"line":21,"column":4},"end":{"line":25,"column":5}},"type":"if","locations":[{"start":{"line":21,"column":4},"end":{"line":25,"column":5}},{"start":{},"end":{}}],"line":21},"1":{"loc":{"start":{"line":21,"column":8},"end":{"line":21,"column":34}},"type":"binary-expr","locations":[{"start":{"line":21,"column":8},"end":{"line":21,"column":20}},{"start":{"line":21,"column":24},"end":{"line":21,"column":34}}],"line":21},"2":{"loc":{"start":{"line":27,"column":19},"end":{"line":27,"column":80}},"type":"cond-expr","locations":[{"start":{"line":27,"column":47},"end":{"line":27,"column":62}},{"start":{"line":27,"column":65},"end":{"line":27,"column":80}}],"line":27},"3":{"loc":{"start":{"line":29,"column":4},"end":{"line":33,"column":5}},"type":"if","locations":[{"start":{"line":29,"column":4},"end":{"line":33,"column":5}},{"start":{},"end":{}}],"line":29},"4":{"loc":{"start":{"line":74,"column":4},"end":{"line":78,"column":5}},"type":"if","locations":[{"start":{"line":74,"column":4},"end":{"line":78,"column":5}},{"start":{},"end":{}}],"line":74},"5":{"loc":{"start":{"line":81,"column":4},"end":{"line":87,"column":5}},"type":"if","locations":[{"start":{"line":81,"column":4},"end":{"line":87,"column":5}},{"start":{},"end":{}}],"line":81},"6":{"loc":{"start":{"line":82,"column":6},"end":{"line":86,"column":7}},"type":"if","locations":[{"start":{"line":82,"column":6},"end":{"line":86,"column":7}},{"start":{},"end":{}}],"line":82},"7":{"loc":{"start":{"line":90,"column":4},"end":{"line":94,"column":5}},"type":"if","locations":[{"start":{"line":90,"column":4},"end":{"line":94,"column":5}},{"start":{},"end":{}}],"line":90},"8":{"loc":{"start":{"line":145,"column":19},"end":{"line":145,"column":81}},"type":"cond-expr","locations":[{"start":{"line":145,"column":47},"end":{"line":145,"column":63}},{"start":{"line":145,"column":66},"end":{"line":145,"column":81}}],"line":145},"9":{"loc":{"start":{"line":147,"column":4},"end":{"line":151,"column":5}},"type":"if","locations":[{"start":{"line":147,"column":4},"end":{"line":151,"column":5}},{"start":{},"end":{}}],"line":147},"10":{"loc":{"start":{"line":155,"column":6},"end":{"line":155,"column":48}},"type":"cond-expr","locations":[{"start":{"line":155,"column":20},"end":{"line":155,"column":41}},{"start":{"line":155,"column":44},"end":{"line":155,"column":48}}],"line":155},"11":{"loc":{"start":{"line":156,"column":6},"end":{"line":156,"column":44}},"type":"cond-expr","locations":[{"start":{"line":156,"column":18},"end":{"line":156,"column":37}},{"start":{"line":156,"column":40},"end":{"line":156,"column":44}}],"line":156},"12":{"loc":{"start":{"line":176,"column":4},"end":{"line":176,"column":38}},"type":"if","locations":[{"start":{"line":176,"column":4},"end":{"line":176,"column":38}},{"start":{},"end":{}}],"line":176},"13":{"loc":{"start":{"line":177,"column":4},"end":{"line":177,"column":38}},"type":"if","locations":[{"start":{"line":177,"column":4},"end":{"line":177,"column":38}},{"start":{},"end":{}}],"line":177},"14":{"loc":{"start":{"line":178,"column":4},"end":{"line":178,"column":59}},"type":"if","locations":[{"start":{"line":178,"column":4},"end":{"line":178,"column":59}},{"start":{},"end":{}}],"line":178},"15":{"loc":{"start":{"line":181,"column":4},"end":{"line":185,"column":5}},"type":"if","locations":[{"start":{"line":181,"column":4},"end":{"line":185,"column":5}},{"start":{},"end":{}}],"line":181},"16":{"loc":{"start":{"line":181,"column":8},"end":{"line":181,"column":28}},"type":"binary-expr","locations":[{"start":{"line":181,"column":8},"end":{"line":181,"column":17}},{"start":{"line":181,"column":21},"end":{"line":181,"column":28}}],"line":181},"17":{"loc":{"start":{"line":183,"column":6},"end":{"line":183,"column":66}},"type":"if","locations":[{"start":{"line":183,"column":6},"end":{"line":183,"column":66}},{"start":{},"end":{}}],"line":183},"18":{"loc":{"start":{"line":184,"column":6},"end":{"line":184,"column":62}},"type":"if","locations":[{"start":{"line":184,"column":6},"end":{"line":184,"column":62}},{"start":{},"end":{}}],"line":184},"19":{"loc":{"start":{"line":188,"column":4},"end":{"line":192,"column":5}},"type":"if","locations":[{"start":{"line":188,"column":4},"end":{"line":192,"column":5}},{"start":{"line":190,"column":11},"end":{"line":192,"column":5}}],"line":188},"20":{"loc":{"start":{"line":190,"column":11},"end":{"line":192,"column":5}},"type":"if","locations":[{"start":{"line":190,"column":11},"end":{"line":192,"column":5}},{"start":{},"end":{}}],"line":190},"21":{"loc":{"start":{"line":190,"column":15},"end":{"line":190,"column":74}},"type":"binary-expr","locations":[{"start":{"line":190,"column":15},"end":{"line":190,"column":42}},{"start":{"line":190,"column":46},"end":{"line":190,"column":74}}],"line":190},"22":{"loc":{"start":{"line":217,"column":4},"end":{"line":221,"column":5}},"type":"if","locations":[{"start":{"line":217,"column":4},"end":{"line":221,"column":5}},{"start":{},"end":{}}],"line":217},"23":{"loc":{"start":{"line":217,"column":8},"end":{"line":217,"column":28}},"type":"binary-expr","locations":[{"start":{"line":217,"column":8},"end":{"line":217,"column":17}},{"start":{"line":217,"column":21},"end":{"line":217,"column":28}}],"line":217},"24":{"loc":{"start":{"line":219,"column":6},"end":{"line":219,"column":66}},"type":"if","locations":[{"start":{"line":219,"column":6},"end":{"line":219,"column":66}},{"start":{},"end":{}}],"line":219},"25":{"loc":{"start":{"line":220,"column":6},"end":{"line":220,"column":62}},"type":"if","locations":[{"start":{"line":220,"column":6},"end":{"line":220,"column":62}},{"start":{},"end":{}}],"line":220},"26":{"loc":{"start":{"line":248,"column":4},"end":{"line":252,"column":5}},"type":"if","locations":[{"start":{"line":248,"column":4},"end":{"line":252,"column":5}},{"start":{},"end":{}}],"line":248},"27":{"loc":{"start":{"line":255,"column":4},"end":{"line":267,"column":5}},"type":"if","locations":[{"start":{"line":255,"column":4},"end":{"line":267,"column":5}},{"start":{"line":261,"column":11},"end":{"line":267,"column":5}}],"line":255},"28":{"loc":{"start":{"line":256,"column":6},"end":{"line":260,"column":7}},"type":"if","locations":[{"start":{"line":256,"column":6},"end":{"line":260,"column":7}},{"start":{},"end":{}}],"line":256},"29":{"loc":{"start":{"line":261,"column":11},"end":{"line":267,"column":5}},"type":"if","locations":[{"start":{"line":261,"column":11},"end":{"line":267,"column":5}},{"start":{},"end":{}}],"line":261},"30":{"loc":{"start":{"line":262,"column":6},"end":{"line":266,"column":7}},"type":"if","locations":[{"start":{"line":262,"column":6},"end":{"line":266,"column":7}},{"start":{},"end":{}}],"line":262}},"s":{"0":0,"1":0,"2":0,"3":0,"4":0,"5":0,"6":0,"7":0,"8":0,"9":0,"10":0,"11":0,"12":0,"13":0,"14":0,"15":0,"16":0,"17":0,"18":0,"19":0,"20":0,"21":0,"22":0,"23":0,"24":0,"25":0,"26":0,"27":0,"28":0,"29":0,"30":0,"31":0,"32":0,"33":0,"34":0,"35":0,"36":0,"37":0,"38":0,"39":0,"40":0,"41":0,"42":0,"43":0,"44":0,"45":0,"46":0,"47":0,"48":0,"49":0,"50":0,"51":0,"52":0,"53":0,"54":0,"55":0,"56":0,"57":0,"58":0,"59":0,"60":0,"61":0,"62":0,"63":0,"64":0,"65":0,"66":0,"67":0,"68":0,"69":0,"70":0,"71":0,"72":0,"73":0,"74":0,"75":0,"76":0,"77":0,"78":0,"79":0,"80":0,"81":0,"82":0,"83":0,"84":0,"85":0,"86":0,"87":0,"88":0,"89":0,"90":0,"91":0,"92":0},"f":{"0":0,"1":0,"2":0,"3":0,"4":0,"5":0,"6":0},"b":{"0":[0,0],"1":[0,0],"2":[0,0],"3":[0,0],"4":[0,0],"5":[0,0],"6":[0,0],"7":[0,0],"8":[0,0],"9":[0,0],"10":[0,0],"11":[0,0],"12":[0,0],"13":[0,0],"14":[0,0],"15":[0,0],"16":[0,0],"17":[0,0],"18":[0,0],"19":[0,0],"20":[0,0],"21":[0,0],"22":[0,0],"23":[0,0],"24":[0,0],"25":[0,0],"26":[0,0],"27":[0,0],"28":[0,0],"29":[0,0],"30":[0,0]}}
[...]
1},"end":{"line":43,"column":1}},"line":35},"3":{"name":"(anonymous_3)","decl":{"start":{"line":51,"column":31},"end":{"line":51,"column":32}},"loc":{"start":{"line":51,"column":57},"end":{"line":59,"column":1}},"line":51},"4":{"name":"(anonymous_4)","decl":{"start":{"line":68,"column":27},"end":{"line":68,"column":28}},"loc":{"start":{"line":68,"column":62},"end":{"line":82,"column":1}},"line":68},"5":{"name":"(anonymous_5)","decl":{"start":{"line":90,"column":29},"end":{"line":90,"column":30}},"loc":{"start":{"line":90,"column":55},"end":{"line":101,"column":1}},"line":90}},"branchMap":{"0":{"loc":{"start":{"line":53,"column":2},"end":{"line":55,"column":3}},"type":"if","locations":[{"start":{"line":53,"column":2},"end":{"line":55,"column":3}},{"start":{},"end":{}}],"line":53},"1":{"loc":{"start":{"line":58,"column":9},"end":{"line":58,"column":76}},"type":"binary-expr","locations":[{"start":{"line":58,"column":9},"end":{"line":58,"column":20}},{"start":{"line":58,"column":24},"end":{"line":58,"column":76}}],"line":58},"2":{"loc":{"start":{"line":68,"column":43},"end":{"line":68,"column":57}},"type":"default-arg","locations":[{"start":{"line":68,"column":53},"end":{"line":68,"column":57}}],"line":68},"3":{"loc":{"start":{"line":77,"column":2},"end":{"line":79,"column":3}},"type":"if","locations":[{"start":{"line":77,"column":2},"end":{"line":79,"column":3}},{"start":{},"end":{}}],"line":77},"4":{"loc":{"start":{"line":90,"column":36},"end":{"line":90,"column":50}},"type":"default-arg","locations":[{"start":{"line":90,"column":46},"end":{"line":90,"column":50}}],"line":90},"5":{"loc":{"start":{"line":96,"column":2},"end":{"line":98,"column":3}},"type":"if","locations":[{"start":{"line":96,"column":2},"end":{"line":98,"column":3}},{"start":{},"end":{}}],"line":96}},"s":{"0":2,"1":15,"2":2,"3":0,"4":0,"5":0,"6":0,"7":0,"8":0,"9":2,"10":0,"11":0,"12":0,"13":0,"14":0,"15":0,"16":2,"17":0,"18":0,"19":0,"20":2,"21":45,"22":45,"23":0,"24":45,"25":2,"26":43,"27":43,"28":38,"29":43},"f":{"0":15,"1":0,"2":0,"3":0,"4":45,"5":43},"b":{"0":[0,0],"1":[0,0],"2":[45],"3":[0,45],"4":[5],"5":[38,5]},"_coverageSchema":"1a1c01bbd47fc00a2c39e90264f33305004495a9","hash":"b200bee8f440441ee7fea992f0d9809cac2121fd"}
,"D:\\FuelFlow\\server\\src\\utils\\jwt.js": {"path":"D:\\FuelFlow\\server\\src\\utils\\jwt.js","statementMap":{"0":{"start":{"line":9,"column":35},"end":{"line":13,"column":1}},"1":{"start":{"line":10,"column":2},"end":{"line":12,"column":5}},"2":{"start":{"line":20,"column":36},"end":{"line":24,"column":1}},"3":{"start":{"line":21,"column":2},"end":{"line":23,"column":5}},"4":{"start":{"line":31,"column":33},"end":{"line":37,"column":1}},"5":{"start":{"line":32,"column":2},"end":{"line":36,"column":3}},"6":{"start":{"line":33,"column":4},"end":{"line":33,"column":53}},"7":{"start":{"line":35,"column":4},"end":{"line":35,"column":55}},"8":{"start":{"line":44,"column":34},"end":{"line":50,"column":1}},"9":{"start":{"line":45,"column":2},"end":{"line":49,"column":3}},"10":{"start":{"line":46,"column":4},"end":{"line":46,"column":54}},"11":{"start":{"line":48,"column":4},"end":{"line":48,"column":56}},"12":{"start":{"line":57,"column":33},"end":{"line":69,"column":1}},"13":{"start":{"line":58,"column":18},"end":{"line":63,"column":3}},"14":{"start":{"line":65,"column":2},"end":{"line":68,"column":4}}},"fnMap":{"0":{"name":"(anonymous_0)","decl":{"start":{"line":9,"column":35},"end":{"line":9,"column":36}},"loc":{"start":{"line":9,"column":48},"end":{"line":13,"column":1}},"line":9},"1":{"name":"(anonymous_1)","decl":{"start":{"line":20,"column":36},"end":{"line":20,"column":37}},"loc":{"start":{"line":20,"column":49},"end":{"line":24,"column":1}},"line":20},"2":{"name":"(anonymous_2)","decl":{"start":{"line":31,"column":33},"end":{"line":31,"column":34}},"loc":{"start":{"line":31,"column":44},"end":{"line":37,"column":1}},"line":31},"3":{"name":"(anonymous_3)","decl":{"start":{"line":44,"column":34},"end":{"line":44,"column":35}},"loc":{"start":{"line":44,"column":45},"end":{"line":50,"column":1}},"line":44},"4":{"name":"(anonymous_4)","decl":{"start":{"line":57,"column":33},"end":{"line":57,"column":34}},"loc":{"start":{"line":57,"column":43},"end":{"line":69,"column":1}},"line":57}},"branchMap":{},"s":{"0":2,"1":7,"2":2,"3":7,"4":2,"5":55,"6":55,"7":0,"8":2,"9":3,"10":3,"11":2,"12":2,"13":7,"14":7},"f":{"0":7,"1":7,"2":55,"3":3,"4":7},"b":{},"_coverageSchema":"1a1c01bbd47fc00a2c39e90264f33305004495a9","hash":"c07996872f86de4fa7bcdab63bd0d97d46fb6bd5"}
,"D:\\FuelFlow\\server\\src\\utils\\shiftValidation.js": {"path":"D:\\FuelFlow\\server\\src\\utils\\shiftValidation.js","statementMap":{"0":{"start":{"line":9,"column":33},"end":{"line":26,"column":1}},"1":{"start":{"line":10,"column":32},"end":{"line":10,"column":64}},"2":{"start":{"line":11,"column":28},"end":{"line":11,"column":58}},"3":{"start":{"line":13,"column":23},"end":{"line":13,"column":48}},"4":{"start":{"line":14,"column":21},"end":{"line":14,"column":42}},"5":{"start":{"line":18,"column":27},"end":{"line":18,"column":52}},"6":{"start":{"line":20,"column":2},"end":{"line":25,"column":4}},"7":{"start":{"line":31,"column":30},"end":{"line":110,"column":1}},"8":{"start":{"line":32,"column":17},"end":{"line":32,"column":19}},"9":{"start":{"line":33,"column":57},"end":{"line":33,"column":94}},"10":{"start":{"line":35,"column":20},"end":{"line":35,"column":22}},"11":{"start":{"line":38,"column":2},"end":{"line":44,"column":3}},"12":{"start":{"line":39,"column":4},"end":{"line":43,"column":7}},"13":{"start":{"line":47,"column":2},"end":{"line":57,"column":3}},"14":{"start":{"line":48,"column":4},"end":{"line":56,"column":7}},"15":{"start":{"line":49,"column":6},"end":{"line":55,"column":7}},"16":{"start":{"line":50,"column":8},"end":{"line":54,"column":11}},"17":{"start":{"line":60,"column":2},"end":{"line":81,"column":5}},"18":{"start":{"line":61,"column":44},"end":{"line":61,"column":86}},"19":{"start":{"line":62,"column":40},"end":{"line":62,"column":80}},"20":{"start":{"line":64,"column":30},"end":{"line":64,"column":65}},"21":{"start":{"line":65,"column":28},"end":{"line":65,"column":59}},"22":{"start":{"line":68,"column":4},"end":{"line":70,"column":5}},"23":{"start":{"line":69,"column":6},"end":{"line":69,"column":74}},"24":{"start":{"line":73,"column":4},"end":{"line":80,"column":5}},"25":{"start":{"line":74,"column":6},"end":{"line":76,"column":7}},"26":{"start":{"line":75,"column":8},"end":{"line":75,"column":76}},"27":{"start":{"line":77,"column":6},"end":{"line":79,"column":7}},"28":{"start":{"line":78,"column":8},"end":{"line":78,"column":74}},"29":{"start":{"line":84,"column":2},"end":{"line":104,"column":3}},"30":{"start":{"line":84,"column":15},"end":{"line":84,"column":16}},"31":{"start":{"line":85,"column":4},"end":{"line":103,"column":5}},"32":{"start":{"line":85,"column":17},"end":{"line":85,"column":22}},"33":{"start":{"line":86,"column":21},"end":{"line":86,"column":33}},"34":{"start":{"line":87,"column":21},"end":{"line":87,"column":33}},"35":{"start":{"line":89,"column":40},"end":{"line":89,"column":79}},"36":{"start":{"line":90,"column":36},"end":{"line":90,"column":73}},"37":{"start":{"line":91,"column":40},"end":{"line":91,"column":79}},"38":{"start":{"line":92,"column":36},"end":{"line":92,"column":73}},"39":{"start":{"line":94,"column":22},"end":{"line":94,"column":51}},"40":{"start":{"line":95,"column":20},"end":{"line":95,"column":45}},"41":{"start":{"line":96,"column":22},"end":{"line":96,"column":51}},"42":{"start":{"line":97,"column":20},"end":{"line":97,"column":45}},"43":{"start":{"line":100,"column":6},"end":{"line":102,"column":7}},"44":{"start":{"line":101,"column":8},"end":{"line":101,"column":65}},"45":{"start":{"line":106,"column":2},"end":{"line":109,"column":4}},"46":{"start":{"line":115,"column":32},"end":{"line":137,"column":1}},"47":{"start":{"line":116,"column":2},"end":{"line":118,"column":3}},"48":{"start":{"line":117,"column":4},"end":{"line":117,"column":64}},"49":{"start":{"line":120,"column":2},"end":{"line":122,"column":3}},"50":{"start":{"line":121,"column":4},"end":{"line":121,"column":76}},"51":{"start":{"line":124,"column":22},"end":{"line":124,"column":92}},"52":{"start":{"line":124,"column":47},"end":{"line":124,"column":91}},"53":{"start":{"line":126,"column":2},"end":{"line":128,"column":3}},"54":{"start":{"line":127,"column":4},"end":{"line":127,"column":80}},"55":{"start":{"line":131,"column":21},"end":{"line":131,"column":43}},"56":{"start":{"line":132,"column":2},"end":{"line":134,"column":3}},"57":{"start":{"line":133,"column":4},"end":{"line":133,"column":63}},"58":{"start":{"line":136,"column":2},"end":{"line":136,"column":25}},"59":{"start":{"line":143,"column":38},"end":{"line":195,"column":1}},"60":{"start":{"line":144,"column":20},"end":{"line":144,"column":22}},"61":{"start":{"line":146,"column":2},"end":{"line":189,"column":5}},"62":{"start":{"line":147,"column":26},"end":{"line":147,"column":47}},"63":{"start":{"line":149,"column":4},"end":{"line":188,"column":7}},"64":{"start":{"line":151,"column":6},"end":{"line":153,"column":7}},"65":{"start":{"line":152,"column":8},"end":{"line":152,"column":15}},"66":{"start":{"line":156,"column":25},"end":{"line":158,"column":7}},"67":{"start":{"line":157,"column":16},"end":{"line":157,"column":47}},"68":{"start":{"line":160,"column":6},"end":{"line":160,"column":30}},"69":{"start":{"line":160,"column":23},"end":{"line":160,"column":30}},"70":{"start":{"line":163,"column":22},"end":{"line":163,"column":60}},"71":{"start":{"line":164,"column":27},"end":{"line":164,"column":70}},"72":{"start":{"line":166,"column":6},"end":{"line":166,"column":43}},"73":{"start":{"line":166,"column":36},"end":{"line":166,"column":43}},"74":{"start":{"line":169,"column":42},"end":{"line":169,"column":83}},"75":{"start":{"line":170,"column":38},"end":{"line":170,"column":77}},"76":{"start":{"line":171,"column":52},"end":{"line":171,"column":98}},"77":{"start":{"line":172,"column":48},"end":{"line":172,"column":92}},"78":{"start":{"line":174,"column":23},"end":{"line":174,"column":54}},"79":{"start":{"line":175,"column":21},"end":{"line":175,"column":48}},"80":{"start":{"line":176,"column":28},"end":{"line":176,"column":69}},"81":{"start":{"line":177,"column":26},"end":{"line":177,"column":63}},"82":{"start":{"line":180,"column":6},"end":{"line":187,"column":7}},"83":{"start":{"line":182,"column":8},"end":{"line":186,"column":11}},"84":{"start":{"line":191,"column":2},"end":{"line":194,"column":4}},"85":{"start":{"line":200,"column":38},"end":{"line":208,"column":1}},"86":{"start":{"line":201,"column":32},"end":{"line":201,"column":64}},"87":{"start":{"line":202,"column":28},"end":{"line":202,"column":58}},"88":{"start":{"line":204,"column":23},"end":{"line":204,"column":48}},"89":{"start":{"line":205,"column":21},"end":{"line":205,"column":42}},"90":{"start":{"line":207,"column":2},"end":{"line":207,"column":35}}},"fnMap":{"0":{"name":"(anonymous_0)","decl":{"start":{"line":9,"column":33},"end":{"line":9,"column":34}},"loc":{"start":{"line":9,"column":57},"end":{"line":26,"column":1}},"line":9},"1":{"name":"(anonymous_1)","decl":{"start":{"line":31,"column":30},"end":{"line":31,"column":31}},"loc":{"start":{"line":31,"column":62},"end":{"line":110,"column":1}},"line":31},"2":{"name":"(anonymous_2)","decl":{"start":{"line":48,"column":25},"end":{"line":48,"column":26}},"loc":{"start":{"line":48,"column":37},"end":{"line":56,"column":5}},"line":48},"3":{"name":"(anonymous_3)","decl":{"start":{"line":60,"column":20},"end":{"line":60,"column":21}},"loc":{"start":{"line":60,"column":35},"end":{"line":81,"column":3}},"line":60},"4":{"name":"(anonymous_4)","decl":{"start":{"line":115,"column":32},"end":{"line":115,"column":33}},"loc":{"start":{"line":115,"column":46},"end":{"line":137,"column":1}},"line":115},"5":{"name":"(anonymous_5)","decl":{"start":{"line":124,"column":38},"end":{"line":124,"column":39}},"loc":{"start":{"line":124,"column":47},"end":{"line":124,"column":91}},"line":124},"6":{"name":"(anonymous_6)","decl":{"start":{"line":143,"column":38},"end":{"line":143,"column":39}},"loc":{"start":{"line":143,"column":81},"end":{"line":195,"column":1}},"line":143},"7":{"name":"(anonymous_7)","decl":{"start":{"line":146,"column":22},"end":{"line":146,"column":23}},"loc":{"start":{"line":146,"column":38},"end":{"line":189,"column":3}},"line":146},"8":{"name":"(anonymous_8)","decl":{"start":{"line":149,"column":27},"end":{"line":149,"column":28}},"loc":{"start":{"line":149,"column":46},"end":{"line":188,"column":5}},"line":149},"9":{"name":"(anonymous_9)","decl":{"start":{"line":157,"column":8},"end":{"line":157,"column":9}},"loc":{"start":{"line":157,"column":16},"end":{"line":157,"column":47}},"line":157},"10":{"name":"(anonymous_10)","decl":{"start":{"line":200,"column":38},"end":{"line":200,"column":39}},"loc":{"start":{"line":200,"column":62},"end":{"line":208,"column":1}},"line":200}},"branchMap":{"0":{"loc":{"start":{"line":38,"column":2},"end":{"line":44,"column":3}},"type":"if","locations":[{"start":{"line":38,"column":2},"end":{"line":44,"column":3}},{"start":{},"end":{}}],"line":38},"1":{"loc":{"start":{"line":38,"column":6},"end":{"line":38,"column":56}},"type":"binary-expr","locations":[{"start":{"line":38,"column":6},"end":{"line":38,"column":30}},{"start":{"line":38,"column":34},"end":{"line":38,"column":56}}],"line":38},"2":{"loc":{"start":{"line":47,"column":2},"end":{"line":57,"column":3}},"type":"if","locations":[{"start":{"line":47,"column":2},"end":{"line":57,"column":3}},{"start":{},"end":{}}],"line":47},"3":{"loc":{"start":{"line":47,"column":6},"end":{"line":47,"column":50}},"type":"binary-expr","locations":[{"start":{"line":47,"column":6},"end":{"line":47,"column":19}},{"start":{"line":47,"column":23},"end":{"line":47,"column":50}}],"line":47},"4":{"loc":{"start":{"line":49,"column":6},"end":{"line":55,"column":7}},"type":"if","locations":[{"start":{"line":49,"column":6},"end":{"line":55,"column":7}},{"start":{},"end":{}}],"line":49},"5":{"loc":{"start":{"line":49,"column":10},"end":{"line":49,"column":34}},"type":"binary-expr","locations":[{"start":{"line":49,"column":10},"end":{"line":49,"column":21}},{"start":{"line":49,"column":25},"end":{"line":49,"column":34}}],"line":49},"6":{"loc":{"start":{"line":51,"column":16},"end":{"line":51,"column":44}},"type":"binary-expr","locations":[{"start":{"line":51,"column":16},"end":{"line":51,"column":22}},{"start":{"line":51,"column":26},"end":{"line":51,"column":44}}],"line":51},"7":{"loc":{"start":{"line":68,"column":4},"end":{"line":70,"column":5}},"type":"if","locations":[{"start":{"line":68,"column":4},"end":{"line":70,"column":5}},{"start":{},"end":{}}],"line":68},"8":{"loc":{"start":{"line":73,"column":4},"end":{"line":80,"column":5}},"type":"if","locations":[{"start":{"line":73,"column":4},"end":{"line":80,"column":5}},{"start":{},"end":{}}],"line":73},"9":{"loc":{"start":{"line":74,"column":6},"end":{"line":76,"column":7}},"type":"if","locations":[{"start":{"line":74,"column":6},"end":{"line":76,"column":7}},{"start":{},"end":{}}],"line":74},"10":{"loc":{"start":{"line":74,"column":10},"end":{"line":74,"column":76}},"type":"binary-expr","locations":[{"start":{"line":74,"column":10},"end":{"line":74,"column":42}},{"start":{"line":74,"column":46},"end":{"line":74,"column":76}}],"line":74},"11":{"loc":{"start":{"line":77,"column":6},"end":{"line":79,"column":7}},"type":"if","locations":[{"start":{"line":77,"column":6},"end":{"line":79,"column":7}},{"start":{},"end":{}}],"line":77},"12":{"loc":{"start":{"line":77,"column":10},"end":{"line":77,"column":72}},"type":"binary-expr","locations":[{"start":{"line":77,"column":10},"end":{"line":77,"column":40}},{"start":{"line":77,"column":44},"end":{"line":77,"column":72}}],"line":77},"13":{"loc":{"start":{"line":100,"column":6},"end":{"line":102,"column":7}},"type":"if","locations":[{"start":{"line":100,"column":6},"end":{"line":102,"column":7}},{"start":{},"end":{}}],"line":100},"14":{"loc":{"start":{"line":100,"column":10},"end":{"line":100,"column":86}},"type":"binary-expr","locations":[{"start":{"line":100,"column":11},"end":{"line":100,"column":26}},{"start":{"line":100,"column":30},"end":{"line":100,"column":45}},{"start":{"line":100,"column":51},"end":{"line":100,"column":66}},{"start":{"line":100,"column":70},"end":{"line":100,"column":85}}],"line":100},"15":{"loc":{"start":{"line":116,"column":2},"end":{"line":118,"column":3}},"type":"if","locations":[{"start":{"line":116,"column":2},"end":{"line":118,"column":3}},{"start":{},"end":{}}],"line":116},"16":{"loc":{"start":{"line":120,"column":2},"end":{"line":122,"column":3}},"type":"if","locations":[{"start":{"line":120,"column":2},"end":{"line":122,"column":3}},{"start":{},"end":{}}],"line":120},"17":{"loc":{"start":{"line":124,"column":47},"end":{"line":124,"column":91}},"type":"binary-expr","locations":[{"start":{"line":124,"column":47},"end":{"line":124,"column":54}},{"start":{"line":124,"column":58},"end":{"line":124,"column":65}},{"start":{"line":124,"column":69},"end":{"line":124,"column":91}}],"line":124},"18":{"loc":{"start":{"line":126,"column":2},"end":{"line":128,"column":3}},"type":"if","locations":[{"start":{"line":126,"column":2},"end":{"line":128,"column":3}},{"start":{},"end":{}}],"line":126},"19":{"loc":{"start":{"line":132,"column":2},"end":{"line":134,"column":3}},"type":"if","locations":[{"start":{"line":132,"column":2},"end":{"line":134,"column":3}},{"start":{},"end":{}}],"line":132},"20":{"loc":{"start":{"line":151,"column":6},"end":{"line":153,"column":7}},"type":"if","locations":[{"start":{"line":151,"column":6},"end":{"line":153,"column":7}},{"start":{},"end":{}}],"line":151},"21":{"loc":{"start":{"line":151,"column":10},"end":{"line":151,"column":82}},"type":"binary-expr","locations":[{"start":{"line":151,"column":10},"end":{"line":151,"column":22}},{"start":{"line":151,"column":26},"end":{"line":151,"column":82}}],"line":151},"22":{"loc":{"start":{"line":160,"column":6},"end":{"line":160,"column":30}},"type":"if","locations":[{"start":{"line":160,"column":6},"end":{"line":160,"column":30}},{"start":{},"end":{}}],"line":160},"23":{"loc":{"start":{"line":166,"column":6},"end":{"line":166,"column":43}},"type":"if","locations":[{"start":{"line":166,"column":6},"end":{"line":166,"column":43}},{"start":{},"end":{}}],"line":166},"24":{"loc":{"start":{"line":180,"column":6},"end":{"line":187,"column":7}},"type":"if","locations":[{"start":{"line":180,"column":6},"end":{"line":187,"column":7}},{"start":{},"end":{}}],"line":180},"25":{"loc":{"start":{"line":180,"column":10},"end":{"line":181,"column":60}},"type":"binary-expr","locations":[{"start":{"line":180,"column":11},"end":{"line":180,"column":33}},{"start":{"line":180,"column":37},"end":{"line":180,"column":59}},{"start":{"line":181,"column":11},"end":{"line":181,"column":33}},{"start":{"line":181,"column":37},"end":{"line":181,"column":59}}],"line":180}},"s":{"0":0,"1":0,"2":0,"3":0,"4":0,"5":0,"6":0,"7":0,"8":0,"9":0,"10":0,"11":0,"12":0,"13":0,"14":0,"15":0,"16":0,"17":0,"18":0,"19":0,"20":0,"21":0,"22":0,"23":0,"24":0,"25":0,"26":0,"27":0,"28":0,"29":0,"30":0,"31":0,"32":0,"33":0,"34":0,"35":0,"36":0,"37":0,"38":0,"39":0,"40":0,"41":0,"42":0,"43":0,"44":0,"45":0,"46":0,"47":0,"48":0,"49":0,"50":0,"51":0,"52":0,"53":0,"54":0,"55":0,"56":0,"57":0,"58":0,"59":0,"60":0,"61":0,"62":0,"63":0,"64":0,"65":0,"66":0,"67":0,"68":0,"69":0,"70":0,"71":0,"72":0,"73":0,"74":0,"75":0,"76":0,"77":0,"78":0,"79":0,"80":0,"81":0,"82":0,"83":0,"84":0,"85":0,"86":0,"87":0,"88":0,"89":0,"90":0},"f":{"0":0,"1":0,"2":0,"3":0,"4":0,"5":0,"6":0,"7":0,"8":0,"9":0,"10":0},"b":{"0":[0,0],"1":[0,0],"2":[0,0],"3":[0,0],"4":[0,0],"5":[0,0],"6":[0,0],"7":[0,0],"8":[0,0],"9":[0,0],"10":[0,0],"11":[0,0],"12":[0,0],"13":[0,0],"14":[0,0,0,0],"15":[0,0],"16":[0,0],"17":[0,0,0],"18":[0,0],"19":[0,0],"20":[0,0],"21":[0,0],"22":[0,0],"23":[0,0],"24":[0,0],"25":[0,0,0,0]}}
}
