TN:
SF:src\controllers\attendanceController.js
FN:10,(anonymous_0)
FN:94,(anonymous_1)
FN:133,(anonymous_2)
FNF:3
FNH:0
FNDA:0,(anonymous_0)
FNDA:0,(anonymous_1)
FNDA:0,(anonymous_2)
DA:10,0
DA:11,0
DA:12,0
DA:15,0
DA:16,0
DA:22,0
DA:23,0
DA:24,0
DA:25,0
DA:27,0
DA:28,0
DA:33,0
DA:34,0
DA:40,0
DA:41,0
DA:42,0
DA:48,0
DA:49,0
DA:55,0
DA:57,0
DA:59,0
DA:60,0
DA:61,0
DA:62,0
DA:64,0
DA:66,0
DA:72,0
DA:82,0
DA:86,0
DA:94,0
DA:95,0
DA:96,0
DA:98,0
DA:101,0
DA:102,0
DA:105,0
DA:106,0
DA:107,0
DA:108,0
DA:112,0
DA:113,0
DA:114,0
DA:115,0
DA:118,0
DA:123,0
DA:125,0
DA:133,0
DA:134,0
DA:135,0
DA:137,0
DA:140,0
DA:141,0
DA:142,0
DA:143,0
DA:146,0
DA:150,0
DA:152,0
LF:57
LH:0
BRDA:15,0,0,0
BRDA:15,0,1,0
BRDA:15,1,0,0
BRDA:15,1,1,0
BRDA:15,1,2,0
BRDA:27,2,0,0
BRDA:27,2,1,0
BRDA:33,3,0,0
BRDA:33,3,1,0
BRDA:41,4,0,0
BRDA:41,4,1,0
BRDA:48,5,0,0
BRDA:48,5,1,0
BRDA:48,6,0,0
BRDA:48,6,1,0
BRDA:57,7,0,0
BRDA:57,7,1,0
BRDA:60,8,0,0
BRDA:60,8,1,0
BRDA:61,9,0,0
BRDA:61,9,1,0
BRDA:62,10,0,0
BRDA:62,10,1,0
BRDA:101,11,0,0
BRDA:101,11,1,0
BRDA:102,12,0,0
BRDA:102,12,1,0
BRDA:105,13,0,0
BRDA:105,13,1,0
BRDA:105,14,0,0
BRDA:105,14,1,0
BRDA:107,15,0,0
BRDA:107,15,1,0
BRDA:108,16,0,0
BRDA:108,16,1,0
BRDA:112,17,0,0
BRDA:112,17,1,0
BRDA:114,18,0,0
BRDA:114,18,1,0
BRDA:114,19,0,0
BRDA:114,19,1,0
BRDA:140,20,0,0
BRDA:140,20,1,0
BRDA:140,21,0,0
BRDA:140,21,1,0
BRDA:142,22,0,0
BRDA:142,22,1,0
BRDA:143,23,0,0
BRDA:143,23,1,0
BRF:49
BRH:0
end_of_record
TN:
SF:src\controllers\auditLogController.js
FN:9,(anonymous_0)
FNF:1
FNH:0
FNDA:0,(anonymous_0)
DA:9,0
DA:10,0
DA:18,0
DA:21,0
DA:27,0
DA:28,0
DA:29,0
DA:30,0
DA:33,0
DA:34,0
DA:35,0
DA:36,0
DA:38,0
DA:40,0
DA:42,0
LF:15
LH:0
BRDA:16,0,0,0
BRDA:17,1,0,0
BRDA:27,2,0,0
BRDA:27,2,1,0
BRDA:29,3,0,0
BRDA:29,3,1,0
BRDA:29,4,0,0
BRDA:29,4,1,0
BRDA:33,5,0,0
BRDA:33,5,1,0
BRDA:34,6,0,0
BRDA:34,6,1,0
BRDA:35,7,0,0
BRDA:35,7,1,0
BRDA:36,8,0,0
BRDA:36,8,1,0
BRF:16
BRH:0
end_of_record
TN:
SF:src\controllers\authController.js
FN:11,(anonymous_0)
FN:81,(anonymous_1)
FN:131,(anonymous_2)
FN:148,(anonymous_3)
FN:210,(anonymous_4)
FN:266,(anonymous_5)
FNF:6
FNH:5
FNDA:15,(anonymous_0)
FNDA:4,(anonymous_1)
FNDA:2,(anonymous_2)
FNDA:4,(anonymous_3)
FNDA:5,(anonymous_4)
FNDA:0,(anonymous_5)
DA:11,2
DA:12,15
DA:13,15
DA:16,15
DA:17,4
DA:23,11
DA:25,11
DA:26,2
DA:32,9
DA:33,1
DA:39,8
DA:41,8
DA:42,2
DA:48,6
DA:51,6
DA:62,6
DA:73,0
DA:81,2
DA:82,4
DA:83,4
DA:85,4
DA:86,1
DA:93,3
DA:94,3
DA:96,2
DA:102,1
DA:104,1
DA:105,0
DA:110,1
DA:111,0
DA:117,1
DA:119,1
DA:123,0
DA:131,2
DA:132,2
DA:136,2
DA:140,0
DA:148,2
DA:149,4
DA:150,4
DA:152,4
DA:153,1
DA:159,3
DA:162,3
DA:163,2
DA:172,1
DA:173,1
DA:176,1
DA:177,1
DA:183,1
DA:191,0
DA:192,0
DA:193,0
DA:195,0
DA:197,0
DA:202,0
DA:210,2
DA:211,5
DA:212,5
DA:214,5
DA:215,2
DA:221,3
DA:222,1
DA:228,2
DA:234,2
DA:239,2
DA:240,1
DA:246,1
DA:247,1
DA:248,1
DA:249,1
DA:251,1
DA:253,1
DA:257,0
DA:266,2
DA:267,0
DA:268,0
DA:270,0
DA:271,0
DA:277,0
DA:278,0
DA:284,0
DA:286,0
DA:287,0
DA:293,0
DA:295,0
DA:296,0
DA:302,0
DA:303,0
DA:304,0
DA:306,0
DA:310,0
LF:92
LH:63
BRDA:16,0,0,4
BRDA:16,0,1,11
BRDA:16,1,0,15
BRDA:16,1,1,12
BRDA:25,2,0,2
BRDA:25,2,1,9
BRDA:32,3,0,1
BRDA:32,3,1,8
BRDA:41,4,0,2
BRDA:41,4,1,6
BRDA:85,5,0,1
BRDA:85,5,1,3
BRDA:104,6,0,0
BRDA:104,6,1,1
BRDA:110,7,0,0
BRDA:110,7,1,1
BRDA:152,8,0,1
BRDA:152,8,1,3
BRDA:162,9,0,2
BRDA:162,9,1,1
BRDA:214,10,0,2
BRDA:214,10,1,3
BRDA:214,11,0,5
BRDA:214,11,1,4
BRDA:221,12,0,1
BRDA:221,12,1,2
BRDA:239,13,0,1
BRDA:239,13,1,1
BRDA:270,14,0,0
BRDA:270,14,1,0
BRDA:270,15,0,0
BRDA:270,15,1,0
BRDA:277,16,0,0
BRDA:277,16,1,0
BRDA:286,17,0,0
BRDA:286,17,1,0
BRDA:295,18,0,0
BRDA:295,18,1,0
BRF:38
BRH:26
end_of_record
TN:
SF:src\controllers\inventoryController.js
FN:10,(anonymous_0)
FN:96,(anonymous_1)
FN:100,(anonymous_2)
FN:117,(anonymous_3)
FN:163,(anonymous_4)
FN:207,(anonymous_5)
FN:245,(anonymous_6)
FNF:7
FNH:0
FNDA:0,(anonymous_0)
FNDA:0,(anonymous_1)
FNDA:0,(anonymous_2)
FNDA:0,(anonymous_3)
FNDA:0,(anonymous_4)
FNDA:0,(anonymous_5)
FNDA:0,(anonymous_6)
DA:10,0
DA:11,0
DA:12,0
DA:15,0
DA:16,0
DA:17,0
DA:21,0
DA:23,0
DA:24,0
DA:26,0
DA:57,0
DA:60,0
DA:61,0
DA:69,0
DA:72,0
DA:73,0
DA:75,0
DA:94,0
DA:95,0
DA:96,0
DA:100,0
DA:106,0
DA:108,0
DA:117,0
DA:118,0
DA:119,0
DA:122,0
DA:123,0
DA:131,0
DA:133,0
DA:134,0
DA:140,0
DA:150,0
DA:154,0
DA:163,0
DA:164,0
DA:165,0
DA:168,0
DA:169,0
DA:177,0
DA:179,0
DA:180,0
DA:186,0
DA:195,0
DA:199,0
DA:207,0
DA:208,0
DA:209,0
DA:212,0
DA:213,0
DA:214,0
DA:217,0
DA:218,0
DA:219,0
DA:220,0
DA:223,0
DA:224,0
DA:225,0
DA:226,0
DA:229,0
DA:234,0
DA:236,0
DA:245,0
DA:246,0
DA:247,0
DA:249,0
DA:250,0
DA:261,0
DA:263,0
DA:264,0
DA:270,0
DA:276,0
DA:280,0
LF:73
LH:0
BRDA:16,0,0,0
BRDA:16,0,1,0
BRDA:16,1,0,0
BRDA:16,1,1,0
BRDA:21,2,0,0
BRDA:21,2,1,0
BRDA:21,3,0,0
BRDA:21,3,1,0
BRDA:24,4,0,0
BRDA:24,4,1,0
BRDA:60,5,0,0
BRDA:60,5,1,0
BRDA:73,6,0,0
BRDA:73,6,1,0
BRDA:102,7,0,0
BRDA:102,7,1,0
BRDA:103,8,0,0
BRDA:103,8,1,0
BRDA:122,9,0,0
BRDA:122,9,1,0
BRDA:122,10,0,0
BRDA:122,10,1,0
BRDA:131,11,0,0
BRDA:131,11,1,0
BRDA:133,12,0,0
BRDA:133,12,1,0
BRDA:145,13,0,0
BRDA:145,13,1,0
BRDA:146,14,0,0
BRDA:146,14,1,0
BRDA:168,15,0,0
BRDA:168,15,1,0
BRDA:168,16,0,0
BRDA:168,16,1,0
BRDA:177,17,0,0
BRDA:177,17,1,0
BRDA:179,18,0,0
BRDA:179,18,1,0
BRDA:213,19,0,0
BRDA:213,19,1,0
BRDA:218,20,0,0
BRDA:218,20,1,0
BRDA:219,21,0,0
BRDA:219,21,1,0
BRDA:220,22,0,0
BRDA:220,22,1,0
BRDA:223,23,0,0
BRDA:223,23,1,0
BRDA:223,24,0,0
BRDA:223,24,1,0
BRDA:225,25,0,0
BRDA:225,25,1,0
BRDA:226,26,0,0
BRDA:226,26,1,0
BRDA:249,27,0,0
BRDA:249,27,1,0
BRDA:249,28,0,0
BRDA:249,28,1,0
BRDA:261,29,0,0
BRDA:261,29,1,0
BRDA:263,30,0,0
BRDA:263,30,1,0
BRF:62
BRH:0
end_of_record
TN:
SF:src\controllers\notificationController.js
FN:14,(anonymous_0)
FN:42,(anonymous_1)
FN:74,(anonymous_2)
FNF:3
FNH:0
FNDA:0,(anonymous_0)
FNDA:0,(anonymous_1)
FNDA:0,(anonymous_2)
DA:14,0
DA:15,0
DA:16,0
DA:18,0
DA:24,0
DA:26,0
DA:33,0
DA:42,0
DA:43,0
DA:44,0
DA:46,0
DA:48,0
DA:49,0
DA:55,0
DA:56,0
DA:61,0
DA:65,0
DA:74,0
DA:75,0
DA:76,0
DA:78,0
DA:85,0
LF:22
LH:0
BRDA:16,0,0,0
BRDA:16,1,0,0
BRDA:48,2,0,0
BRDA:48,2,1,0
BRDA:55,3,0,0
BRDA:55,3,1,0
BRF:6
BRH:0
end_of_record
TN:
SF:src\controllers\orderController.js
FN:18,(anonymous_0)
FN:176,(anonymous_1)
FN:217,(anonymous_2)
FN:309,(anonymous_3)
FNF:4
FNH:0
FNDA:0,(anonymous_0)
FNDA:0,(anonymous_1)
FNDA:0,(anonymous_2)
FNDA:0,(anonymous_3)
DA:18,0
DA:19,0
DA:21,0
DA:24,0
DA:25,0
DA:36,0
DA:38,0
DA:39,0
DA:45,0
DA:46,0
DA:47,0
DA:52,0
DA:53,0
DA:59,0
DA:62,0
DA:75,0
DA:76,0
DA:77,0
DA:78,0
DA:80,0
DA:81,0
DA:82,0
DA:86,0
DA:91,0
DA:92,0
DA:98,0
DA:99,0
DA:100,0
DA:102,0
DA:106,0
DA:108,0
DA:109,0
DA:115,0
DA:116,0
DA:119,0
DA:120,0
DA:139,0
DA:145,0
DA:146,0
DA:148,0
DA:153,0
DA:159,0
DA:168,0
DA:176,0
DA:177,0
DA:178,0
DA:180,0
DA:183,0
DA:184,0
DA:185,0
DA:186,0
DA:190,0
DA:193,0
DA:194,0
DA:195,0
DA:196,0
DA:199,0
DA:206,0
DA:208,0
DA:217,0
DA:218,0
DA:219,0
DA:220,0
DA:222,0
DA:223,0
DA:229,0
DA:236,0
DA:237,0
DA:247,0
DA:249,0
DA:250,0
DA:254,0
DA:255,0
DA:257,0
DA:258,0
DA:262,0
DA:263,0
DA:274,0
DA:275,0
DA:278,0
DA:279,0
DA:280,0
DA:291,0
DA:297,0
DA:301,0
DA:309,0
DA:310,0
DA:311,0
DA:313,0
DA:319,0
DA:320,0
DA:324,0
DA:328,0
DA:331,0
DA:333,0
LF:95
LH:0
BRDA:24,0,0,0
BRDA:24,0,1,0
BRDA:24,1,0,0
BRDA:24,1,1,0
BRDA:24,1,2,0
BRDA:24,1,3,0
BRDA:36,2,0,0
BRDA:36,2,1,0
BRDA:38,3,0,0
BRDA:38,3,1,0
BRDA:46,4,0,0
BRDA:46,4,1,0
BRDA:52,5,0,0
BRDA:52,5,1,0
BRDA:67,6,0,0
BRDA:67,6,1,0
BRDA:80,7,0,0
BRDA:80,7,1,0
BRDA:98,8,0,0
BRDA:98,8,1,0
BRDA:106,9,0,0
BRDA:106,9,1,0
BRDA:124,10,0,0
BRDA:124,10,1,0
BRDA:125,11,0,0
BRDA:125,11,1,0
BRDA:125,12,0,0
BRDA:125,12,1,0
BRDA:126,13,0,0
BRDA:126,13,1,0
BRDA:127,14,0,0
BRDA:127,14,1,0
BRDA:132,15,0,0
BRDA:132,15,1,0
BRDA:135,16,0,0
BRDA:135,16,1,0
BRDA:183,17,0,0
BRDA:183,17,1,0
BRDA:185,18,0,0
BRDA:185,18,1,0
BRDA:185,19,0,0
BRDA:185,19,1,0
BRDA:190,20,0,0
BRDA:190,20,1,0
BRDA:193,21,0,0
BRDA:193,21,1,0
BRDA:193,22,0,0
BRDA:193,22,1,0
BRDA:195,23,0,0
BRDA:195,23,1,0
BRDA:196,24,0,0
BRDA:196,24,1,0
BRDA:222,25,0,0
BRDA:222,25,1,0
BRDA:236,26,0,0
BRDA:236,26,1,0
BRDA:249,27,0,0
BRDA:249,27,1,0
BRDA:257,28,0,0
BRDA:257,28,1,0
BRDA:257,29,0,0
BRDA:257,29,1,0
BRDA:262,30,0,0
BRDA:262,30,1,0
BRDA:262,31,0,0
BRDA:262,31,1,0
BRDA:278,32,0,0
BRDA:278,32,1,0
BRDA:319,33,0,0
BRDA:319,33,1,0
BRDA:324,34,0,0
BRDA:324,34,1,0
BRDA:325,35,0,0
BRDA:325,35,1,0
BRF:74
BRH:0
end_of_record
TN:
SF:src\controllers\payrollController.js
FN:16,(anonymous_0)
FN:44,(anonymous_1)
FN:65,(anonymous_2)
FN:141,(anonymous_3)
FN:169,(anonymous_4)
FN:210,(anonymous_5)
FN:238,(anonymous_6)
FNF:7
FNH:0
FNDA:0,(anonymous_0)
FNDA:0,(anonymous_1)
FNDA:0,(anonymous_2)
FNDA:0,(anonymous_3)
FNDA:0,(anonymous_4)
FNDA:0,(anonymous_5)
FNDA:0,(anonymous_6)
DA:16,0
DA:17,0
DA:18,0
DA:21,0
DA:22,0
DA:27,0
DA:29,0
DA:30,0
DA:36,0
DA:43,0
DA:44,0
DA:49,0
DA:56,0
DA:65,0
DA:66,0
DA:67,0
DA:70,0
DA:74,0
DA:75,0
DA:81,0
DA:82,0
DA:83,0
DA:90,0
DA:91,0
DA:97,0
DA:98,0
DA:99,0
DA:100,0
DA:103,0
DA:104,0
DA:118,0
DA:123,0
DA:128,0
DA:132,0
DA:141,0
DA:142,0
DA:143,0
DA:145,0
DA:147,0
DA:148,0
DA:153,0
DA:159,0
DA:161,0
DA:169,0
DA:170,0
DA:171,0
DA:173,0
DA:176,0
DA:177,0
DA:178,0
DA:181,0
DA:182,0
DA:183,0
DA:184,0
DA:188,0
DA:189,0
DA:190,0
DA:191,0
DA:194,0
DA:200,0
DA:202,0
DA:210,0
DA:211,0
DA:212,0
DA:214,0
DA:217,0
DA:218,0
DA:219,0
DA:220,0
DA:223,0
DA:228,0
DA:230,0
DA:238,0
DA:239,0
DA:240,0
DA:242,0
DA:248,0
DA:249,0
DA:255,0
DA:256,0
DA:257,0
DA:261,0
DA:262,0
DA:263,0
DA:269,0
DA:271,0
LF:86
LH:0
BRDA:21,0,0,0
BRDA:21,0,1,0
BRDA:21,1,0,0
BRDA:21,1,1,0
BRDA:27,2,0,0
BRDA:27,2,1,0
BRDA:29,3,0,0
BRDA:29,3,1,0
BRDA:74,4,0,0
BRDA:74,4,1,0
BRDA:81,5,0,0
BRDA:81,5,1,0
BRDA:82,6,0,0
BRDA:82,6,1,0
BRDA:90,7,0,0
BRDA:90,7,1,0
BRDA:145,8,0,0
BRDA:145,8,1,0
BRDA:147,9,0,0
BRDA:147,9,1,0
BRDA:155,10,0,0
BRDA:155,10,1,0
BRDA:156,11,0,0
BRDA:156,11,1,0
BRDA:176,12,0,0
BRDA:176,12,1,0
BRDA:177,13,0,0
BRDA:177,13,1,0
BRDA:178,14,0,0
BRDA:178,14,1,0
BRDA:181,15,0,0
BRDA:181,15,1,0
BRDA:181,16,0,0
BRDA:181,16,1,0
BRDA:183,17,0,0
BRDA:183,17,1,0
BRDA:184,18,0,0
BRDA:184,18,1,0
BRDA:188,19,0,0
BRDA:188,19,1,0
BRDA:190,20,0,0
BRDA:190,20,1,0
BRDA:190,21,0,0
BRDA:190,21,1,0
BRDA:217,22,0,0
BRDA:217,22,1,0
BRDA:217,23,0,0
BRDA:217,23,1,0
BRDA:219,24,0,0
BRDA:219,24,1,0
BRDA:220,25,0,0
BRDA:220,25,1,0
BRDA:248,26,0,0
BRDA:248,26,1,0
BRDA:255,27,0,0
BRDA:255,27,1,0
BRDA:256,28,0,0
BRDA:256,28,1,0
BRDA:261,29,0,0
BRDA:261,29,1,0
BRDA:262,30,0,0
BRDA:262,30,1,0
BRF:62
BRH:0
end_of_record
TN:
SF:src\controllers\preferencesController.js
FN:8,(anonymous_0)
FN:28,(anonymous_1)
FNF:2
FNH:0
FNDA:0,(anonymous_0)
FNDA:0,(anonymous_1)
DA:8,0
DA:9,0
DA:10,0
DA:12,0
DA:13,0
DA:18,0
DA:20,0
DA:28,0
DA:29,0
DA:30,0
DA:32,0
DA:34,0
DA:35,0
DA:41,0
DA:42,0
DA:45,0
DA:46,0
DA:49,0
DA:51,0
DA:55,0
LF:20
LH:0
BRDA:12,0,0,0
BRDA:12,0,1,0
BRDA:34,1,0,0
BRDA:34,1,1,0
BRDA:41,2,0,0
BRDA:41,2,1,0
BRDA:41,3,0,0
BRDA:41,3,1,0
BRDA:45,4,0,0
BRDA:45,4,1,0
BRDA:45,5,0,0
BRDA:45,5,1,0
BRF:12
BRH:0
end_of_record
TN:
SF:src\controllers\priceController.js
FN:8,(anonymous_0)
FN:53,(anonymous_1)
FN:85,(anonymous_2)
FNF:3
FNH:0
FNDA:0,(anonymous_0)
FNDA:0,(anonymous_1)
FNDA:0,(anonymous_2)
DA:8,0
DA:9,0
DA:11,0
DA:12,0
DA:14,0
DA:42,0
DA:44,0
DA:53,0
DA:54,0
DA:55,0
DA:58,0
DA:59,0
DA:64,0
DA:72,0
DA:76,0
DA:85,0
DA:86,0
DA:87,0
DA:89,0
DA:90,0
DA:92,0
DA:97,0
DA:99,0
LF:23
LH:0
BRDA:58,0,0,0
BRDA:58,0,1,0
BRDA:58,1,0,0
BRDA:58,1,1,0
BRDA:68,2,0,0
BRDA:68,2,1,0
BRDA:90,3,0,0
BRDA:90,3,1,0
BRF:8
BRH:0
end_of_record
TN:
SF:src\controllers\pumpController.js
FN:8,(anonymous_0)
FN:39,(anonymous_1)
FN:65,(anonymous_2)
FN:94,(anonymous_3)
FN:127,(anonymous_4)
FN:148,(anonymous_5)
FNF:6
FNH:0
FNDA:0,(anonymous_0)
FNDA:0,(anonymous_1)
FNDA:0,(anonymous_2)
FNDA:0,(anonymous_3)
FNDA:0,(anonymous_4)
FNDA:0,(anonymous_5)
DA:8,0
DA:9,0
DA:10,0
DA:13,0
DA:14,0
DA:20,0
DA:27,0
DA:31,0
DA:39,0
DA:40,0
DA:41,0
DA:44,0
DA:45,0
DA:46,0
DA:48,0
DA:51,0
DA:55,0
DA:57,0
DA:65,0
DA:66,0
DA:67,0
DA:70,0
DA:71,0
DA:76,0
DA:78,0
DA:79,0
DA:84,0
DA:86,0
DA:94,0
DA:95,0
DA:96,0
DA:97,0
DA:99,0
DA:101,0
DA:102,0
DA:108,0
DA:109,0
DA:110,0
DA:111,0
DA:113,0
DA:115,0
DA:119,0
DA:127,0
DA:128,0
DA:129,0
DA:130,0
DA:132,0
DA:134,0
DA:135,0
DA:141,0
DA:142,0
DA:145,0
DA:148,0
DA:149,0
DA:150,0
DA:157,0
DA:161,0
DA:164,0
DA:167,0
DA:168,0
DA:170,0
DA:180,0
LF:62
LH:0
BRDA:13,0,0,0
BRDA:13,0,1,0
BRDA:44,1,0,0
BRDA:44,1,1,0
BRDA:45,2,0,0
BRDA:45,2,1,0
BRDA:70,3,0,0
BRDA:70,3,1,0
BRDA:70,4,0,0
BRDA:70,4,1,0
BRDA:78,5,0,0
BRDA:78,5,1,0
BRDA:101,6,0,0
BRDA:101,6,1,0
BRDA:108,7,0,0
BRDA:108,7,1,0
BRDA:109,8,0,0
BRDA:109,8,1,0
BRDA:110,9,0,0
BRDA:110,9,1,0
BRDA:111,10,0,0
BRDA:111,10,1,0
BRDA:134,11,0,0
BRDA:134,11,1,0
BRDA:154,12,0,0
BRDA:154,12,1,0
BRF:26
BRH:0
end_of_record
TN:
SF:src\controllers\salesController.js
FN:16,(anonymous_0)
FN:131,(anonymous_1)
FN:182,(anonymous_2)
FNF:3
FNH:0
FNDA:0,(anonymous_0)
FNDA:0,(anonymous_1)
FNDA:0,(anonymous_2)
DA:16,0
DA:17,0
DA:18,0
DA:21,0
DA:22,0
DA:32,0
DA:34,0
DA:35,0
DA:43,0
DA:45,0
DA:46,0
DA:50,0
DA:59,0
DA:60,0
DA:61,0
DA:62,0
DA:64,0
DA:65,0
DA:66,0
DA:67,0
DA:71,0
DA:76,0
DA:82,0
DA:83,0
DA:85,0
DA:89,0
DA:91,0
DA:92,0
DA:100,0
DA:101,0
DA:104,0
DA:114,0
DA:119,0
DA:123,0
DA:131,0
DA:132,0
DA:133,0
DA:135,0
DA:138,0
DA:139,0
DA:140,0
DA:143,0
DA:144,0
DA:145,0
DA:146,0
DA:150,0
DA:151,0
DA:152,0
DA:153,0
DA:154,0
DA:155,0
DA:163,0
DA:165,0
DA:172,0
DA:174,0
DA:182,0
DA:183,0
DA:184,0
DA:186,0
DA:191,0
DA:192,0
DA:196,0
DA:197,0
DA:198,0
DA:200,0
DA:201,0
DA:202,0
DA:204,0
DA:205,0
DA:208,0
DA:210,0
LF:71
LH:0
BRDA:21,0,0,0
BRDA:21,0,1,0
BRDA:21,1,0,0
BRDA:21,1,1,0
BRDA:21,1,2,0
BRDA:34,2,0,0
BRDA:34,2,1,0
BRDA:45,3,0,0
BRDA:45,3,1,0
BRDA:64,4,0,0
BRDA:64,4,1,0
BRDA:82,5,0,0
BRDA:82,5,1,0
BRDA:82,6,0,0
BRDA:82,6,1,0
BRDA:89,7,0,0
BRDA:89,7,1,0
BRDA:138,8,0,0
BRDA:138,8,1,0
BRDA:139,9,0,0
BRDA:139,9,1,0
BRDA:140,10,0,0
BRDA:140,10,1,0
BRDA:143,11,0,0
BRDA:143,11,1,0
BRDA:143,12,0,0
BRDA:143,12,1,0
BRDA:145,13,0,0
BRDA:145,13,1,0
BRDA:146,14,0,0
BRDA:146,14,1,0
BRDA:150,15,0,0
BRDA:150,15,1,0
BRDA:152,16,0,0
BRDA:152,16,1,0
BRDA:154,17,0,0
BRDA:154,17,1,0
BRDA:163,18,0,0
BRDA:163,18,1,0
BRDA:191,19,0,0
BRDA:191,19,1,0
BRDA:196,20,0,0
BRDA:196,20,1,0
BRDA:197,21,0,0
BRDA:197,21,1,0
BRDA:200,22,0,0
BRDA:200,22,1,0
BRDA:201,23,0,0
BRDA:201,23,1,0
BRDA:204,24,0,0
BRDA:204,24,1,0
BRF:51
BRH:0
end_of_record
TN:
SF:src\controllers\schedulePeriodController.js
FN:12,(anonymous_0)
FN:72,(anonymous_1)
FN:112,(anonymous_2)
FN:202,(anonymous_3)
FNF:4
FNH:0
FNDA:0,(anonymous_0)
FNDA:0,(anonymous_1)
FNDA:0,(anonymous_2)
FNDA:0,(anonymous_3)
DA:12,0
DA:13,0
DA:14,0
DA:16,0
DA:17,0
DA:23,0
DA:25,0
DA:26,0
DA:32,0
DA:42,0
DA:43,0
DA:48,0
DA:55,0
DA:59,0
DA:63,0
DA:72,0
DA:73,0
DA:74,0
DA:76,0
DA:79,0
DA:80,0
DA:81,0
DA:82,0
DA:85,0
DA:86,0
DA:89,0
DA:90,0
DA:91,0
DA:92,0
DA:95,0
DA:101,0
DA:103,0
DA:112,0
DA:113,0
DA:114,0
DA:116,0
DA:118,0
DA:119,0
DA:125,0
DA:126,0
DA:131,0
DA:132,0
DA:138,0
DA:151,0
DA:152,0
DA:153,0
DA:154,0
DA:157,0
DA:160,0
DA:168,0
DA:169,0
DA:178,0
DA:182,0
DA:193,0
DA:202,0
DA:203,0
DA:204,0
DA:206,0
DA:208,0
DA:209,0
DA:214,0
DA:215,0
DA:221,0
DA:234,0
DA:235,0
DA:236,0
DA:237,0
DA:240,0
DA:242,0
DA:246,0
LF:70
LH:0
BRDA:16,0,0,0
BRDA:16,0,1,0
BRDA:16,1,0,0
BRDA:16,1,1,0
BRDA:23,2,0,0
BRDA:23,2,1,0
BRDA:25,3,0,0
BRDA:25,3,1,0
BRDA:42,4,0,0
BRDA:42,4,1,0
BRDA:79,5,0,0
BRDA:79,5,1,0
BRDA:81,6,0,0
BRDA:81,6,1,0
BRDA:81,7,0,0
BRDA:81,7,1,0
BRDA:85,8,0,0
BRDA:85,8,1,0
BRDA:89,9,0,0
BRDA:89,9,1,0
BRDA:89,10,0,0
BRDA:89,10,1,0
BRDA:91,11,0,0
BRDA:91,11,1,0
BRDA:92,12,0,0
BRDA:92,12,1,0
BRDA:118,13,0,0
BRDA:118,13,1,0
BRDA:125,14,0,0
BRDA:125,14,1,0
BRDA:125,15,0,0
BRDA:125,15,1,0
BRDA:131,16,0,0
BRDA:131,16,1,0
BRDA:168,17,0,0
BRDA:168,17,1,0
BRDA:208,18,0,0
BRDA:208,18,1,0
BRDA:214,19,0,0
BRDA:214,19,1,0
BRF:40
BRH:0
end_of_record
TN:
SF:src\controllers\shiftController.js
FN:13,(anonymous_0)
FN:123,(anonymous_1)
FN:179,(anonymous_2)
FN:219,(anonymous_3)
FN:355,(anonymous_4)
FN:408,(anonymous_5)
FN:461,(anonymous_6)
FN:504,(anonymous_7)
FN:622,(anonymous_8)
FN:648,(anonymous_9)
FN:675,(anonymous_10)
FN:686,(anonymous_11)
FN:741,(anonymous_12)
FNF:13
FNH:0
FNDA:0,(anonymous_0)
FNDA:0,(anonymous_1)
FNDA:0,(anonymous_2)
FNDA:0,(anonymous_3)
FNDA:0,(anonymous_4)
FNDA:0,(anonymous_5)
FNDA:0,(anonymous_6)
FNDA:0,(anonymous_7)
FNDA:0,(anonymous_8)
FNDA:0,(anonymous_9)
FNDA:0,(anonymous_10)
FNDA:0,(anonymous_11)
FNDA:0,(anonymous_12)
DA:13,0
DA:14,0
DA:22,0
DA:25,0
DA:26,0
DA:32,0
DA:34,0
DA:35,0
DA:41,0
DA:42,0
DA:43,0
DA:48,0
DA:49,0
DA:55,0
DA:64,0
DA:72,0
DA:73,0
DA:82,0
DA:95,0
DA:98,0
DA:100,0
DA:105,0
DA:115,0
DA:123,0
DA:124,0
DA:132,0
DA:134,0
DA:137,0
DA:138,0
DA:142,0
DA:143,0
DA:144,0
DA:147,0
DA:148,0
DA:149,0
DA:150,0
DA:154,0
DA:155,0
DA:156,0
DA:157,0
DA:158,0
DA:159,0
DA:162,0
DA:169,0
DA:171,0
DA:179,0
DA:180,0
DA:181,0
DA:183,0
DA:190,0
DA:191,0
DA:192,0
DA:193,0
DA:197,0
DA:198,0
DA:199,0
DA:200,0
DA:203,0
DA:208,0
DA:210,0
DA:219,0
DA:220,0
DA:221,0
DA:230,0
DA:232,0
DA:234,0
DA:235,0
DA:240,0
DA:241,0
DA:247,0
DA:248,0
DA:254,0
DA:255,0
DA:261,0
DA:264,0
DA:275,0
DA:282,0
DA:283,0
DA:292,0
DA:293,0
DA:294,0
DA:296,0
DA:297,0
DA:299,0
DA:300,0
DA:304,0
DA:305,0
DA:306,0
DA:307,0
DA:308,0
DA:309,0
DA:310,0
DA:311,0
DA:313,0
DA:316,0
DA:326,0
DA:327,0
DA:330,0
DA:336,0
DA:346,0
DA:355,0
DA:356,0
DA:357,0
DA:359,0
DA:361,0
DA:362,0
DA:368,0
DA:369,0
DA:375,0
DA:378,0
DA:379,0
DA:380,0
DA:383,0
DA:393,0
DA:395,0
DA:399,0
DA:408,0
DA:409,0
DA:417,0
DA:419,0
DA:420,0
DA:425,0
DA:427,0
DA:437,0
DA:444,0
DA:452,0
DA:461,0
DA:462,0
DA:471,0
DA:474,0
DA:475,0
DA:480,0
DA:481,0
DA:486,0
DA:488,0
DA:489,0
DA:495,0
DA:497,0
DA:498,0
DA:503,0
DA:504,0
DA:507,0
DA:508,0
DA:514,0
DA:515,0
DA:516,0
DA:518,0
DA:519,0
DA:520,0
DA:521,0
DA:522,0
DA:523,0
DA:524,0
DA:526,0
DA:528,0
DA:529,0
DA:531,0
DA:532,0
DA:533,0
DA:535,0
DA:540,0
DA:541,0
DA:542,0
DA:544,0
DA:545,0
DA:547,0
DA:548,0
DA:550,0
DA:551,0
DA:553,0
DA:554,0
DA:557,0
DA:558,0
DA:561,0
DA:574,0
DA:581,0
DA:582,0
DA:588,0
DA:589,0
DA:590,0
DA:601,0
DA:602,0
DA:612,0
DA:615,0
DA:616,0
DA:621,0
DA:622,0
DA:628,0
DA:639,0
DA:648,0
DA:649,0
DA:650,0
DA:652,0
DA:653,0
DA:658,0
DA:661,0
DA:666,0
DA:667,0
DA:673,0
DA:674,0
DA:675,0
DA:678,0
DA:679,0
DA:686,0
DA:688,0
DA:689,0
DA:695,0
DA:696,0
DA:698,0
DA:699,0
DA:700,0
DA:701,0
DA:703,0
DA:706,0
DA:716,0
DA:720,0
DA:722,0
DA:732,0
DA:741,0
DA:742,0
DA:743,0
DA:745,0
DA:747,0
DA:752,0
DA:753,0
DA:757,0
DA:758,0
DA:759,0
DA:760,0
DA:763,0
DA:769,0
DA:776,0
LF:232
LH:0
BRDA:20,0,0,0
BRDA:25,1,0,0
BRDA:25,1,1,0
BRDA:25,2,0,0
BRDA:25,2,1,0
BRDA:25,2,2,0
BRDA:25,2,3,0
BRDA:32,3,0,0
BRDA:32,3,1,0
BRDA:34,4,0,0
BRDA:34,4,1,0
BRDA:42,5,0,0
BRDA:42,5,1,0
BRDA:48,6,0,0
BRDA:48,6,1,0
BRDA:72,7,0,0
BRDA:72,7,1,0
BRDA:88,8,0,0
BRDA:88,8,1,0
BRDA:89,9,0,0
BRDA:89,9,1,0
BRDA:131,10,0,0
BRDA:137,11,0,0
BRDA:137,11,1,0
BRDA:142,12,0,0
BRDA:142,12,1,0
BRDA:143,13,0,0
BRDA:143,13,1,0
BRDA:144,14,0,0
BRDA:144,14,1,0
BRDA:147,15,0,0
BRDA:147,15,1,0
BRDA:147,16,0,0
BRDA:147,16,1,0
BRDA:149,17,0,0
BRDA:149,17,1,0
BRDA:150,18,0,0
BRDA:150,18,1,0
BRDA:154,19,0,0
BRDA:154,19,1,0
BRDA:156,20,0,0
BRDA:156,20,1,0
BRDA:156,21,0,0
BRDA:156,21,1,0
BRDA:158,22,0,0
BRDA:158,22,1,0
BRDA:158,23,0,0
BRDA:158,23,1,0
BRDA:190,24,0,0
BRDA:190,24,1,0
BRDA:190,25,0,0
BRDA:190,25,1,0
BRDA:192,26,0,0
BRDA:192,26,1,0
BRDA:197,27,0,0
BRDA:197,27,1,0
BRDA:197,28,0,0
BRDA:197,28,1,0
BRDA:199,29,0,0
BRDA:199,29,1,0
BRDA:200,30,0,0
BRDA:200,30,1,0
BRDA:234,31,0,0
BRDA:234,31,1,0
BRDA:240,32,0,0
BRDA:240,32,1,0
BRDA:247,33,0,0
BRDA:247,33,1,0
BRDA:247,34,0,0
BRDA:247,34,1,0
BRDA:254,35,0,0
BRDA:254,35,1,0
BRDA:254,36,0,0
BRDA:254,36,1,0
BRDA:266,37,0,0
BRDA:266,37,1,0
BRDA:267,38,0,0
BRDA:267,38,1,0
BRDA:268,39,0,0
BRDA:268,39,1,0
BRDA:269,40,0,0
BRDA:269,40,1,0
BRDA:270,41,0,0
BRDA:270,41,1,0
BRDA:282,42,0,0
BRDA:282,42,1,0
BRDA:293,43,0,0
BRDA:293,43,1,0
BRDA:293,44,0,0
BRDA:293,44,1,0
BRDA:296,45,0,0
BRDA:296,45,1,0
BRDA:296,46,0,0
BRDA:296,46,1,0
BRDA:299,47,0,0
BRDA:299,47,1,0
BRDA:299,48,0,0
BRDA:299,48,1,0
BRDA:304,49,0,0
BRDA:304,49,1,0
BRDA:305,50,0,0
BRDA:305,50,1,0
BRDA:306,51,0,0
BRDA:306,51,1,0
BRDA:307,52,0,0
BRDA:307,52,1,0
BRDA:308,53,0,0
BRDA:308,53,1,0
BRDA:309,54,0,0
BRDA:309,54,1,0
BRDA:310,55,0,0
BRDA:310,55,1,0
BRDA:326,56,0,0
BRDA:326,56,1,0
BRDA:326,57,0,0
BRDA:326,57,1,0
BRDA:326,57,2,0
BRDA:361,58,0,0
BRDA:361,58,1,0
BRDA:368,59,0,0
BRDA:368,59,1,0
BRDA:368,60,0,0
BRDA:368,60,1,0
BRDA:415,61,0,0
BRDA:419,62,0,0
BRDA:419,62,1,0
BRDA:419,63,0,0
BRDA:419,63,1,0
BRDA:419,63,2,0
BRDA:419,63,3,0
BRDA:425,64,0,0
BRDA:425,64,1,0
BRDA:468,65,0,0
BRDA:474,66,0,0
BRDA:474,66,1,0
BRDA:474,67,0,0
BRDA:474,67,1,0
BRDA:474,67,2,0
BRDA:480,68,0,0
BRDA:480,68,1,0
BRDA:480,69,0,0
BRDA:480,69,1,0
BRDA:480,69,2,0
BRDA:480,69,3,0
BRDA:486,70,0,0
BRDA:486,70,1,0
BRDA:488,71,0,0
BRDA:488,71,1,0
BRDA:497,72,0,0
BRDA:497,72,1,0
BRDA:507,73,0,0
BRDA:507,73,1,0
BRDA:516,74,0,0
BRDA:516,74,1,0
BRDA:518,75,0,0
BRDA:518,75,1,0
BRDA:520,76,0,0
BRDA:520,76,1,0
BRDA:526,77,0,0
BRDA:526,77,1,0
BRDA:528,78,0,0
BRDA:528,78,1,0
BRDA:532,79,0,0
BRDA:532,79,1,0
BRDA:557,80,0,0
BRDA:557,80,1,0
BRDA:568,81,0,0
BRDA:568,81,1,0
BRDA:581,82,0,0
BRDA:581,82,1,0
BRDA:589,83,0,0
BRDA:589,83,1,0
BRDA:601,84,0,0
BRDA:601,84,1,0
BRDA:652,85,0,0
BRDA:652,85,1,0
BRDA:652,86,0,0
BRDA:652,86,1,0
BRDA:652,86,2,0
BRDA:658,87,0,0
BRDA:658,87,1,0
BRDA:666,88,0,0
BRDA:666,88,1,0
BRDA:673,89,0,0
BRDA:673,89,1,0
BRDA:678,90,0,0
BRDA:678,90,1,0
BRDA:688,91,0,0
BRDA:688,91,1,0
BRDA:745,92,0,0
BRDA:745,92,1,0
BRDA:752,93,0,0
BRDA:752,93,1,0
BRDA:757,94,0,0
BRDA:757,94,1,0
BRDA:757,95,0,0
BRDA:757,95,1,0
BRDA:759,96,0,0
BRDA:759,96,1,0
BRDA:760,97,0,0
BRDA:760,97,1,0
BRF:201
BRH:0
end_of_record
TN:
SF:src\controllers\shiftTemplateController.js
FN:15,(anonymous_0)
FN:69,(anonymous_1)
FN:113,(anonymous_2)
FN:147,(anonymous_3)
FN:185,(anonymous_4)
FN:239,(anonymous_5)
FN:282,(anonymous_6)
FNF:7
FNH:0
FNDA:0,(anonymous_0)
FNDA:0,(anonymous_1)
FNDA:0,(anonymous_2)
FNDA:0,(anonymous_3)
FNDA:0,(anonymous_4)
FNDA:0,(anonymous_5)
FNDA:0,(anonymous_6)
DA:15,0
DA:16,0
DA:24,0
DA:27,0
DA:28,0
DA:34,0
DA:36,0
DA:37,0
DA:43,0
DA:44,0
DA:45,0
DA:51,0
DA:52,0
DA:53,0
DA:54,0
DA:61,0
DA:62,0
DA:64,0
DA:65,0
DA:68,0
DA:69,0
DA:70,0
DA:71,0
DA:73,0
DA:77,0
DA:78,0
DA:79,0
DA:86,0
DA:97,0
DA:101,0
DA:105,0
DA:113,0
DA:114,0
DA:115,0
DA:118,0
DA:119,0
DA:120,0
DA:122,0
DA:123,0
DA:127,0
DA:132,0
DA:137,0
DA:139,0
DA:147,0
DA:148,0
DA:149,0
DA:151,0
DA:155,0
DA:156,0
DA:161,0
DA:162,0
DA:168,0
DA:169,0
DA:174,0
DA:176,0
DA:185,0
DA:186,0
DA:187,0
DA:188,0
DA:190,0
DA:192,0
DA:193,0
DA:198,0
DA:199,0
DA:205,0
DA:206,0
DA:212,0
DA:213,0
DA:214,0
DA:215,0
DA:216,0
DA:222,0
DA:223,0
DA:224,0
DA:225,0
DA:232,0
DA:234,0
DA:235,0
DA:238,0
DA:239,0
DA:240,0
DA:241,0
DA:243,0
DA:247,0
DA:248,0
DA:249,0
DA:256,0
DA:257,0
DA:258,0
DA:259,0
DA:260,0
DA:261,0
DA:263,0
DA:265,0
DA:269,0
DA:273,0
DA:282,0
DA:283,0
DA:284,0
DA:286,0
DA:288,0
DA:289,0
DA:295,0
DA:296,0
DA:302,0
DA:303,0
DA:305,0
DA:309,0
LF:108
LH:0
BRDA:27,0,0,0
BRDA:27,0,1,0
BRDA:27,1,0,0
BRDA:27,1,1,0
BRDA:27,1,2,0
BRDA:34,2,0,0
BRDA:34,2,1,0
BRDA:36,3,0,0
BRDA:36,3,1,0
BRDA:44,4,0,0
BRDA:44,4,1,0
BRDA:51,5,0,0
BRDA:51,5,1,0
BRDA:51,6,0,0
BRDA:51,6,1,0
BRDA:53,7,0,0
BRDA:53,7,1,0
BRDA:61,8,0,0
BRDA:61,8,1,0
BRDA:62,9,0,0
BRDA:62,9,1,0
BRDA:64,10,0,0
BRDA:64,10,1,0
BRDA:64,11,0,0
BRDA:64,11,1,0
BRDA:64,11,2,0
BRDA:68,12,0,0
BRDA:68,12,1,0
BRDA:68,13,0,0
BRDA:68,13,1,0
BRDA:70,14,0,0
BRDA:70,14,1,0
BRDA:70,15,0,0
BRDA:70,15,1,0
BRDA:70,15,2,0
BRDA:78,16,0,0
BRDA:78,16,1,0
BRDA:89,17,0,0
BRDA:89,17,1,0
BRDA:92,18,0,0
BRDA:92,18,1,0
BRDA:118,19,0,0
BRDA:118,19,1,0
BRDA:120,20,0,0
BRDA:120,20,1,0
BRDA:122,21,0,0
BRDA:122,21,1,0
BRDA:155,22,0,0
BRDA:155,22,1,0
BRDA:161,23,0,0
BRDA:161,23,1,0
BRDA:168,24,0,0
BRDA:168,24,1,0
BRDA:168,25,0,0
BRDA:168,25,1,0
BRDA:192,26,0,0
BRDA:192,26,1,0
BRDA:198,27,0,0
BRDA:198,27,1,0
BRDA:205,28,0,0
BRDA:205,28,1,0
BRDA:205,29,0,0
BRDA:205,29,1,0
BRDA:212,30,0,0
BRDA:212,30,1,0
BRDA:213,31,0,0
BRDA:213,31,1,0
BRDA:215,32,0,0
BRDA:215,32,1,0
BRDA:222,33,0,0
BRDA:222,33,1,0
BRDA:222,34,0,0
BRDA:222,34,1,0
BRDA:224,35,0,0
BRDA:224,35,1,0
BRDA:232,36,0,0
BRDA:232,36,1,0
BRDA:234,37,0,0
BRDA:234,37,1,0
BRDA:234,38,0,0
BRDA:234,38,1,0
BRDA:234,38,2,0
BRDA:238,39,0,0
BRDA:238,39,1,0
BRDA:238,40,0,0
BRDA:238,40,1,0
BRDA:240,41,0,0
BRDA:240,41,1,0
BRDA:240,42,0,0
BRDA:240,42,1,0
BRDA:240,42,2,0
BRDA:248,43,0,0
BRDA:248,43,1,0
BRDA:256,44,0,0
BRDA:256,44,1,0
BRDA:257,45,0,0
BRDA:257,45,1,0
BRDA:258,46,0,0
BRDA:258,46,1,0
BRDA:259,47,0,0
BRDA:259,47,1,0
BRDA:260,48,0,0
BRDA:260,48,1,0
BRDA:261,49,0,0
BRDA:261,49,1,0
BRDA:288,50,0,0
BRDA:288,50,1,0
BRDA:295,51,0,0
BRDA:295,51,1,0
BRDA:295,52,0,0
BRDA:295,52,1,0
BRF:111
BRH:0
end_of_record
TN:
SF:src\controllers\supplierController.js
FN:9,(anonymous_0)
FN:39,(anonymous_1)
FN:81,(anonymous_2)
FN:108,(anonymous_3)
FN:148,(anonymous_4)
FNF:5
FNH:0
FNDA:0,(anonymous_0)
FNDA:0,(anonymous_1)
FNDA:0,(anonymous_2)
FNDA:0,(anonymous_3)
FNDA:0,(anonymous_4)
DA:9,0
DA:10,0
DA:11,0
DA:16,0
DA:18,0
DA:21,0
DA:25,0
DA:26,0
DA:30,0
DA:39,0
DA:40,0
DA:41,0
DA:43,0
DA:46,0
DA:47,0
DA:54,0
DA:55,0
DA:59,0
DA:60,0
DA:63,0
DA:68,0
DA:72,0
DA:81,0
DA:82,0
DA:83,0
DA:85,0
DA:89,0
DA:90,0
DA:95,0
DA:99,0
DA:108,0
DA:109,0
DA:110,0
DA:112,0
DA:114,0
DA:115,0
DA:121,0
DA:122,0
DA:124,0
DA:126,0
DA:130,0
DA:134,0
DA:135,0
DA:139,0
DA:148,0
DA:149,0
DA:150,0
DA:152,0
DA:154,0
DA:155,0
DA:161,0
DA:162,0
DA:163,0
DA:165,0
DA:169,0
LF:55
LH:0
BRDA:25,0,0,0
BRDA:25,0,1,0
BRDA:46,1,0,0
BRDA:46,1,1,0
BRDA:54,2,0,0
BRDA:54,2,1,0
BRDA:59,3,0,0
BRDA:59,3,1,0
BRDA:89,4,0,0
BRDA:89,4,1,0
BRDA:114,5,0,0
BRDA:114,5,1,0
BRDA:134,6,0,0
BRDA:134,6,1,0
BRDA:154,7,0,0
BRDA:154,7,1,0
BRF:16
BRH:0
end_of_record
TN:
SF:src\controllers\userController.js
FN:19,(anonymous_0)
FN:151,(anonymous_1)
FN:184,(anonymous_2)
FN:201,(anonymous_3)
FN:237,(anonymous_4)
FN:345,(anonymous_5)
FN:436,(anonymous_6)
FNF:7
FNH:7
FNDA:26,(anonymous_0)
FNDA:2,(anonymous_1)
FNDA:1,(anonymous_2)
FNDA:4,(anonymous_3)
FNDA:7,(anonymous_4)
FNDA:8,(anonymous_5)
FNDA:4,(anonymous_6)
DA:19,1
DA:20,26
DA:21,26
DA:24,26
DA:25,5
DA:33,21
DA:34,21
DA:35,1
DA:46,20
DA:47,1
DA:58,19
DA:59,6
DA:60,1
DA:70,5
DA:71,1
DA:83,17
DA:84,17
DA:85,2
DA:91,15
DA:92,15
DA:93,15
DA:94,0
DA:99,15
DA:102,15
DA:112,15
DA:115,15
DA:116,15
DA:124,0
DA:129,15
DA:134,15
DA:143,0
DA:151,1
DA:152,2
DA:153,2
DA:155,2
DA:158,2
DA:159,2
DA:162,2
DA:164,1
DA:165,1
DA:167,0
DA:170,2
DA:174,2
DA:176,0
DA:184,1
DA:185,1
DA:186,1
DA:191,1
DA:193,0
DA:201,1
DA:202,4
DA:203,4
DA:205,4
DA:210,4
DA:211,1
DA:215,3
DA:217,1
DA:218,0
DA:219,0
DA:222,1
DA:223,1
DA:227,2
DA:229,0
DA:237,1
DA:238,7
DA:239,7
DA:240,7
DA:242,7
DA:244,7
DA:245,1
DA:249,6
DA:250,2
DA:251,1
DA:253,4
DA:255,0
DA:256,0
DA:261,5
DA:263,5
DA:265,5
DA:266,1
DA:267,1
DA:277,0
DA:278,0
DA:290,4
DA:291,2
DA:292,1
DA:304,3
DA:305,3
DA:306,3
DA:307,3
DA:310,3
DA:311,3
DA:312,3
DA:313,3
DA:314,3
DA:317,3
DA:318,0
DA:326,3
DA:328,3
DA:333,3
DA:337,0
DA:345,1
DA:346,8
DA:347,8
DA:348,8
DA:350,8
DA:352,8
DA:353,1
DA:357,7
DA:358,3
DA:359,1
DA:368,4
DA:369,0
DA:380,6
DA:381,1
DA:389,5
DA:390,5
DA:391,5
DA:394,5
DA:401,5
DA:404,5
DA:407,5
DA:408,5
DA:415,0
DA:419,5
DA:428,0
DA:436,1
DA:437,4
DA:438,4
DA:440,4
DA:442,4
DA:443,1
DA:447,3
DA:448,1
DA:454,2
DA:455,1
DA:456,0
DA:465,1
DA:466,0
DA:477,2
DA:480,2
DA:487,2
DA:490,2
DA:493,2
DA:494,2
DA:501,0
DA:505,2
DA:514,0
LF:148
LH:126
BRDA:24,0,0,5
BRDA:24,0,1,21
BRDA:24,1,0,26
BRDA:24,1,1,23
BRDA:24,1,2,22
BRDA:34,2,0,1
BRDA:34,2,1,20
BRDA:46,3,0,1
BRDA:46,3,1,19
BRDA:46,4,0,20
BRDA:46,4,1,19
BRDA:58,5,0,6
BRDA:58,5,1,13
BRDA:59,6,0,1
BRDA:59,6,1,5
BRDA:59,7,0,6
BRDA:59,7,1,5
BRDA:70,8,0,1
BRDA:70,8,1,4
BRDA:84,9,0,2
BRDA:84,9,1,15
BRDA:91,10,0,15
BRDA:91,10,1,0
BRDA:93,11,0,0
BRDA:93,11,1,15
BRDA:108,12,0,15
BRDA:108,12,1,0
BRDA:112,13,0,15
BRDA:112,13,1,0
BRDA:120,14,0,15
BRDA:120,14,1,0
BRDA:158,15,0,0
BRDA:158,15,1,2
BRDA:159,16,0,0
BRDA:159,16,1,2
BRDA:162,17,0,1
BRDA:162,17,1,1
BRDA:165,18,0,0
BRDA:165,18,1,1
BRDA:165,19,0,1
BRDA:165,19,1,0
BRDA:210,20,0,1
BRDA:210,20,1,3
BRDA:215,21,0,2
BRDA:215,21,1,1
BRDA:217,22,0,0
BRDA:217,22,1,1
BRDA:218,23,0,0
BRDA:218,23,1,0
BRDA:222,24,0,1
BRDA:222,24,1,0
BRDA:244,25,0,1
BRDA:244,25,1,6
BRDA:249,26,0,2
BRDA:249,26,1,4
BRDA:250,27,0,1
BRDA:250,27,1,1
BRDA:253,28,0,0
BRDA:253,28,1,4
BRDA:255,29,0,0
BRDA:255,29,1,0
BRDA:263,30,0,5
BRDA:263,30,1,4
BRDA:265,31,0,1
BRDA:265,31,1,4
BRDA:265,32,0,5
BRDA:265,32,1,1
BRDA:266,33,0,1
BRDA:266,33,1,0
BRDA:266,34,0,1
BRDA:266,34,1,1
BRDA:277,35,0,0
BRDA:277,35,1,0
BRDA:277,36,0,0
BRDA:277,36,1,0
BRDA:290,37,0,2
BRDA:290,37,1,2
BRDA:291,38,0,1
BRDA:291,38,1,1
BRDA:305,39,0,0
BRDA:305,39,1,3
BRDA:305,40,0,3
BRDA:305,40,1,0
BRDA:306,41,0,2
BRDA:306,41,1,1
BRDA:306,42,0,3
BRDA:306,42,1,2
BRDA:307,43,0,0
BRDA:307,43,1,3
BRDA:307,44,0,3
BRDA:307,44,1,0
BRDA:310,45,0,1
BRDA:310,45,1,2
BRDA:311,46,0,0
BRDA:311,46,1,3
BRDA:312,47,0,2
BRDA:312,47,1,1
BRDA:313,48,0,0
BRDA:313,48,1,3
BRDA:314,49,0,1
BRDA:314,49,1,2
BRDA:317,50,0,0
BRDA:317,50,1,3
BRDA:317,51,0,3
BRDA:317,51,1,3
BRDA:319,52,0,0
BRDA:319,52,1,0
BRDA:320,53,0,0
BRDA:320,53,1,0
BRDA:321,54,0,0
BRDA:321,54,1,0
BRDA:352,55,0,1
BRDA:352,55,1,7
BRDA:357,56,0,3
BRDA:357,56,1,4
BRDA:358,57,0,1
BRDA:358,57,1,2
BRDA:368,58,0,0
BRDA:368,58,1,4
BRDA:380,59,0,1
BRDA:380,59,1,5
BRDA:391,60,0,5
BRDA:391,60,1,0
BRDA:411,61,0,5
BRDA:411,61,1,0
BRDA:442,62,0,1
BRDA:442,62,1,3
BRDA:447,63,0,1
BRDA:447,63,1,2
BRDA:454,64,0,1
BRDA:454,64,1,1
BRDA:455,65,0,0
BRDA:455,65,1,1
BRDA:465,66,0,0
BRDA:465,66,1,1
BRDA:497,67,0,2
BRDA:497,67,1,0
BRF:137
BRH:97
end_of_record
TN:
SF:src\middleware\auth.js
FN:9,(anonymous_0)
FN:63,(anonymous_1)
FN:64,(anonymous_2)
FN:93,(anonymous_3)
FN:130,(anonymous_4)
FNF:5
FNH:3
FNDA:58,(anonymous_0)
FNDA:5,(anonymous_1)
FNDA:50,(anonymous_2)
FNDA:0,(anonymous_3)
FNDA:0,(anonymous_4)
DA:9,2
DA:10,58
DA:12,58
DA:14,58
DA:15,3
DA:20,55
DA:24,55
DA:25,55
DA:27,0
DA:33,55
DA:35,55
DA:36,0
DA:41,55
DA:42,0
DA:48,55
DA:49,55
DA:51,0
DA:52,0
DA:63,2
DA:64,5
DA:65,50
DA:66,0
DA:71,50
DA:72,3
DA:80,47
DA:93,2
DA:94,0
DA:95,0
DA:101,0
DA:102,0
DA:106,0
DA:108,0
DA:110,0
DA:114,0
DA:115,0
DA:123,0
DA:130,2
DA:131,0
DA:132,0
DA:134,0
DA:135,0
DA:138,0
DA:140,0
DA:141,0
DA:142,0
DA:144,0
DA:145,0
DA:151,0
DA:153,0
DA:154,0
LF:50
LH:21
BRDA:14,0,0,3
BRDA:14,0,1,55
BRDA:14,1,0,58
BRDA:14,1,1,55
BRDA:35,2,0,0
BRDA:35,2,1,55
BRDA:41,3,0,0
BRDA:41,3,1,55
BRDA:65,4,0,0
BRDA:65,4,1,50
BRDA:71,5,0,3
BRDA:71,5,1,47
BRDA:94,6,0,0
BRDA:94,6,1,0
BRDA:101,7,0,0
BRDA:101,7,1,0
BRDA:106,8,0,0
BRDA:106,8,1,0
BRDA:106,8,2,0
BRDA:108,9,0,0
BRDA:108,9,1,0
BRDA:114,10,0,0
BRDA:114,10,1,0
BRDA:114,11,0,0
BRDA:114,11,1,0
BRDA:134,12,0,0
BRDA:134,12,1,0
BRDA:134,13,0,0
BRDA:134,13,1,0
BRDA:144,14,0,0
BRDA:144,14,1,0
BRDA:144,15,0,0
BRDA:144,15,1,0
BRF:33
BRH:9
end_of_record
TN:
SF:src\middleware\errorHandler.js
FN:7,(anonymous_0)
FN:12,(anonymous_1)
FNF:2
FNH:0
FNDA:0,(anonymous_0)
FNDA:0,(anonymous_1)
DA:7,2
DA:8,0
DA:11,0
DA:12,0
DA:13,0
DA:19,0
DA:20,0
DA:21,0
DA:27,0
DA:28,0
DA:34,0
DA:35,0
DA:40,0
DA:41,0
DA:47,0
DA:48,0
DA:50,0
LF:17
LH:1
BRDA:11,0,0,0
BRDA:11,0,1,0
BRDA:19,1,0,0
BRDA:19,1,1,0
BRDA:27,2,0,0
BRDA:27,2,1,0
BRDA:34,3,0,0
BRDA:34,3,1,0
BRDA:40,4,0,0
BRDA:40,4,1,0
BRDA:47,5,0,0
BRDA:47,5,1,0
BRDA:48,6,0,0
BRDA:48,6,1,0
BRF:14
BRH:0
end_of_record
TN:
SF:src\models\Attendance.js
FNF:0
FNH:0
DA:3,0
DA:41,0
DA:44,0
DA:46,0
LF:4
LH:0
BRF:0
BRH:0
end_of_record
TN:
SF:src\models\AuditLog.js
FNF:0
FNH:0
DA:3,0
DA:54,0
DA:55,0
DA:56,0
DA:58,0
LF:5
LH:0
BRF:0
BRH:0
end_of_record
TN:
SF:src\models\InventoryConfig.js
FNF:0
FNH:0
DA:3,0
DA:28,0
DA:30,0
LF:3
LH:0
BRF:0
BRH:0
end_of_record
TN:
SF:src\models\InventoryLedger.js
FNF:0
FNH:0
DA:3,0
DA:45,0
DA:47,0
LF:3
LH:0
BRF:0
BRH:0
end_of_record
TN:
SF:src\models\Invoice.js
FNF:0
FNH:0
DA:3,0
DA:23,0
DA:25,0
LF:3
LH:0
BRF:0
BRH:0
end_of_record
TN:
SF:src\models\Notification.js
FNF:0
FNH:0
DA:3,0
DA:48,0
DA:50,0
LF:3
LH:0
BRF:0
BRH:0
end_of_record
TN:
SF:src\models\Payroll.js
FNF:0
FNH:0
DA:3,0
DA:119,0
DA:120,0
DA:122,0
LF:4
LH:0
BRF:0
BRH:0
end_of_record
TN:
SF:src\models\Price.js
FNF:0
FNH:0
DA:3,0
DA:37,0
DA:39,0
LF:3
LH:0
BRF:0
BRH:0
end_of_record
TN:
SF:src\models\Pump.js
FN:51,(anonymous_0)
FNF:1
FNH:1
FNDA:4,(anonymous_0)
DA:3,2
DA:48,2
DA:51,2
DA:52,4
DA:53,4
DA:56,0
DA:58,0
DA:63,0
DA:64,0
DA:65,0
DA:68,0
DA:71,0
DA:73,0
DA:77,2
LF:14
LH:6
BRDA:52,0,0,4
BRDA:52,0,1,0
BRDA:52,1,0,4
BRDA:52,1,1,4
BRDA:63,2,0,0
BRDA:63,2,1,0
BRDA:63,3,0,0
BRDA:63,3,1,0
BRF:8
BRH:3
end_of_record
TN:
SF:src\models\Receipt.js
FNF:0
FNH:0
DA:3,0
DA:23,0
DA:25,0
LF:3
LH:0
BRF:0
BRH:0
end_of_record
TN:
SF:src\models\RefillOrder.js
FNF:0
FNH:0
DA:3,0
DA:65,0
DA:67,0
LF:3
LH:0
BRF:0
BRH:0
end_of_record
TN:
SF:src\models\Sale.js
FN:55,(anonymous_0)
FNF:1
FNH:0
FNDA:0,(anonymous_0)
DA:3,0
DA:55,0
DA:56,0
DA:57,0
DA:61,0
DA:62,0
DA:64,0
LF:7
LH:0
BRF:0
BRH:0
end_of_record
TN:
SF:src\models\SchedulePeriod.js
FN:19,(anonymous_0)
FNF:1
FNH:0
FNDA:0,(anonymous_0)
DA:3,0
DA:20,0
DA:50,0
DA:53,0
DA:55,0
LF:5
LH:0
BRF:0
BRH:0
end_of_record
TN:
SF:src\models\Shift.js
FN:34,(anonymous_0)
FN:87,(anonymous_1)
FNF:2
FNH:0
FNDA:0,(anonymous_0)
FNDA:0,(anonymous_1)
DA:3,0
DA:35,0
DA:87,0
DA:88,0
DA:89,0
DA:90,0
DA:91,0
DA:92,0
DA:96,0
DA:97,0
DA:100,0
DA:101,0
DA:102,0
DA:104,0
LF:14
LH:0
BRDA:88,0,0,0
BRDA:88,0,1,0
BRDA:88,1,0,0
BRDA:88,1,1,0
BRDA:91,2,0,0
BRDA:91,2,1,0
BRF:6
BRH:0
end_of_record
TN:
SF:src\models\ShiftTemplate.js
FNF:0
FNH:0
DA:3,0
DA:124,0
DA:126,0
LF:3
LH:0
BRF:0
BRH:0
end_of_record
TN:
SF:src\models\Supplier.js
FN:125,(anonymous_0)
FNF:1
FNH:0
FNDA:0,(anonymous_0)
DA:3,0
DA:121,0
DA:122,0
DA:125,0
DA:126,0
DA:134,0
DA:137,0
LF:7
LH:0
BRF:0
BRH:0
end_of_record
TN:
SF:src\models\User.js
FN:45,(anonymous_0)
FN:106,(anonymous_1)
FN:122,(anonymous_2)
FN:127,(anonymous_3)
FN:144,(anonymous_4)
FNF:5
FNH:5
FNDA:34,(anonymous_0)
FNDA:37,(anonymous_1)
FNDA:8,(anonymous_2)
FNDA:3,(anonymous_3)
FNDA:7,(anonymous_4)
DA:5,2
DA:46,34
DA:106,2
DA:108,37
DA:109,13
DA:112,24
DA:113,24
DA:114,24
DA:115,24
DA:117,0
DA:122,2
DA:123,8
DA:127,2
DA:129,3
DA:132,3
DA:138,3
DA:140,3
DA:144,2
DA:150,7
DA:159,2
LF:20
LH:19
BRDA:108,0,0,13
BRDA:108,0,1,24
BRF:2
BRH:2
end_of_record
TN:
SF:src\routes\attendanceRoutes.js
FNF:0
FNH:0
DA:9,0
DA:12,0
DA:15,0
DA:16,0
DA:19,0
LF:5
LH:0
BRF:0
BRH:0
end_of_record
TN:
SF:src\routes\auditLogRoutes.js
FNF:0
FNH:0
DA:5,0
DA:8,0
DA:9,0
DA:12,0
LF:4
LH:0
BRF:0
BRH:0
end_of_record
TN:
SF:src\routes\authRoutes.js
FNF:0
FNH:0
DA:12,2
DA:15,2
DA:16,2
DA:17,2
DA:18,2
DA:19,2
DA:22,2
LF:7
LH:7
BRF:0
BRH:0
end_of_record
TN:
SF:src\routes\inventoryRoutes.js
FNF:0
FNH:0
DA:11,0
DA:14,0
DA:17,0
DA:18,0
DA:19,0
DA:22,0
DA:23,0
LF:7
LH:0
BRF:0
BRH:0
end_of_record
TN:
SF:src\routes\notificationRoutes.js
FNF:0
FNH:0
DA:9,0
DA:12,0
DA:15,0
DA:16,0
DA:17,0
LF:5
LH:0
BRF:0
BRH:0
end_of_record
TN:
SF:src\routes\orderRoutes.js
FNF:0
FNH:0
DA:10,0
DA:13,0
DA:14,0
DA:16,0
DA:17,0
DA:18,0
DA:19,0
LF:7
LH:0
BRF:0
BRH:0
end_of_record
TN:
SF:src\routes\payrollRoutes.js
FNF:0
FNH:0
DA:12,0
DA:15,0
DA:18,0
DA:19,0
DA:20,0
DA:23,0
DA:24,0
DA:25,0
LF:8
LH:0
BRF:0
BRH:0
end_of_record
TN:
SF:src\routes\preferencesRoutes.js
FNF:0
FNH:0
DA:8,0
DA:11,0
DA:13,0
DA:14,0
LF:4
LH:0
BRF:0
BRH:0
end_of_record
TN:
SF:src\routes\priceRoutes.js
FNF:0
FNH:0
DA:9,0
DA:12,0
DA:15,0
DA:16,0
LF:4
LH:0
BRF:0
BRH:0
end_of_record
TN:
SF:src\routes\pumpRoutes.js
FNF:0
FNH:0
DA:11,0
DA:14,0
DA:17,0
DA:18,0
DA:19,0
DA:22,0
DA:23,0
LF:7
LH:0
BRF:0
BRH:0
end_of_record
TN:
SF:src\routes\salesRoutes.js
FNF:0
FNH:0
DA:9,0
DA:12,0
DA:15,0
DA:18,0
DA:19,0
LF:5
LH:0
BRF:0
BRH:0
end_of_record
TN:
SF:src\routes\schedulePeriodRoutes.js
FNF:0
FNH:0
DA:10,0
DA:13,0
DA:14,0
DA:17,0
DA:18,0
DA:19,0
DA:20,0
LF:7
LH:0
BRF:0
BRH:0
end_of_record
TN:
SF:src\routes\shiftRoutes.js
FNF:0
FNH:0
DA:15,0
DA:18,0
DA:21,0
DA:22,0
DA:23,0
DA:24,0
DA:25,0
DA:26,0
DA:27,0
DA:30,0
DA:31,0
LF:11
LH:0
BRF:0
BRH:0
end_of_record
TN:
SF:src\routes\shiftTemplateRoutes.js
FNF:0
FNH:0
DA:11,0
DA:14,0
DA:17,0
DA:18,0
DA:19,0
DA:20,0
DA:21,0
LF:7
LH:0
BRF:0
BRH:0
end_of_record
TN:
SF:src\routes\supplierRoutes.js
FNF:0
FNH:0
DA:11,0
DA:14,0
DA:15,0
DA:18,0
DA:21,0
DA:24,0
DA:27,0
DA:30,0
LF:8
LH:0
BRF:0
BRH:0
end_of_record
TN:
SF:src\routes\userRoutes.js
FNF:0
FNH:0
DA:13,1
DA:16,1
DA:19,1
DA:22,1
DA:23,1
DA:26,1
DA:27,1
DA:28,1
DA:29,1
LF:9
LH:9
BRF:0
BRH:0
end_of_record
TN:
SF:src\services\auditLogService.js
FN:16,(anonymous_0)
FN:43,(anonymous_1)
FN:68,(anonymous_2)
FN:91,(anonymous_3)
FN:130,(anonymous_4)
FNF:5
FNH:0
FNDA:0,(anonymous_0)
FNDA:0,(anonymous_1)
FNDA:0,(anonymous_2)
FNDA:0,(anonymous_3)
FNDA:0,(anonymous_4)
DA:16,0
DA:17,0
DA:18,0
DA:28,0
DA:30,0
DA:32,0
DA:43,0
DA:44,0
DA:45,0
DA:53,0
DA:55,0
DA:56,0
DA:68,0
DA:69,0
DA:70,0
DA:79,0
DA:81,0
DA:82,0
DA:91,0
DA:101,0
DA:103,0
DA:105,0
DA:106,0
DA:107,0
DA:108,0
DA:110,0
DA:111,0
DA:112,0
DA:113,0
DA:116,0
DA:122,0
DA:130,0
DA:131,0
LF:33
LH:0
BRDA:91,0,0,0
BRDA:99,1,0,0
BRDA:100,2,0,0
BRDA:105,3,0,0
BRDA:105,3,1,0
BRDA:106,4,0,0
BRDA:106,4,1,0
BRDA:107,5,0,0
BRDA:107,5,1,0
BRDA:108,6,0,0
BRDA:108,6,1,0
BRDA:110,7,0,0
BRDA:110,7,1,0
BRDA:110,8,0,0
BRDA:110,8,1,0
BRDA:112,9,0,0
BRDA:112,9,1,0
BRDA:113,10,0,0
BRDA:113,10,1,0
BRF:19
BRH:0
end_of_record
TN:
SF:src\services\conflictDetectionService.js
FN:16,(anonymous_0)
FN:44,(anonymous_1)
FN:57,(anonymous_2)
FN:148,(anonymous_3)
FN:159,(anonymous_4)
FN:178,(anonymous_5)
FN:186,(anonymous_6)
FN:208,(anonymous_7)
FN:216,(anonymous_8)
FN:283,(anonymous_9)
FNF:10
FNH:0
FNDA:0,(anonymous_0)
FNDA:0,(anonymous_1)
FNDA:0,(anonymous_2)
FNDA:0,(anonymous_3)
FNDA:0,(anonymous_4)
FNDA:0,(anonymous_5)
FNDA:0,(anonymous_6)
FNDA:0,(anonymous_7)
FNDA:0,(anonymous_8)
FNDA:0,(anonymous_9)
DA:16,0
DA:22,0
DA:24,0
DA:25,0
DA:28,0
DA:29,0
DA:30,0
DA:31,0
DA:32,0
DA:34,0
DA:44,0
DA:45,0
DA:52,0
DA:53,0
DA:57,0
DA:66,0
DA:67,0
DA:68,0
DA:70,0
DA:71,0
DA:78,0
DA:79,0
DA:81,0
DA:86,0
DA:87,0
DA:89,0
DA:90,0
DA:97,0
DA:98,0
DA:100,0
DA:105,0
DA:107,0
DA:108,0
DA:115,0
DA:116,0
DA:118,0
DA:123,0
DA:124,0
DA:125,0
DA:126,0
DA:127,0
DA:128,0
DA:138,0
DA:148,0
DA:149,0
DA:150,0
DA:151,0
DA:152,0
DA:153,0
DA:159,0
DA:160,0
DA:161,0
DA:162,0
DA:163,0
DA:165,0
DA:172,0
DA:173,0
DA:176,0
DA:178,0
DA:179,0
DA:186,0
DA:187,0
DA:188,0
DA:189,0
DA:191,0
DA:192,0
DA:193,0
DA:195,0
DA:202,0
DA:203,0
DA:206,0
DA:208,0
DA:209,0
DA:216,0
DA:217,0
DA:220,0
DA:227,0
DA:228,0
DA:231,0
DA:233,0
DA:234,0
DA:235,0
DA:237,0
DA:238,0
DA:249,0
DA:256,0
DA:257,0
DA:260,0
DA:262,0
DA:263,0
DA:264,0
DA:266,0
DA:267,0
DA:277,0
DA:283,0
DA:285,0
DA:291,0
DA:292,0
DA:293,0
DA:295,0
DA:296,0
DA:300,0
DA:302,0
DA:303,0
DA:313,0
LF:105
LH:0
BRDA:16,0,0,0
BRDA:16,1,0,0
BRDA:18,2,0,0
BRDA:19,3,0,0
BRDA:20,4,0,0
BRDA:21,5,0,0
BRDA:28,6,0,0
BRDA:28,6,1,0
BRDA:46,7,0,0
BRDA:46,7,1,0
BRDA:46,7,2,0
BRDA:46,7,3,0
BRDA:46,7,4,0
BRDA:46,7,5,0
BRDA:52,8,0,0
BRDA:52,8,1,0
BRDA:70,9,0,0
BRDA:70,9,1,0
BRDA:73,10,0,0
BRDA:73,10,1,0
BRDA:78,11,0,0
BRDA:78,11,1,0
BRDA:89,12,0,0
BRDA:89,12,1,0
BRDA:92,13,0,0
BRDA:92,13,1,0
BRDA:97,14,0,0
BRDA:97,14,1,0
BRDA:107,15,0,0
BRDA:107,15,1,0
BRDA:110,16,0,0
BRDA:110,16,1,0
BRDA:115,17,0,0
BRDA:115,17,1,0
BRDA:123,18,0,0
BRDA:123,18,1,0
BRDA:125,19,0,0
BRDA:125,19,1,0
BRDA:127,20,0,0
BRDA:127,20,1,0
BRDA:149,21,0,0
BRDA:149,21,1,0
BRDA:149,22,0,0
BRDA:149,22,1,0
BRDA:152,23,0,0
BRDA:152,23,1,0
BRDA:159,24,0,0
BRDA:172,25,0,0
BRDA:172,25,1,0
BRDA:186,26,0,0
BRDA:202,27,0,0
BRDA:202,27,1,0
BRDA:216,28,0,0
BRDA:227,29,0,0
BRDA:227,29,1,0
BRDA:233,30,0,0
BRDA:233,30,1,0
BRDA:237,31,0,0
BRDA:237,31,1,0
BRDA:256,32,0,0
BRDA:256,32,1,0
BRDA:262,33,0,0
BRDA:262,33,1,0
BRDA:266,34,0,0
BRDA:266,34,1,0
BRDA:291,35,0,0
BRDA:291,35,1,0
BRDA:292,36,0,0
BRDA:292,36,1,0
BRDA:292,37,0,0
BRDA:292,37,1,0
BRDA:295,38,0,0
BRDA:295,38,1,0
BRDA:295,39,0,0
BRDA:295,39,1,0
BRDA:300,40,0,0
BRDA:300,40,1,0
BRDA:302,41,0,0
BRDA:302,41,1,0
BRDA:302,42,0,0
BRDA:302,42,1,0
BRDA:304,43,0,0
BRDA:304,43,1,0
BRF:83
BRH:0
end_of_record
TN:
SF:src\services\notificationService.js
FN:17,(anonymous_0)
FN:39,(anonymous_1)
FN:80,(anonymous_2)
FN:117,(anonymous_3)
FN:149,(anonymous_4)
FN:158,(anonymous_5)
FN:182,(anonymous_6)
FN:200,(anonymous_7)
FN:214,(anonymous_8)
FN:227,(anonymous_9)
FNF:10
FNH:0
FNDA:0,(anonymous_0)
FNDA:0,(anonymous_1)
FNDA:0,(anonymous_2)
FNDA:0,(anonymous_3)
FNDA:0,(anonymous_4)
FNDA:0,(anonymous_5)
FNDA:0,(anonymous_6)
FNDA:0,(anonymous_7)
FNDA:0,(anonymous_8)
FNDA:0,(anonymous_9)
DA:17,0
DA:18,0
DA:19,0
DA:27,0
DA:29,0
DA:30,0
DA:39,0
DA:40,0
DA:42,0
DA:44,0
DA:51,0
DA:59,0
DA:80,0
DA:81,0
DA:83,0
DA:85,0
DA:91,0
DA:92,0
DA:93,0
DA:94,0
DA:95,0
DA:98,0
DA:117,0
DA:118,0
DA:120,0
DA:122,0
DA:128,0
DA:149,0
DA:150,0
DA:158,0
DA:159,0
DA:173,0
DA:182,0
DA:183,0
DA:185,0
DA:186,0
DA:189,0
DA:193,0
DA:200,0
DA:201,0
DA:207,0
DA:214,0
DA:215,0
DA:220,0
DA:227,0
DA:228,0
DA:233,0
LF:47
LH:0
BRDA:17,0,0,0
BRDA:42,1,0,0
BRDA:42,1,1,0
BRDA:63,2,0,0
BRDA:63,2,1,0
BRDA:80,3,0,0
BRDA:83,4,0,0
BRDA:83,4,1,0
BRDA:92,5,0,0
BRDA:92,5,1,0
BRDA:94,6,0,0
BRDA:94,6,1,0
BRDA:102,7,0,0
BRDA:102,7,1,0
BRDA:120,8,0,0
BRDA:120,8,1,0
BRDA:132,9,0,0
BRDA:132,9,1,0
BRDA:182,10,0,0
BRDA:182,11,0,0
BRDA:185,12,0,0
BRDA:185,12,1,0
BRF:22
BRH:0
end_of_record
TN:
SF:src\services\payrollService.js
FN:13,(anonymous_0)
FN:48,(anonymous_1)
FN:56,(anonymous_2)
FN:57,(anonymous_3)
FN:58,(anonymous_4)
FN:59,(anonymous_5)
FN:73,(anonymous_6)
FN:135,(anonymous_7)
FN:200,(anonymous_8)
FN:212,(anonymous_9)
FN:214,(anonymous_10)
FN:215,(anonymous_11)
FN:216,(anonymous_12)
FN:217,(anonymous_13)
FN:218,(anonymous_14)
FN:220,(anonymous_15)
FN:221,(anonymous_16)
FN:223,(anonymous_17)
FN:224,(anonymous_18)
FNF:19
FNH:0
FNDA:0,(anonymous_0)
FNDA:0,(anonymous_1)
FNDA:0,(anonymous_2)
FNDA:0,(anonymous_3)
FNDA:0,(anonymous_4)
FNDA:0,(anonymous_5)
FNDA:0,(anonymous_6)
FNDA:0,(anonymous_7)
FNDA:0,(anonymous_8)
FNDA:0,(anonymous_9)
FNDA:0,(anonymous_10)
FNDA:0,(anonymous_11)
FNDA:0,(anonymous_12)
FNDA:0,(anonymous_13)
FNDA:0,(anonymous_14)
FNDA:0,(anonymous_15)
FNDA:0,(anonymous_16)
FNDA:0,(anonymous_17)
FNDA:0,(anonymous_18)
DA:13,0
DA:14,0
DA:20,0
DA:21,0
DA:23,0
DA:25,0
DA:26,0
DA:28,0
DA:35,0
DA:48,0
DA:49,0
DA:54,0
DA:56,0
DA:57,0
DA:58,0
DA:59,0
DA:73,0
DA:82,0
DA:89,0
DA:97,0
DA:98,0
DA:99,0
DA:102,0
DA:103,0
DA:104,0
DA:105,0
DA:107,0
DA:135,0
DA:142,0
DA:148,0
DA:150,0
DA:152,0
DA:159,0
DA:161,0
DA:165,0
DA:167,0
DA:169,0
DA:173,0
DA:183,0
DA:184,0
DA:187,0
DA:191,0
DA:200,0
DA:201,0
DA:203,0
DA:204,0
DA:205,0
DA:208,0
DA:210,0
DA:212,0
DA:214,0
DA:215,0
DA:216,0
DA:217,0
DA:218,0
DA:220,0
DA:221,0
DA:223,0
DA:224,0
DA:227,0
LF:60
LH:0
BRDA:25,0,0,0
BRDA:25,0,1,0
BRDA:79,1,0,0
BRDA:139,2,0,0
BRDA:159,3,0,0
BRDA:159,3,1,0
BRDA:165,4,0,0
BRDA:165,4,1,0
BRDA:167,5,0,0
BRDA:167,5,1,0
BRDA:179,6,0,0
BRDA:179,6,1,0
BRDA:203,7,0,0
BRDA:203,7,1,0
BRDA:203,8,0,0
BRDA:203,8,1,0
BRF:16
BRH:0
end_of_record
TN:
SF:src\utils\email.js
FN:25,(anonymous_0)
FN:115,(anonymous_1)
FN:210,(anonymous_2)
FN:225,(anonymous_3)
FN:235,(anonymous_4)
FN:350,(anonymous_5)
FN:444,(anonymous_6)
FN:550,(anonymous_7)
FN:684,(anonymous_8)
FNF:9
FNH:4
FNDA:15,(anonymous_0)
FNDA:1,(anonymous_1)
FNDA:0,(anonymous_2)
FNDA:0,(anonymous_3)
FNDA:0,(anonymous_4)
FNDA:5,(anonymous_5)
FNDA:2,(anonymous_6)
FNDA:0,(anonymous_7)
FNDA:0,(anonymous_8)
DA:5,2
DA:25,2
DA:32,15
DA:34,15
DA:77,15
DA:96,15
DA:104,15
DA:115,2
DA:116,1
DA:117,1
DA:119,1
DA:165,1
DA:185,1
DA:193,1
DA:210,2
DA:221,0
DA:223,0
DA:225,0
DA:234,0
DA:235,0
DA:238,0
DA:304,0
DA:329,0
DA:338,0
DA:350,2
DA:351,5
DA:353,5
DA:400,5
DA:424,5
DA:432,5
DA:444,2
DA:445,2
DA:447,2
DA:497,2
DA:523,2
DA:531,2
DA:550,2
DA:563,0
DA:565,0
DA:646,0
DA:672,0
DA:680,0
DA:684,2
DA:685,0
DA:686,0
DA:687,0
DA:688,0
DA:690,0
DA:691,0
LF:49
LH:29
BRDA:269,0,0,0
BRDA:269,0,1,0
BRDA:273,1,0,0
BRDA:273,1,1,0
BRDA:315,2,0,0
BRDA:315,2,1,0
BRDA:315,3,0,0
BRDA:315,3,1,0
BRF:8
BRH:0
end_of_record
TN:
SF:src\utils\helpers.js
FN:7,(anonymous_0)
FN:18,(anonymous_1)
FN:35,(anonymous_2)
FN:51,(anonymous_3)
FN:68,(anonymous_4)
FN:90,(anonymous_5)
FNF:6
FNH:3
FNDA:15,(anonymous_0)
FNDA:0,(anonymous_1)
FNDA:0,(anonymous_2)
FNDA:0,(anonymous_3)
FNDA:45,(anonymous_4)
FNDA:43,(anonymous_5)
DA:7,2
DA:8,15
DA:18,2
DA:19,0
DA:20,0
DA:21,0
DA:22,0
DA:23,0
DA:25,0
DA:35,2
DA:36,0
DA:37,0
DA:38,0
DA:39,0
DA:40,0
DA:42,0
DA:51,2
DA:53,0
DA:54,0
DA:58,0
DA:68,2
DA:69,45
DA:77,45
DA:78,0
DA:81,45
DA:90,2
DA:91,43
DA:96,43
DA:97,38
DA:100,43
LF:30
LH:14
BRDA:53,0,0,0
BRDA:53,0,1,0
BRDA:58,1,0,0
BRDA:58,1,1,0
BRDA:68,2,0,45
BRDA:77,3,0,0
BRDA:77,3,1,45
BRDA:90,4,0,5
BRDA:96,5,0,38
BRDA:96,5,1,5
BRF:10
BRH:5
end_of_record
TN:
SF:src\utils\jwt.js
FN:9,(anonymous_0)
FN:20,(anonymous_1)
FN:31,(anonymous_2)
FN:44,(anonymous_3)
FN:57,(anonymous_4)
FNF:5
FNH:5
FNDA:7,(anonymous_0)
FNDA:7,(anonymous_1)
FNDA:55,(anonymous_2)
FNDA:3,(anonymous_3)
FNDA:7,(anonymous_4)
DA:9,2
DA:10,7
DA:20,2
DA:21,7
DA:31,2
DA:32,55
DA:33,55
DA:35,0
DA:44,2
DA:45,3
DA:46,3
DA:48,2
DA:57,2
DA:58,7
DA:65,7
LF:15
LH:14
BRF:0
BRH:0
end_of_record
TN:
SF:src\utils\shiftValidation.js
FN:9,(anonymous_0)
FN:31,(anonymous_1)
FN:48,(anonymous_2)
FN:60,(anonymous_3)
FN:115,(anonymous_4)
FN:124,(anonymous_5)
FN:143,(anonymous_6)
FN:146,(anonymous_7)
FN:149,(anonymous_8)
FN:157,(anonymous_9)
FN:200,(anonymous_10)
FNF:11
FNH:0
FNDA:0,(anonymous_0)
FNDA:0,(anonymous_1)
FNDA:0,(anonymous_2)
FNDA:0,(anonymous_3)
FNDA:0,(anonymous_4)
FNDA:0,(anonymous_5)
FNDA:0,(anonymous_6)
FNDA:0,(anonymous_7)
FNDA:0,(anonymous_8)
FNDA:0,(anonymous_9)
FNDA:0,(anonymous_10)
DA:9,0
DA:10,0
DA:11,0
DA:13,0
DA:14,0
DA:18,0
DA:20,0
DA:31,0
DA:32,0
DA:33,0
DA:35,0
DA:38,0
DA:39,0
DA:47,0
DA:48,0
DA:49,0
DA:50,0
DA:60,0
DA:61,0
DA:62,0
DA:64,0
DA:65,0
DA:68,0
DA:69,0
DA:73,0
DA:74,0
DA:75,0
DA:77,0
DA:78,0
DA:84,0
DA:85,0
DA:86,0
DA:87,0
DA:89,0
DA:90,0
DA:91,0
DA:92,0
DA:94,0
DA:95,0
DA:96,0
DA:97,0
DA:100,0
DA:101,0
DA:106,0
DA:115,0
DA:116,0
DA:117,0
DA:120,0
DA:121,0
DA:124,0
DA:126,0
DA:127,0
DA:131,0
DA:132,0
DA:133,0
DA:136,0
DA:143,0
DA:144,0
DA:146,0
DA:147,0
DA:149,0
DA:151,0
DA:152,0
DA:156,0
DA:157,0
DA:160,0
DA:163,0
DA:164,0
DA:166,0
DA:169,0
DA:170,0
DA:171,0
DA:172,0
DA:174,0
DA:175,0
DA:176,0
DA:177,0
DA:180,0
DA:182,0
DA:191,0
DA:200,0
DA:201,0
DA:202,0
DA:204,0
DA:205,0
DA:207,0
LF:86
LH:0
BRDA:38,0,0,0
BRDA:38,0,1,0
BRDA:38,1,0,0
BRDA:38,1,1,0
BRDA:47,2,0,0
BRDA:47,2,1,0
BRDA:47,3,0,0
BRDA:47,3,1,0
BRDA:49,4,0,0
BRDA:49,4,1,0
BRDA:49,5,0,0
BRDA:49,5,1,0
BRDA:51,6,0,0
BRDA:51,6,1,0
BRDA:68,7,0,0
BRDA:68,7,1,0
BRDA:73,8,0,0
BRDA:73,8,1,0
BRDA:74,9,0,0
BRDA:74,9,1,0
BRDA:74,10,0,0
BRDA:74,10,1,0
BRDA:77,11,0,0
BRDA:77,11,1,0
BRDA:77,12,0,0
BRDA:77,12,1,0
BRDA:100,13,0,0
BRDA:100,13,1,0
BRDA:100,14,0,0
BRDA:100,14,1,0
BRDA:100,14,2,0
BRDA:100,14,3,0
BRDA:116,15,0,0
BRDA:116,15,1,0
BRDA:120,16,0,0
BRDA:120,16,1,0
BRDA:124,17,0,0
BRDA:124,17,1,0
BRDA:124,17,2,0
BRDA:126,18,0,0
BRDA:126,18,1,0
BRDA:132,19,0,0
BRDA:132,19,1,0
BRDA:151,20,0,0
BRDA:151,20,1,0
BRDA:151,21,0,0
BRDA:151,21,1,0
BRDA:160,22,0,0
BRDA:160,22,1,0
BRDA:166,23,0,0
BRDA:166,23,1,0
BRDA:180,24,0,0
BRDA:180,24,1,0
BRDA:180,25,0,0
BRDA:180,25,1,0
BRDA:180,25,2,0
BRDA:180,25,3,0
BRF:57
BRH:0
end_of_record
